<!DOCTYPE html PUBLIC "-//W3C//DTD XHTML 1.1//EN" "http://www.w3.org/TR/xhtml11/DTD/xhtml11.dtd">
<html xmlns="http://www.w3.org/1999/xhtml"><head><title>TestNG Report</title><style type="text/css">table {margin-bottom:10px;border-collapse:collapse;empty-cells:show}th,td {border:1px solid #009;padding:.25em .5em}th {vertical-align:bottom}td {vertical-align:top}table a {font-weight:bold}.stripe td {background-color: #E6EBF9}.num {text-align:right}.passedodd td {background-color: #3F3}.passedeven td {background-color: #0A0}.skippedodd td {background-color: #DDD}.skippedeven td {background-color: #CCC}.failedodd td,.attn {background-color: #F33}.failedeven td,.stripe .attn {background-color: #D00}.stacktrace {white-space:pre;font-family:monospace}.totop {font-size:85%;text-align:center;border-bottom:2px solid #000}</style></head><body><table><tr><th>Test</th><th># Passed</th><th># Skipped</th><th># Failed</th><th>Time (ms)</th><th>Included Groups</th><th>Excluded Groups</th></tr><tr><th colspan="7">Default suite</th></tr><tr><td><a href="#t0">Default test</a></td><td class="num">0</td><td class="num attn">76</td><td class="num attn">3</td><td class="num">8Â 223</td><td></td><td></td></tr></table><table><thead><tr><th>Class</th><th>Method</th><th>Start</th><th>Time (ms)</th></tr></thead><tbody><tr><th colspan="4">Default suite</th></tr></tbody><tbody id="t0"><tr><th colspan="4">Default test &#8212; failed (configuration methods)</th></tr><tr class="failedeven"><td rowspan="1">de.latlon.ets.wms13.core.dgiwg.testsuite.getmap.GetMapInImageExceptionsTest</td><td><a href="#m0">buildGetMapRequest</a></td><td rowspan="1">1622101251443</td><td rowspan="1">0</td></tr><tr><th colspan="4">Default test &#8212; failed</th></tr><tr class="failedeven"><td rowspan="1">de.latlon.ets.wms13.core.dgiwg.testsuite.Prerequisites</td><td><a href="#m1">verifyServiceDescription</a></td><td rowspan="1">1622101254456</td><td rowspan="1">1</td></tr><tr class="failedodd"><td rowspan="1">de.latlon.ets.wms13.core.dgiwg.testsuite.QueryableWMS</td><td><a href="#m2">invokeBaseTestSuite</a></td><td rowspan="1">1622101251124</td><td rowspan="1">168</td></tr><tr class="failedeven"><td rowspan="1">de.latlon.ets.wms13.core.dgiwg.testsuite.getcapabilities.GetCapabilitiesAbstractTest</td><td><a href="#m3">wmsCapabilitiesAbstractContainsProfile</a></td><td rowspan="1">1622101250048</td><td rowspan="1">154</td></tr><tr><th colspan="4">Default test &#8212; skipped (configuration methods)</th></tr><tr class="skippedeven"><td rowspan="4">de.latlon.ets.wms13.core.dgiwg.testsuite.DuplicatedParametersException</td><td><a href="#m4">addAttributesOnTestFailure</a></td><td rowspan="1">1622101257232</td><td rowspan="1">0</td></tr><tr class="skippedeven"><td><a href="#m5">addAttributesOnTestSuccess</a></td><td rowspan="1">1622101257232</td><td rowspan="1">0</td></tr><tr class="skippedeven"><td><a href="#m6">buildGetCapabilitiesRequest</a></td><td rowspan="1">1622101257228</td><td rowspan="1">0</td></tr><tr class="skippedeven"><td><a href="#m7">initParser</a></td><td rowspan="1">1622101257227</td><td rowspan="1">0</td></tr><tr class="skippedodd"><td rowspan="16">de.latlon.ets.wms13.core.dgiwg.testsuite.getcapabilities.ConfiguredOutputFormatTest</td><td><a href="#m8">addAttributesOnTestFailure</a></td><td rowspan="7">1622101255334</td><td rowspan="7">0</td></tr><tr class="skippedodd"><td><a href="#m9">addAttributesOnTestFailure</a></td></tr><tr class="skippedodd"><td><a href="#m10">addAttributesOnTestFailure</a></td></tr><tr class="skippedodd"><td><a href="#m11">addAttributesOnTestFailure</a></td></tr><tr class="skippedodd"><td><a href="#m12">addAttributesOnTestFailure</a></td></tr><tr class="skippedodd"><td><a href="#m13">addAttributesOnTestFailure</a></td></tr><tr class="skippedodd"><td><a href="#m14">addAttributesOnTestFailure</a></td></tr><tr class="skippedodd"><td><a href="#m15">addAttributesOnTestSuccess</a></td><td rowspan="7">1622101255335</td><td rowspan="7">0</td></tr><tr class="skippedodd"><td><a href="#m16">addAttributesOnTestSuccess</a></td></tr><tr class="skippedodd"><td><a href="#m17">addAttributesOnTestSuccess</a></td></tr><tr class="skippedodd"><td><a href="#m18">addAttributesOnTestSuccess</a></td></tr><tr class="skippedodd"><td><a href="#m19">addAttributesOnTestSuccess</a></td></tr><tr class="skippedodd"><td><a href="#m20">addAttributesOnTestSuccess</a></td></tr><tr class="skippedodd"><td><a href="#m21">addAttributesOnTestSuccess</a></td></tr><tr class="skippedodd"><td><a href="#m22">buildGetCapabilitiesRequest</a></td><td rowspan="1">1622101255294</td><td rowspan="1">0</td></tr><tr class="skippedodd"><td><a href="#m23">initParser</a></td><td rowspan="1">1622101255293</td><td rowspan="1">0</td></tr><tr class="skippedeven"><td rowspan="2">de.latlon.ets.wms13.core.dgiwg.testsuite.getcapabilities.GetCapabilitiesAcceptFormatsTest</td><td><a href="#m24">buildGetCapabilitiesRequest</a></td><td rowspan="1">1622101254277</td><td rowspan="1">0</td></tr><tr class="skippedeven"><td><a href="#m25">initParser</a></td><td rowspan="1">1622101254276</td><td rowspan="1">0</td></tr><tr class="skippedodd"><td rowspan="2">de.latlon.ets.wms13.core.dgiwg.testsuite.getcapabilities.GetCapabilitiesAcceptLanguagesTest</td><td><a href="#m26">buildGetCapabilitiesRequest</a></td><td rowspan="1">1622101255551</td><td rowspan="1">0</td></tr><tr class="skippedodd"><td><a href="#m27">initParser</a></td><td rowspan="1">1622101255550</td><td rowspan="1">0</td></tr><tr class="skippedeven"><td rowspan="4">de.latlon.ets.wms13.core.dgiwg.testsuite.getcapabilities.GetCapabilitiesAccessConstraintTest</td><td><a href="#m28">addAttributesOnTestFailure</a></td><td rowspan="1">1622101255086</td><td rowspan="1">0</td></tr><tr class="skippedeven"><td><a href="#m29">addAttributesOnTestSuccess</a></td><td rowspan="1">1622101255088</td><td rowspan="1">0</td></tr><tr class="skippedeven"><td><a href="#m30">buildGetCapabilitiesRequest</a></td><td rowspan="1">1622101255083</td><td rowspan="1">0</td></tr><tr class="skippedeven"><td><a href="#m31">initParser</a></td><td rowspan="1">1622101255082</td><td rowspan="1">0</td></tr><tr class="skippedodd"><td rowspan="20">de.latlon.ets.wms13.core.dgiwg.testsuite.getcapabilities.GetCapabilitiesContentTest</td><td><a href="#m32">addAttributesOnTestFailure</a></td><td rowspan="9">1622101253791</td><td rowspan="9">0</td></tr><tr class="skippedodd"><td><a href="#m33">addAttributesOnTestFailure</a></td></tr><tr class="skippedodd"><td><a href="#m34">addAttributesOnTestFailure</a></td></tr><tr class="skippedodd"><td><a href="#m35">addAttributesOnTestFailure</a></td></tr><tr class="skippedodd"><td><a href="#m36">addAttributesOnTestFailure</a></td></tr><tr class="skippedodd"><td><a href="#m37">addAttributesOnTestFailure</a></td></tr><tr class="skippedodd"><td><a href="#m38">addAttributesOnTestFailure</a></td></tr><tr class="skippedodd"><td><a href="#m39">addAttributesOnTestFailure</a></td></tr><tr class="skippedodd"><td><a href="#m40">addAttributesOnTestFailure</a></td></tr><tr class="skippedodd"><td><a href="#m41">addAttributesOnTestSuccess</a></td><td rowspan="9">1622101253650</td><td rowspan="9">0</td></tr><tr class="skippedodd"><td><a href="#m42">addAttributesOnTestSuccess</a></td></tr><tr class="skippedodd"><td><a href="#m43">addAttributesOnTestSuccess</a></td></tr><tr class="skippedodd"><td><a href="#m44">addAttributesOnTestSuccess</a></td></tr><tr class="skippedodd"><td><a href="#m45">addAttributesOnTestSuccess</a></td></tr><tr class="skippedodd"><td><a href="#m46">addAttributesOnTestSuccess</a></td></tr><tr class="skippedodd"><td><a href="#m47">addAttributesOnTestSuccess</a></td></tr><tr class="skippedodd"><td><a href="#m48">addAttributesOnTestSuccess</a></td></tr><tr class="skippedodd"><td><a href="#m49">addAttributesOnTestSuccess</a></td></tr><tr class="skippedodd"><td><a href="#m50">buildGetCapabilitiesRequest</a></td><td rowspan="1">1622101253627</td><td rowspan="1">0</td></tr><tr class="skippedodd"><td><a href="#m51">initParser</a></td><td rowspan="1">1622101253625</td><td rowspan="1">0</td></tr><tr class="skippedeven"><td rowspan="2">de.latlon.ets.wms13.core.dgiwg.testsuite.getcapabilities.GetCapabilitiesDataUrlTest</td><td><a href="#m52">buildGetCapabilitiesRequest</a></td><td rowspan="1">1622101255175</td><td rowspan="1">0</td></tr><tr class="skippedeven"><td><a href="#m53">initParser</a></td><td rowspan="1">1622101255174</td><td rowspan="1">0</td></tr><tr class="skippedodd"><td rowspan="2">de.latlon.ets.wms13.core.dgiwg.testsuite.getcapabilities.GetCapabilitiesFeatureListUrlTest</td><td><a href="#m54">buildGetCapabilitiesRequest</a></td><td rowspan="1">1622101256281</td><td rowspan="1">0</td></tr><tr class="skippedodd"><td><a href="#m55">initParser</a></td><td rowspan="1">1622101256280</td><td rowspan="1">0</td></tr><tr class="skippedeven"><td rowspan="4">de.latlon.ets.wms13.core.dgiwg.testsuite.getcapabilities.GetCapabilitiesKeywordTest</td><td><a href="#m56">addAttributesOnTestFailure</a></td><td rowspan="1">1622101254634</td><td rowspan="1">0</td></tr><tr class="skippedeven"><td><a href="#m57">addAttributesOnTestSuccess</a></td><td rowspan="1">1622101254637</td><td rowspan="1">0</td></tr><tr class="skippedeven"><td><a href="#m58">buildGetCapabilitiesRequest</a></td><td rowspan="1">1622101254626</td><td rowspan="1">0</td></tr><tr class="skippedeven"><td><a href="#m59">initParser</a></td><td rowspan="1">1622101254624</td><td rowspan="1">0</td></tr><tr class="skippedodd"><td rowspan="2">de.latlon.ets.wms13.core.dgiwg.testsuite.getcapabilities.GetCapabilitiesLayerAttributesTest</td><td><a href="#m60">buildGetCapabilitiesRequest</a></td><td rowspan="1">1622101252316</td><td rowspan="1">0</td></tr><tr class="skippedodd"><td><a href="#m61">initParser</a></td><td rowspan="1">1622101252314</td><td rowspan="1">0</td></tr><tr class="skippedeven"><td rowspan="2">de.latlon.ets.wms13.core.dgiwg.testsuite.getcapabilities.GetCapabilitiesLayerCrsTest</td><td><a href="#m62">buildGetCapabilitiesRequest</a></td><td rowspan="1">1622101255640</td><td rowspan="1">0</td></tr><tr class="skippedeven"><td><a href="#m63">initParser</a></td><td rowspan="1">1622101255638</td><td rowspan="1">0</td></tr><tr class="skippedodd"><td rowspan="2">de.latlon.ets.wms13.core.dgiwg.testsuite.getcapabilities.GetCapabilitiesLayerScaleDenominatorsTest</td><td><a href="#m64">buildGetCapabilitiesRequest</a></td><td rowspan="1">1622101252522</td><td rowspan="1">0</td></tr><tr class="skippedodd"><td><a href="#m65">initParser</a></td><td rowspan="1">1622101252520</td><td rowspan="1">0</td></tr><tr class="skippedeven"><td rowspan="2">de.latlon.ets.wms13.core.dgiwg.testsuite.getcapabilities.GetCapabilitiesLayerStyleTest</td><td><a href="#m66">buildGetCapabilitiesRequest</a></td><td rowspan="1">1622101254807</td><td rowspan="1">0</td></tr><tr class="skippedeven"><td><a href="#m67">initParser</a></td><td rowspan="1">1622101254805</td><td rowspan="1">0</td></tr><tr class="skippedodd"><td rowspan="2">de.latlon.ets.wms13.core.dgiwg.testsuite.getcapabilities.GetCapabilitiesLegendFormatTest</td><td><a href="#m68">buildGetCapabilitiesRequest</a></td><td rowspan="1">1622101253185</td><td rowspan="1">0</td></tr><tr class="skippedodd"><td><a href="#m69">initParser</a></td><td rowspan="1">1622101253167</td><td rowspan="1">0</td></tr><tr class="skippedeven"><td rowspan="2">de.latlon.ets.wms13.core.dgiwg.testsuite.getcapabilities.GetCapabilitiesLegendUrlTest</td><td><a href="#m70">buildGetCapabilitiesRequest</a></td><td rowspan="1">1622101257063</td><td rowspan="1">0</td></tr><tr class="skippedeven"><td><a href="#m71">initParser</a></td><td rowspan="1">1622101257062</td><td rowspan="1">0</td></tr><tr class="skippedodd"><td rowspan="6">de.latlon.ets.wms13.core.dgiwg.testsuite.getcapabilities.GetCapabilitiesMaxExtendTest</td><td><a href="#m72">addAttributesOnTestFailure</a></td><td rowspan="2">1622101257308</td><td rowspan="2">0</td></tr><tr class="skippedodd"><td><a href="#m73">addAttributesOnTestFailure</a></td></tr><tr class="skippedodd"><td><a href="#m74">addAttributesOnTestSuccess</a></td><td rowspan="2">1622101257309</td><td rowspan="2">0</td></tr><tr class="skippedodd"><td><a href="#m75">addAttributesOnTestSuccess</a></td></tr><tr class="skippedodd"><td><a href="#m76">buildGetCapabilitiesRequest</a></td><td rowspan="1">1622101257305</td><td rowspan="1">0</td></tr><tr class="skippedodd"><td><a href="#m77">initParser</a></td><td rowspan="1">1622101257304</td><td rowspan="1">0</td></tr><tr class="skippedeven"><td rowspan="2">de.latlon.ets.wms13.core.dgiwg.testsuite.getcapabilities.GetCapabilitiesMinMaxScaleDenominatorsTest</td><td><a href="#m78">buildGetCapabilitiesRequest</a></td><td rowspan="1">1622101256564</td><td rowspan="1">0</td></tr><tr class="skippedeven"><td><a href="#m79">initParser</a></td><td rowspan="1">1622101256563</td><td rowspan="1">0</td></tr><tr class="skippedodd"><td rowspan="8">de.latlon.ets.wms13.core.dgiwg.testsuite.getcapabilities.GetCapabilitiesOutputFormatTest</td><td><a href="#m80">addAttributesOnTestFailure</a></td><td rowspan="2">1622101254088</td><td rowspan="2">0</td></tr><tr class="skippedodd"><td><a href="#m81">addAttributesOnTestFailure</a></td></tr><tr class="skippedodd"><td><a href="#m82">addAttributesOnTestSuccess</a></td><td rowspan="2">1622101254056</td><td rowspan="2">0</td></tr><tr class="skippedodd"><td><a href="#m83">addAttributesOnTestSuccess</a></td></tr><tr class="skippedodd"><td><a href="#m84">buildGetCapabilitiesRequest</a></td><td rowspan="1">1622101254043</td><td rowspan="1">0</td></tr><tr class="skippedodd"><td><a href="#m85">clearRequest</a></td><td rowspan="2">1622101254059</td><td rowspan="2">0</td></tr><tr class="skippedodd"><td><a href="#m86">clearRequest</a></td></tr><tr class="skippedodd"><td><a href="#m87">initParser</a></td><td rowspan="1">1622101254035</td><td rowspan="1">0</td></tr><tr class="skippedeven"><td rowspan="5">de.latlon.ets.wms13.core.dgiwg.testsuite.getcapabilities.GetCapabilitiesRequestParameterTest</td><td><a href="#m88">addAttributesOnTestFailure</a></td><td rowspan="1">1622101254543</td><td rowspan="1">0</td></tr><tr class="skippedeven"><td><a href="#m89">addAttributesOnTestSuccess</a></td><td rowspan="1">1622101254544</td><td rowspan="1">0</td></tr><tr class="skippedeven"><td><a href="#m90">buildGetCapabilitiesRequest</a></td><td rowspan="1">1622101254537</td><td rowspan="1">0</td></tr><tr class="skippedeven"><td><a href="#m91">clearRequest</a></td><td rowspan="1">1622101254539</td><td rowspan="1">0</td></tr><tr class="skippedeven"><td><a href="#m92">initParser</a></td><td rowspan="1">1622101254536</td><td rowspan="1">0</td></tr><tr class="skippedodd"><td rowspan="2">de.latlon.ets.wms13.core.dgiwg.testsuite.getcapabilities.GetCapabilitiesStyleTest</td><td><a href="#m93">buildGetCapabilitiesRequest</a></td><td rowspan="1">1622101256860</td><td rowspan="1">0</td></tr><tr class="skippedodd"><td><a href="#m94">initParser</a></td><td rowspan="1">1622101256859</td><td rowspan="1">0</td></tr><tr class="skippedeven"><td rowspan="6">de.latlon.ets.wms13.core.dgiwg.testsuite.getfeatureinfo.GetFeatureInfoExceptionsTest</td><td><a href="#m95">addAttributesOnTestFailure</a></td><td rowspan="2">1622101256447</td><td rowspan="2">0</td></tr><tr class="skippedeven"><td><a href="#m96">addAttributesOnTestFailure</a></td></tr><tr class="skippedeven"><td><a href="#m97">addAttributesOnTestSuccess</a></td><td rowspan="2">1622101256452</td><td rowspan="2">0</td></tr><tr class="skippedeven"><td><a href="#m98">addAttributesOnTestSuccess</a></td></tr><tr class="skippedeven"><td><a href="#m99">buildGetMapRequest</a></td><td rowspan="1">1622101256444</td><td rowspan="1">0</td></tr><tr class="skippedeven"><td><a href="#m100">initParser</a></td><td rowspan="1">1622101256442</td><td rowspan="1">0</td></tr><tr class="skippedodd"><td rowspan="6">de.latlon.ets.wms13.core.dgiwg.testsuite.getfeatureinfo.GetFeatureInfoFeatureCountTest</td><td><a href="#m101">addAttributesOnTestFailure</a></td><td rowspan="2">1622101254453</td><td rowspan="2">0</td></tr><tr class="skippedodd"><td><a href="#m102">addAttributesOnTestFailure</a></td></tr><tr class="skippedodd"><td><a href="#m103">addAttributesOnTestSuccess</a></td><td rowspan="2">1622101254454</td><td rowspan="2">0</td></tr><tr class="skippedodd"><td><a href="#m104">addAttributesOnTestSuccess</a></td></tr><tr class="skippedodd"><td><a href="#m105">buildGetMapRequest</a></td><td rowspan="1">1622101254445</td><td rowspan="1">0</td></tr><tr class="skippedodd"><td><a href="#m106">initParser</a></td><td rowspan="1">1622101254444</td><td rowspan="1">0</td></tr><tr class="skippedeven"><td rowspan="2">de.latlon.ets.wms13.core.dgiwg.testsuite.getfeatureinfo.GetFeatureInfoInfoFormatTest</td><td><a href="#m107">buildGetMapRequest</a></td><td rowspan="1">1622101251589</td><td rowspan="1">0</td></tr><tr class="skippedeven"><td><a href="#m108">initParser</a></td><td rowspan="1">1622101251587</td><td rowspan="1">0</td></tr><tr class="skippedodd"><td rowspan="8">de.latlon.ets.wms13.core.dgiwg.testsuite.getfeatureinfo.GetFeatureInfoOutputFormatTest</td><td><a href="#m109">addAttributesOnTestFailure</a></td><td rowspan="2">1622101256978</td><td rowspan="2">0</td></tr><tr class="skippedodd"><td><a href="#m110">addAttributesOnTestFailure</a></td></tr><tr class="skippedodd"><td><a href="#m111">addAttributesOnTestSuccess</a></td><td rowspan="2">1622101256987</td><td rowspan="2">0</td></tr><tr class="skippedodd"><td><a href="#m112">addAttributesOnTestSuccess</a></td></tr><tr class="skippedodd"><td><a href="#m113">buildGetMapRequest</a></td><td rowspan="1">1622101256973</td><td rowspan="1">0</td></tr><tr class="skippedodd"><td><a href="#m114">clearRequest</a></td><td rowspan="2">1622101256975</td><td rowspan="2">0</td></tr><tr class="skippedodd"><td><a href="#m115">clearRequest</a></td></tr><tr class="skippedodd"><td><a href="#m116">initParser</a></td><td rowspan="1">1622101256972</td><td rowspan="1">0</td></tr><tr class="skippedeven"><td rowspan="2">de.latlon.ets.wms13.core.dgiwg.testsuite.getfeatureinfo.GetFeatureInfoUomTest</td><td><a href="#m117">buildGetMapRequest</a></td><td rowspan="1">1622101252001</td><td rowspan="1">0</td></tr><tr class="skippedeven"><td><a href="#m118">initParser</a></td><td rowspan="1">1622101251997</td><td rowspan="1">0</td></tr><tr class="skippedodd"><td rowspan="9">de.latlon.ets.wms13.core.dgiwg.testsuite.getmap.GetMapBlankExceptionsTest</td><td><a href="#m119">addAttributesOnTestFailure</a></td><td rowspan="2">1622101256766</td><td rowspan="2">0</td></tr><tr class="skippedodd"><td><a href="#m120">addAttributesOnTestFailure</a></td></tr><tr class="skippedodd"><td><a href="#m121">addAttributesOnTestSuccess</a></td><td rowspan="2">1622101256760</td><td rowspan="2">0</td></tr><tr class="skippedodd"><td><a href="#m122">addAttributesOnTestSuccess</a></td></tr><tr class="skippedodd"><td><a href="#m123">buildGetMapRequest</a></td><td rowspan="1">1622101256754</td><td rowspan="1">0</td></tr><tr class="skippedodd"><td><a href="#m124">clearRequest</a></td><td rowspan="2">1622101256756</td><td rowspan="2">0</td></tr><tr class="skippedodd"><td><a href="#m125">clearRequest</a></td></tr><tr class="skippedodd"><td><a href="#m126">initParser</a></td><td rowspan="1">1622101256752</td><td rowspan="1">0</td></tr><tr class="skippedodd"><td><a href="#m127">setResultDirectory</a></td><td rowspan="1">1622101256755</td><td rowspan="1">0</td></tr><tr class="skippedeven"><td rowspan="6">de.latlon.ets.wms13.core.dgiwg.testsuite.getmap.GetMapDimensionsTest</td><td><a href="#m128">addAttributesOnTestFailure</a></td><td rowspan="1">1622101254369</td><td rowspan="1">0</td></tr><tr class="skippedeven"><td><a href="#m129">addAttributesOnTestSuccess</a></td><td rowspan="1">1622101254370</td><td rowspan="1">0</td></tr><tr class="skippedeven"><td><a href="#m130">buildGetMapRequest</a></td><td rowspan="1">1622101254361</td><td rowspan="1">0</td></tr><tr class="skippedeven"><td><a href="#m131">clearRequest</a></td><td rowspan="1">1622101254365</td><td rowspan="1">0</td></tr><tr class="skippedeven"><td><a href="#m132">initParser</a></td><td rowspan="1">1622101254359</td><td rowspan="1">0</td></tr><tr class="skippedeven"><td><a href="#m133">setResultDirectory</a></td><td rowspan="1">1622101254362</td><td rowspan="1">0</td></tr><tr class="skippedodd"><td rowspan="4">de.latlon.ets.wms13.core.dgiwg.testsuite.getmap.GetMapInImageExceptionsTest</td><td><a href="#m134">addAttributesOnTestFailure</a></td><td rowspan="1">1622101251457</td><td rowspan="1">0</td></tr><tr class="skippedodd"><td><a href="#m135">addAttributesOnTestSuccess</a></td><td rowspan="1">1622101251459</td><td rowspan="1">0</td></tr><tr class="skippedodd"><td><a href="#m136">clearRequest</a></td><td rowspan="1">1622101251451</td><td rowspan="1">0</td></tr><tr class="skippedodd"><td><a href="#m137">setResultDirectory</a></td><td rowspan="1">1622101251448</td><td rowspan="1">0</td></tr><tr class="skippedeven"><td rowspan="3">de.latlon.ets.wms13.core.dgiwg.testsuite.getmap.GetMapLayerCrsTest</td><td><a href="#m138">buildGetMapRequest</a></td><td rowspan="1">1622101255451</td><td rowspan="1">0</td></tr><tr class="skippedeven"><td><a href="#m139">initParser</a></td><td rowspan="1">1622101255449</td><td rowspan="1">0</td></tr><tr class="skippedeven"><td><a href="#m140">setResultDirectory</a></td><td rowspan="1">1622101255452</td><td rowspan="1">0</td></tr><tr class="skippedodd"><td rowspan="9">de.latlon.ets.wms13.core.dgiwg.testsuite.getmap.GetMapMultiDimensionalDataTest</td><td><a href="#m141">addAttributesOnTestFailure</a></td><td rowspan="2">1622101252872</td><td rowspan="2">0</td></tr><tr class="skippedodd"><td><a href="#m142">addAttributesOnTestFailure</a></td></tr><tr class="skippedodd"><td><a href="#m143">addAttributesOnTestSuccess</a></td><td rowspan="2">1622101252874</td><td rowspan="2">0</td></tr><tr class="skippedodd"><td><a href="#m144">addAttributesOnTestSuccess</a></td></tr><tr class="skippedodd"><td><a href="#m145">buildGetMapRequest</a></td><td rowspan="1">1622101252856</td><td rowspan="1">0</td></tr><tr class="skippedodd"><td><a href="#m146">clearRequest</a></td><td rowspan="2">1622101252867</td><td rowspan="2">0</td></tr><tr class="skippedodd"><td><a href="#m147">clearRequest</a></td></tr><tr class="skippedodd"><td><a href="#m148">initParser</a></td><td rowspan="1">1622101252854</td><td rowspan="1">0</td></tr><tr class="skippedodd"><td><a href="#m149">setResultDirectory</a></td><td rowspan="1">1622101252857</td><td rowspan="1">0</td></tr><tr class="skippedeven"><td rowspan="12">de.latlon.ets.wms13.core.dgiwg.testsuite.getmap.GetMapOutputFormatTest</td><td><a href="#m150">addAttributesOnTestFailure</a></td><td rowspan="3">1622101251743</td><td rowspan="3">0</td></tr><tr class="skippedeven"><td><a href="#m151">addAttributesOnTestFailure</a></td></tr><tr class="skippedeven"><td><a href="#m152">addAttributesOnTestFailure</a></td></tr><tr class="skippedeven"><td><a href="#m153">addAttributesOnTestSuccess</a></td><td rowspan="3">1622101251757</td><td rowspan="3">0</td></tr><tr class="skippedeven"><td><a href="#m154">addAttributesOnTestSuccess</a></td></tr><tr class="skippedeven"><td><a href="#m155">addAttributesOnTestSuccess</a></td></tr><tr class="skippedeven"><td><a href="#m156">buildGetMapRequest</a></td><td rowspan="1">1622101251729</td><td rowspan="1">0</td></tr><tr class="skippedeven"><td><a href="#m157">clearRequest</a></td><td rowspan="3">1622101251749</td><td rowspan="3">0</td></tr><tr class="skippedeven"><td><a href="#m158">clearRequest</a></td></tr><tr class="skippedeven"><td><a href="#m159">clearRequest</a></td></tr><tr class="skippedeven"><td><a href="#m160">initParser</a></td><td rowspan="1">1622101251724</td><td rowspan="1">0</td></tr><tr class="skippedeven"><td><a href="#m161">setResultDirectory</a></td><td rowspan="1">1622101251732</td><td rowspan="1">0</td></tr><tr class="skippedodd"><td rowspan="6">de.latlon.ets.wms13.core.dgiwg.testsuite.getmap.GetMapRequestParametersTest</td><td><a href="#m162">addAttributesOnTestFailure</a></td><td rowspan="1">1622101253027</td><td rowspan="1">0</td></tr><tr class="skippedodd"><td><a href="#m163">addAttributesOnTestSuccess</a></td><td rowspan="1">1622101253028</td><td rowspan="1">0</td></tr><tr class="skippedodd"><td><a href="#m164">buildGetMapRequest</a></td><td rowspan="1">1622101253016</td><td rowspan="1">0</td></tr><tr class="skippedodd"><td><a href="#m165">clearRequest</a></td><td rowspan="1">1622101253021</td><td rowspan="1">0</td></tr><tr class="skippedodd"><td><a href="#m166">initParser</a></td><td rowspan="1">1622101253012</td><td rowspan="1">0</td></tr><tr class="skippedodd"><td><a href="#m167">setResultDirectory</a></td><td rowspan="1">1622101253018</td><td rowspan="1">0</td></tr><tr class="skippedeven"><td rowspan="9">de.latlon.ets.wms13.core.dgiwg.testsuite.getmap.GetMapTransparencyTest</td><td><a href="#m168">addAttributesOnTestFailure</a></td><td rowspan="2">1622101252753</td><td rowspan="2">0</td></tr><tr class="skippedeven"><td><a href="#m169">addAttributesOnTestFailure</a></td></tr><tr class="skippedeven"><td><a href="#m170">addAttributesOnTestSuccess</a></td><td rowspan="2">1622101252745</td><td rowspan="2">0</td></tr><tr class="skippedeven"><td><a href="#m171">addAttributesOnTestSuccess</a></td></tr><tr class="skippedeven"><td><a href="#m172">buildGetMapRequest</a></td><td rowspan="1">1622101252732</td><td rowspan="1">0</td></tr><tr class="skippedeven"><td><a href="#m173">clearRequest</a></td><td rowspan="2">1622101252736</td><td rowspan="2">0</td></tr><tr class="skippedeven"><td><a href="#m174">clearRequest</a></td></tr><tr class="skippedeven"><td><a href="#m175">initParser</a></td><td rowspan="1">1622101252730</td><td rowspan="1">0</td></tr><tr class="skippedeven"><td><a href="#m176">setResultDirectory</a></td><td rowspan="1">1622101252733</td><td rowspan="1">0</td></tr><tr><th colspan="4">Default test &#8212; skipped</th></tr><tr class="skippedeven"><td rowspan="2">de.latlon.ets.wms13.core.dgiwg.testsuite.DuplicatedParametersException</td><td><a href="#m177">exceptionCodeIsValid</a></td><td rowspan="1">1622101257358</td><td rowspan="1">0</td></tr><tr class="skippedeven"><td><a href="#m178">schemaIsWellUsed</a></td><td rowspan="1">1622101257229</td><td rowspan="1">1</td></tr><tr class="skippedodd"><td rowspan="1">de.latlon.ets.wms13.core.dgiwg.testsuite.Prerequisites</td><td><a href="#m179">serviceIsAvailable</a></td><td rowspan="1">1622101257351</td><td rowspan="1">0</td></tr><tr class="skippedeven"><td rowspan="7">de.latlon.ets.wms13.core.dgiwg.testsuite.getcapabilities.ConfiguredOutputFormatTest</td><td><a href="#m180">wmsCapabilitiesOutputFormatGetCapabilitiesTextHtmlSupported</a></td><td rowspan="1">1622101255296</td><td rowspan="1">1</td></tr><tr class="skippedeven"><td><a href="#m181">wmsCapabilitiesOutputFormatGetCapabilitiesTextXmlSupported</a></td><td rowspan="1">1622101255300</td><td rowspan="1">1</td></tr><tr class="skippedeven"><td><a href="#m182">wmsCapabilitiesOutputFormatGetFeatureInfoTextHtmlSupported</a></td><td rowspan="1">1622101255306</td><td rowspan="1">3</td></tr><tr class="skippedeven"><td><a href="#m183">wmsCapabilitiesOutputFormatGetFeatureInfoTextXmlSupported</a></td><td rowspan="1">1622101255313</td><td rowspan="1">1</td></tr><tr class="skippedeven"><td><a href="#m184">wmsCapabilitiesOutputFormatGetMapImageGifSupported</a></td><td rowspan="1">1622101255318</td><td rowspan="1">1</td></tr><tr class="skippedeven"><td><a href="#m185">wmsCapabilitiesOutputFormatGetMapImageJpegSupported</a></td><td rowspan="1">1622101255323</td><td rowspan="1">2</td></tr><tr class="skippedeven"><td><a href="#m186">wmsCapabilitiesOutputFormatGetMapImagePngSupported</a></td><td rowspan="1">1622101255329</td><td rowspan="1">4</td></tr><tr class="skippedodd"><td rowspan="1">de.latlon.ets.wms13.core.dgiwg.testsuite.getcapabilities.GetCapabilitiesAcceptFormatsTest</td><td><a href="#m187">wmsCapabilitiesFormatIsAccepted</a></td><td rowspan="1">1622101254279</td><td rowspan="1">0</td></tr><tr class="skippedeven"><td rowspan="1">de.latlon.ets.wms13.core.dgiwg.testsuite.getcapabilities.GetCapabilitiesAcceptLanguagesTest</td><td><a href="#m188">wmsCapabilitiesLanguageIsAccepted</a></td><td rowspan="1">1622101255554</td><td rowspan="1">0</td></tr><tr class="skippedodd"><td rowspan="2">de.latlon.ets.wms13.core.dgiwg.testsuite.getcapabilities.GetCapabilitiesAccessConstraintTest</td><td><a href="#m189">wmsCapabilitiesAccessConstraintsContainsValueFromDMF</a></td><td rowspan="1">1622101257353</td><td rowspan="1">0</td></tr><tr class="skippedodd"><td><a href="#m190">wmsCapabilitiesAccessConstraintsExists</a></td><td rowspan="1">1622101255084</td><td rowspan="1">1</td></tr><tr class="skippedeven"><td rowspan="9">de.latlon.ets.wms13.core.dgiwg.testsuite.getcapabilities.GetCapabilitiesContentTest</td><td><a href="#m191">wmsCapabilitiesAbstractExists</a></td><td rowspan="1">1622101253630</td><td rowspan="1">2</td></tr><tr class="skippedeven"><td><a href="#m192">wmsCapabilitiesAccessConstraintsExists</a></td><td rowspan="1">1622101253638</td><td rowspan="1">2</td></tr><tr class="skippedeven"><td><a href="#m193">wmsCapabilitiesContactInformationExists</a></td><td rowspan="1">1622101253646</td><td rowspan="1">1</td></tr><tr class="skippedeven"><td><a href="#m194">wmsCapabilitiesFeesExists</a></td><td rowspan="1">1622101253652</td><td rowspan="1">12</td></tr><tr class="skippedeven"><td><a href="#m195">wmsCapabilitiesKeywordListExists</a></td><td rowspan="1">1622101253673</td><td rowspan="1">3</td></tr><tr class="skippedeven"><td><a href="#m196">wmsCapabilitiesLayerLimitExists</a></td><td rowspan="1">1622101253688</td><td rowspan="1">1</td></tr><tr class="skippedeven"><td><a href="#m197">wmsCapabilitiesNameExists</a></td><td rowspan="1">1622101253697</td><td rowspan="1">80</td></tr><tr class="skippedeven"><td><a href="#m198">wmsCapabilitiesOnlineResourceExists</a></td><td rowspan="1">1622101253785</td><td rowspan="1">4</td></tr><tr class="skippedeven"><td><a href="#m199">wmsCapabilitiesTitleExists</a></td><td rowspan="1">1622101253800</td><td rowspan="1">4</td></tr><tr class="skippedodd"><td rowspan="1">de.latlon.ets.wms13.core.dgiwg.testsuite.getcapabilities.GetCapabilitiesDataUrlTest</td><td><a href="#m200">wmsCapabilitiesDataUrlIsResolvable</a></td><td rowspan="1">1622101255232</td><td rowspan="1">0</td></tr><tr class="skippedeven"><td rowspan="1">de.latlon.ets.wms13.core.dgiwg.testsuite.getcapabilities.GetCapabilitiesFeatureListUrlTest</td><td><a href="#m201">wmsCapabilitiesFeatureListUrlIsResolvable</a></td><td rowspan="1">1622101256386</td><td rowspan="1">0</td></tr><tr class="skippedodd"><td rowspan="1">de.latlon.ets.wms13.core.dgiwg.testsuite.getcapabilities.GetCapabilitiesKeywordTest</td><td><a href="#m202">wmsCapabilitiesContainsKeywordFromDFDDRegister</a></td><td rowspan="1">1622101254631</td><td rowspan="1">1</td></tr><tr class="skippedeven"><td rowspan="1">de.latlon.ets.wms13.core.dgiwg.testsuite.getcapabilities.GetCapabilitiesLayerAttributesTest</td><td><a href="#m203">wmsCapabilitiesLayerAttributesExists</a></td><td rowspan="1">1622101252438</td><td rowspan="1">0</td></tr><tr class="skippedodd"><td rowspan="4">de.latlon.ets.wms13.core.dgiwg.testsuite.getcapabilities.GetCapabilitiesLayerCrsTest</td><td><a href="#m204">wmsCapabilitiesLayerCrs_Conditional_Supported</a></td><td rowspan="1">1622101255726</td><td rowspan="1">0</td></tr><tr class="skippedodd"><td><a href="#m205">wmsCapabilitiesLayerCrs_Mandatory_CRS_84_Supported</a></td><td rowspan="1">1622101255813</td><td rowspan="1">0</td></tr><tr class="skippedodd"><td><a href="#m206">wmsCapabilitiesLayerCrs_Mandatory_EPSG_3395_Supported</a></td><td rowspan="1">1622101255942</td><td rowspan="1">0</td></tr><tr class="skippedodd"><td><a href="#m207">wmsCapabilitiesLayerCrs_Mandatory_EPSG_4326_Supported</a></td><td rowspan="1">1622101256106</td><td rowspan="1">0</td></tr><tr class="skippedeven"><td rowspan="1">de.latlon.ets.wms13.core.dgiwg.testsuite.getcapabilities.GetCapabilitiesLayerScaleDenominatorsTest</td><td><a href="#m208">wmsCapabilitiesLayerScaleDenominatorsExists</a></td><td rowspan="1">1622101252636</td><td rowspan="1">0</td></tr><tr class="skippedodd"><td rowspan="1">de.latlon.ets.wms13.core.dgiwg.testsuite.getcapabilities.GetCapabilitiesLayerStyleTest</td><td><a href="#m209">wmsCapabilitiesLayerStyleExists</a></td><td rowspan="1">1622101254978</td><td rowspan="1">0</td></tr><tr class="skippedeven"><td rowspan="1">de.latlon.ets.wms13.core.dgiwg.testsuite.getcapabilities.GetCapabilitiesLegendFormatTest</td><td><a href="#m210">wmsCapabilitiesLayersLegendExitsInCorrectFormat</a></td><td rowspan="1">1622101253357</td><td rowspan="1">0</td></tr><tr class="skippedodd"><td rowspan="1">de.latlon.ets.wms13.core.dgiwg.testsuite.getcapabilities.GetCapabilitiesLegendUrlTest</td><td><a href="#m211">wmsCapabilitiesLayersLegendUrlIsAccessible</a></td><td rowspan="1">1622101257133</td><td rowspan="1">0</td></tr><tr class="skippedeven"><td rowspan="2">de.latlon.ets.wms13.core.dgiwg.testsuite.getcapabilities.GetCapabilitiesMaxExtendTest</td><td><a href="#m212">wmsCapabilitiesMaxHeight</a></td><td rowspan="1">1622101257307</td><td rowspan="1">1</td></tr><tr class="skippedeven"><td><a href="#m213">wmsCapabilitiesMaxWidth</a></td><td rowspan="1">1622101257310</td><td rowspan="1">10</td></tr><tr class="skippedodd"><td rowspan="1">de.latlon.ets.wms13.core.dgiwg.testsuite.getcapabilities.GetCapabilitiesMinMaxScaleDenominatorsTest</td><td><a href="#m214">wmsCapabilitiesLayerHasCorrectValuesForMinAndMaxDenominator</a></td><td rowspan="1">1622101256670</td><td rowspan="1">0</td></tr><tr class="skippedeven"><td rowspan="4">de.latlon.ets.wms13.core.dgiwg.testsuite.getcapabilities.GetCapabilitiesOutputFormatTest</td><td><a href="#m215">wmsCapabilitiesOutputFormatHtmlSupported</a></td><td rowspan="1">1622101254048</td><td rowspan="1">1</td></tr><tr class="skippedeven"><td><a href="#m216">wmsCapabilitiesOutputFormatXmlSupported</a></td><td rowspan="1">1622101254061</td><td rowspan="1">1</td></tr><tr class="skippedeven"><td><a href="#m217">wmsGetCapabilitiesOutputFormatHtmlSupported</a></td><td rowspan="1">1622101257346</td><td rowspan="1">0</td></tr><tr class="skippedeven"><td><a href="#m218">wmsGetCapabilitiesOutputFormatXmlSupported</a></td><td rowspan="1">1622101257348</td><td rowspan="1">0</td></tr><tr class="skippedodd"><td rowspan="1">de.latlon.ets.wms13.core.dgiwg.testsuite.getcapabilities.GetCapabilitiesRequestParameterTest</td><td><a href="#m219">wmsCapabilitiesOutputFormatParameterSupported</a></td><td rowspan="1">1622101254540</td><td rowspan="1">1</td></tr><tr class="skippedeven"><td rowspan="1">de.latlon.ets.wms13.core.dgiwg.testsuite.getcapabilities.GetCapabilitiesStyleTest</td><td><a href="#m220">wmsCapabilitiesStylesHasNameAndTitle</a></td><td rowspan="1">1622101256912</td><td rowspan="1">0</td></tr><tr class="skippedodd"><td rowspan="1">de.latlon.ets.wms13.core.dgiwg.testsuite.getcapabilities.interactive.GetCapabilitiesInEnglishLanguageTest</td><td><a href="#m221">wmsCapabilitiesInEnglishLanguage</a></td><td rowspan="1">1622101256453</td><td rowspan="1">1</td></tr><tr class="skippedeven"><td rowspan="2">de.latlon.ets.wms13.core.dgiwg.testsuite.getfeatureinfo.GetFeatureInfoExceptionsTest</td><td><a href="#m222">wmsGetFeatureInfoExceptionsWithValueOfHtml</a></td><td rowspan="1">1622101256445</td><td rowspan="1">1</td></tr><tr class="skippedeven"><td><a href="#m223">wmsGetFeatureInfoExceptionsWithValueOfXml</a></td><td rowspan="1">1622101256449</td><td rowspan="1">1</td></tr><tr class="skippedodd"><td rowspan="2">de.latlon.ets.wms13.core.dgiwg.testsuite.getfeatureinfo.GetFeatureInfoFeatureCountTest</td><td><a href="#m224">wmsGetFeatureInfoFeatureCountWithValueOfOne</a></td><td rowspan="1">1622101254447</td><td rowspan="1">1</td></tr><tr class="skippedodd"><td><a href="#m225">wmsGetFeatureInfoFeatureCountWithValueOfTen</a></td><td rowspan="1">1622101254452</td><td rowspan="1">1</td></tr><tr class="skippedeven"><td rowspan="4">de.latlon.ets.wms13.core.dgiwg.testsuite.getfeatureinfo.GetFeatureInfoOutputFormatTest</td><td><a href="#m226">wmsCapabilitiesOutputFormatTextHtmlSupported</a></td><td rowspan="1">1622101256976</td><td rowspan="1">1</td></tr><tr class="skippedeven"><td><a href="#m227">wmsCapabilitiesOutputFormatTextXmlSupported</a></td><td rowspan="1">1622101256981</td><td rowspan="1">4</td></tr><tr class="skippedeven"><td><a href="#m228">wmsGetFeatureInfoOutputFormatTextHtmlSupported</a></td><td rowspan="1">1622101257354</td><td rowspan="1">0</td></tr><tr class="skippedeven"><td><a href="#m229">wmsGetFeatureInfoOutputFormatTextXmlSupported</a></td><td rowspan="1">1622101257357</td><td rowspan="1">0</td></tr><tr class="skippedodd"><td rowspan="1">de.latlon.ets.wms13.core.dgiwg.testsuite.getfeatureinfo.GetFeatureInfoUomTest</td><td><a href="#m230">wmsGetFeatureInfoInfoUnitOfMeasureOfDimensionalData</a></td><td rowspan="1">1622101252173</td><td rowspan="1">0</td></tr><tr class="skippedeven"><td rowspan="1">de.latlon.ets.wms13.core.dgiwg.testsuite.getfeatureinfo.interactive.GetFeatureInfoExceptionInEnglishLanguageTest</td><td><a href="#m231">getFeatureInfoExceptionInEnglishLanguage</a></td><td rowspan="1">1622101251295</td><td rowspan="1">3</td></tr><tr class="skippedodd"><td rowspan="1">de.latlon.ets.wms13.core.dgiwg.testsuite.getfeatureinfo.interactive.GetFeatureInfoInEnglishLanguageTest</td><td><a href="#m232">featureInfoResponseInEnglishLanguage</a></td><td rowspan="1">1622101252756</td><td rowspan="1">2</td></tr><tr class="skippedeven"><td rowspan="2">de.latlon.ets.wms13.core.dgiwg.testsuite.getmap.GetMapBlankExceptionsTest</td><td><a href="#m233">wmsGetMapBlankExceptionsSupported_TransparentFalse</a></td><td rowspan="1">1622101256757</td><td rowspan="1">1</td></tr><tr class="skippedeven"><td><a href="#m234">wmsGetMapBlankExceptionsSupported_TransparentTrue</a></td><td rowspan="1">1622101256763</td><td rowspan="1">1</td></tr><tr class="skippedodd"><td rowspan="1">de.latlon.ets.wms13.core.dgiwg.testsuite.getmap.GetMapDimensionsTest</td><td><a href="#m235">wmsGetMapDimensionsSupported</a></td><td rowspan="1">1622101254366</td><td rowspan="1">1</td></tr><tr class="skippedeven"><td rowspan="1">de.latlon.ets.wms13.core.dgiwg.testsuite.getmap.GetMapInImageExceptionsTest</td><td><a href="#m236">wmsGetMapInImageExceptionsSupported</a></td><td rowspan="1">1622101251453</td><td rowspan="1">2</td></tr><tr class="skippedodd"><td rowspan="4">de.latlon.ets.wms13.core.dgiwg.testsuite.getmap.GetMapLayerCrsTest</td><td><a href="#m237">wmsGetMapLayerCrs_Conditional_Supported</a></td><td rowspan="1">1622101255455</td><td rowspan="1">0</td></tr><tr class="skippedodd"><td><a href="#m238">wmsGetMapLayerCrs_Mandatory_CRS_84_Supported</a></td><td rowspan="1">1622101255458</td><td rowspan="1">0</td></tr><tr class="skippedodd"><td><a href="#m239">wmsGetMapLayerCrs_Mandatory_EPSG_3395_Supported</a></td><td rowspan="1">1622101255462</td><td rowspan="1">0</td></tr><tr class="skippedodd"><td><a href="#m240">wmsGetMapLayerCrs_Mandatory_EPSG_4326_Supported</a></td><td rowspan="1">1622101255467</td><td rowspan="1">0</td></tr><tr class="skippedeven"><td rowspan="2">de.latlon.ets.wms13.core.dgiwg.testsuite.getmap.GetMapMultiDimensionalDataTest</td><td><a href="#m241">wmsGetMapMultiDimensionalDataSupported_Elevation</a></td><td rowspan="1">1622101252862</td><td rowspan="1">1</td></tr><tr class="skippedeven"><td><a href="#m242">wmsGetMapMultiDimensionalDataSupported_Time</a></td><td rowspan="1">1622101252868</td><td rowspan="1">2</td></tr><tr class="skippedodd"><td rowspan="6">de.latlon.ets.wms13.core.dgiwg.testsuite.getmap.GetMapOutputFormatTest</td><td><a href="#m243">wmsCapabilitiesOutputFormatImageGifSupported</a></td><td rowspan="1">1622101251739</td><td rowspan="1">2</td></tr><tr class="skippedodd"><td><a href="#m244">wmsCapabilitiesOutputFormatImageJpegSupported</a></td><td rowspan="1">1622101251751</td><td rowspan="1">2</td></tr><tr class="skippedodd"><td><a href="#m245">wmsCapabilitiesOutputFormatImagePngSupported</a></td><td rowspan="1">1622101251770</td><td rowspan="1">2</td></tr><tr class="skippedodd"><td><a href="#m246">wmsGetMapOutputFormatImageGifSupported</a></td><td rowspan="1">1622101257340</td><td rowspan="1">0</td></tr><tr class="skippedodd"><td><a href="#m247">wmsGetMapOutputFormatImageJpegSupported</a></td><td rowspan="1">1622101257341</td><td rowspan="1">1</td></tr><tr class="skippedodd"><td><a href="#m248">wmsGetMapOutputFormatImagePngSupported</a></td><td rowspan="1">1622101257343</td><td rowspan="1">0</td></tr><tr class="skippedeven"><td rowspan="1">de.latlon.ets.wms13.core.dgiwg.testsuite.getmap.GetMapRequestParametersTest</td><td><a href="#m249">wmsGetMapRequestParametersSupported</a></td><td rowspan="1">1622101253023</td><td rowspan="1">1</td></tr><tr class="skippedodd"><td rowspan="2">de.latlon.ets.wms13.core.dgiwg.testsuite.getmap.GetMapTransparencyTest</td><td><a href="#m250">wmsGetMapTransparencySupported_False</a></td><td rowspan="1">1622101252741</td><td rowspan="1">1</td></tr><tr class="skippedodd"><td><a href="#m251">wmsGetMapTransparencySupported_True</a></td><td rowspan="1">1622101252749</td><td rowspan="1">3</td></tr><tr class="skippedeven"><td rowspan="1">de.latlon.ets.wms13.core.dgiwg.testsuite.getmap.interactive.GetMapExceptionInEnglishLanguageTest</td><td><a href="#m252">getMapExceptionInEnglishLanguage</a></td><td rowspan="1">1622101251301</td><td rowspan="1">3</td></tr></tbody></table><h2>Default test</h2><h3 id="m0">de.latlon.ets.wms13.core.dgiwg.testsuite.getmap.GetMapInImageExceptionsTest#buildGetMapRequest</h3><table class="result"><tr><th>Exception</th></tr><tr><td><div class="stacktrace">java.lang.NullPointerException
	at java.util.ArrayList.&lt;init&gt;(ArrayList.java:178)
	at de.latlon.ets.wms13.core.util.request.WmsRequestBuilder.findSuitableLayerInfo(WmsRequestBuilder.java:193)
	at de.latlon.ets.wms13.core.util.request.WmsRequestBuilder.buildGetMapRequest(WmsRequestBuilder.java:101)
	at de.latlon.ets.wms13.core.dgiwg.testsuite.getmap.BaseGetMapFixture.buildGetMapRequest(BaseGetMapFixture.java:43)
	at sun.reflect.NativeMethodAccessorImpl.invoke0(Native Method)
	at sun.reflect.NativeMethodAccessorImpl.invoke(NativeMethodAccessorImpl.java:62)
	at sun.reflect.DelegatingMethodAccessorImpl.invoke(DelegatingMethodAccessorImpl.java:43)
	at java.lang.reflect.Method.invoke(Method.java:498)
	at org.testng.internal.MethodInvocationHelper.invokeMethod(MethodInvocationHelper.java:86)
	at org.testng.internal.Invoker.invokeConfigurationMethod(Invoker.java:514)
	at org.testng.internal.Invoker.invokeConfigurations(Invoker.java:215)
	at org.testng.internal.Invoker.invokeConfigurations(Invoker.java:142)
	at org.testng.internal.TestMethodWorker.invokeBeforeClassMethods(TestMethodWorker.java:178)
	at org.testng.internal.TestMethodWorker.run(TestMethodWorker.java:108)
	at org.testng.TestRunner.privateRun(TestRunner.java:782)
	at org.testng.TestRunner.run(TestRunner.java:632)
	at org.testng.SuiteRunner.runTest(SuiteRunner.java:366)
	at org.testng.SuiteRunner.runSequentially(SuiteRunner.java:361)
	at org.testng.SuiteRunner.privateRun(SuiteRunner.java:319)
	at org.testng.SuiteRunner.run(SuiteRunner.java:268)
	at org.testng.SuiteRunnerWorker.runSuite(SuiteRunnerWorker.java:52)
	at org.testng.SuiteRunnerWorker.run(SuiteRunnerWorker.java:86)
	at org.testng.TestNG.runSuitesSequentially(TestNG.java:1244)
	at org.testng.TestNG.runSuitesLocally(TestNG.java:1169)
	at org.testng.TestNG.run(TestNG.java:1064)
	at org.testng.remote.AbstractRemoteTestNG.run(AbstractRemoteTestNG.java:115)
	at org.testng.remote.RemoteTestNG.initAndRun(RemoteTestNG.java:251)
	at org.testng.remote.RemoteTestNG.main(RemoteTestNG.java:77)
</div></td></tr></table><p class="totop"><a href="#summary">back to summary</a></p><h3 id="m1">de.latlon.ets.wms13.core.dgiwg.testsuite.Prerequisites#verifyServiceDescription</h3><table class="result"><tr class="param"><th>Parameter #1</th></tr><tr class="param stripe"><td>org.testng.TestRunner@2da59753</td></tr><tr><th>Exception</th></tr><tr><td><div class="stacktrace">java.lang.NullPointerException
	at de.latlon.ets.wms13.core.assertion.WmsAssertion.assertSimpleWMSCapabilities(WmsAssertion.java:32)
	at de.latlon.ets.wms13.core.dgiwg.testsuite.Prerequisites.verifyServiceDescription(Prerequisites.java:40)
	at sun.reflect.NativeMethodAccessorImpl.invoke0(Native Method)
	at sun.reflect.NativeMethodAccessorImpl.invoke(NativeMethodAccessorImpl.java:62)
	at sun.reflect.DelegatingMethodAccessorImpl.invoke(DelegatingMethodAccessorImpl.java:43)
	at java.lang.reflect.Method.invoke(Method.java:498)
	at org.testng.internal.MethodInvocationHelper.invokeMethod(MethodInvocationHelper.java:86)
	at org.testng.internal.Invoker.invokeMethod(Invoker.java:643)
	at org.testng.internal.Invoker.invokeTestMethod(Invoker.java:820)
	at org.testng.internal.Invoker.invokeTestMethods(Invoker.java:1128)
	at org.testng.internal.TestMethodWorker.invokeTestMethods(TestMethodWorker.java:129)
	at org.testng.internal.TestMethodWorker.run(TestMethodWorker.java:112)
	at org.testng.TestRunner.privateRun(TestRunner.java:782)
	at org.testng.TestRunner.run(TestRunner.java:632)
	at org.testng.SuiteRunner.runTest(SuiteRunner.java:366)
	at org.testng.SuiteRunner.runSequentially(SuiteRunner.java:361)
	at org.testng.SuiteRunner.privateRun(SuiteRunner.java:319)
	at org.testng.SuiteRunner.run(SuiteRunner.java:268)
	at org.testng.SuiteRunnerWorker.runSuite(SuiteRunnerWorker.java:52)
	at org.testng.SuiteRunnerWorker.run(SuiteRunnerWorker.java:86)
	at org.testng.TestNG.runSuitesSequentially(TestNG.java:1244)
	at org.testng.TestNG.runSuitesLocally(TestNG.java:1169)
	at org.testng.TestNG.run(TestNG.java:1064)
	at org.testng.remote.AbstractRemoteTestNG.run(AbstractRemoteTestNG.java:115)
	at org.testng.remote.RemoteTestNG.initAndRun(RemoteTestNG.java:251)
	at org.testng.remote.RemoteTestNG.main(RemoteTestNG.java:77)
</div></td></tr></table><p class="totop"><a href="#summary">back to summary</a></p><h3 id="m2">de.latlon.ets.wms13.core.dgiwg.testsuite.QueryableWMS#invokeBaseTestSuite</h3><table class="result"><tr><th>Exception</th></tr><tr><td><div class="stacktrace">java.lang.AssertionError: Unexpected status code. expected [200] but found [404]
	at org.testng.Assert.fail(Assert.java:94)
	at org.testng.Assert.failNotEquals(Assert.java:513)
	at org.testng.Assert.assertEqualsImpl(Assert.java:135)
	at org.testng.Assert.assertEquals(Assert.java:116)
	at org.testng.Assert.assertEquals(Assert.java:389)
	at de.latlon.ets.wms13.core.dgiwg.testsuite.QueryableWMS.invokeBaseTestSuite(QueryableWMS.java:151)
	at sun.reflect.NativeMethodAccessorImpl.invoke0(Native Method)
	at sun.reflect.NativeMethodAccessorImpl.invoke(NativeMethodAccessorImpl.java:62)
	at sun.reflect.DelegatingMethodAccessorImpl.invoke(DelegatingMethodAccessorImpl.java:43)
	at java.lang.reflect.Method.invoke(Method.java:498)
	at org.testng.internal.MethodInvocationHelper.invokeMethod(MethodInvocationHelper.java:86)
	at org.testng.internal.Invoker.invokeMethod(Invoker.java:643)
	at org.testng.internal.Invoker.invokeTestMethod(Invoker.java:820)
	at org.testng.internal.Invoker.invokeTestMethods(Invoker.java:1128)
	at org.testng.internal.TestMethodWorker.invokeTestMethods(TestMethodWorker.java:129)
	at org.testng.internal.TestMethodWorker.run(TestMethodWorker.java:112)
	at org.testng.TestRunner.privateRun(TestRunner.java:782)
	at org.testng.TestRunner.run(TestRunner.java:632)
	at org.testng.SuiteRunner.runTest(SuiteRunner.java:366)
	at org.testng.SuiteRunner.runSequentially(SuiteRunner.java:361)
	at org.testng.SuiteRunner.privateRun(SuiteRunner.java:319)
	at org.testng.SuiteRunner.run(SuiteRunner.java:268)
	at org.testng.SuiteRunnerWorker.runSuite(SuiteRunnerWorker.java:52)
	at org.testng.SuiteRunnerWorker.run(SuiteRunnerWorker.java:86)
	at org.testng.TestNG.runSuitesSequentially(TestNG.java:1244)
	at org.testng.TestNG.runSuitesLocally(TestNG.java:1169)
	at org.testng.TestNG.run(TestNG.java:1064)
	at org.testng.remote.AbstractRemoteTestNG.run(AbstractRemoteTestNG.java:115)
	at org.testng.remote.RemoteTestNG.initAndRun(RemoteTestNG.java:251)
	at org.testng.remote.RemoteTestNG.main(RemoteTestNG.java:77)
</div></td></tr></table><p class="totop"><a href="#summary">back to summary</a></p><h3 id="m3">de.latlon.ets.wms13.core.dgiwg.testsuite.getcapabilities.GetCapabilitiesAbstractTest#wmsCapabilitiesAbstractContainsProfile</h3><table class="result"><tr><th>Exception</th></tr><tr><td><div class="stacktrace">java.lang.IllegalArgumentException: URI parameter is null
	at com.sun.jersey.api.uri.UriBuilderImpl.uri(UriBuilderImpl.java:102)
	at javax.ws.rs.core.UriBuilder.fromUri(UriBuilder.java:81)
	at de.latlon.ets.wms13.core.client.WmsClient.submitGetRequest(WmsClient.java:139)
	at de.latlon.ets.wms13.core.client.WmsClient.submitRequest(WmsClient.java:100)
	at de.latlon.ets.wms13.core.dgiwg.testsuite.getcapabilities.GetCapabilitiesAbstractTest.wmsCapabilitiesAbstractContainsProfile(GetCapabilitiesAbstractTest.java:36)
	at sun.reflect.NativeMethodAccessorImpl.invoke0(Native Method)
	at sun.reflect.NativeMethodAccessorImpl.invoke(NativeMethodAccessorImpl.java:62)
	at sun.reflect.DelegatingMethodAccessorImpl.invoke(DelegatingMethodAccessorImpl.java:43)
	at java.lang.reflect.Method.invoke(Method.java:498)
	at org.testng.internal.MethodInvocationHelper.invokeMethod(MethodInvocationHelper.java:86)
	at org.testng.internal.Invoker.invokeMethod(Invoker.java:643)
	at org.testng.internal.Invoker.invokeTestMethod(Invoker.java:820)
	at org.testng.internal.Invoker.invokeTestMethods(Invoker.java:1128)
	at org.testng.internal.TestMethodWorker.invokeTestMethods(TestMethodWorker.java:129)
	at org.testng.internal.TestMethodWorker.run(TestMethodWorker.java:112)
	at org.testng.TestRunner.privateRun(TestRunner.java:782)
	at org.testng.TestRunner.run(TestRunner.java:632)
	at org.testng.SuiteRunner.runTest(SuiteRunner.java:366)
	at org.testng.SuiteRunner.runSequentially(SuiteRunner.java:361)
	at org.testng.SuiteRunner.privateRun(SuiteRunner.java:319)
	at org.testng.SuiteRunner.run(SuiteRunner.java:268)
	at org.testng.SuiteRunnerWorker.runSuite(SuiteRunnerWorker.java:52)
	at org.testng.SuiteRunnerWorker.run(SuiteRunnerWorker.java:86)
	at org.testng.TestNG.runSuitesSequentially(TestNG.java:1244)
	at org.testng.TestNG.runSuitesLocally(TestNG.java:1169)
	at org.testng.TestNG.run(TestNG.java:1064)
	at org.testng.remote.AbstractRemoteTestNG.run(AbstractRemoteTestNG.java:115)
	at org.testng.remote.RemoteTestNG.initAndRun(RemoteTestNG.java:251)
	at org.testng.remote.RemoteTestNG.main(RemoteTestNG.java:77)
</div></td></tr></table><p class="totop"><a href="#summary">back to summary</a></p><h3 id="m4">de.latlon.ets.wms13.core.dgiwg.testsuite.DuplicatedParametersException#addAttributesOnTestFailure</h3><table class="result"></table><p class="totop"><a href="#summary">back to summary</a></p><h3 id="m5">de.latlon.ets.wms13.core.dgiwg.testsuite.DuplicatedParametersException#addAttributesOnTestSuccess</h3><table class="result"></table><p class="totop"><a href="#summary">back to summary</a></p><h3 id="m6">de.latlon.ets.wms13.core.dgiwg.testsuite.DuplicatedParametersException#buildGetCapabilitiesRequest</h3><table class="result"></table><p class="totop"><a href="#summary">back to summary</a></p><h3 id="m7">de.latlon.ets.wms13.core.dgiwg.testsuite.DuplicatedParametersException#initParser</h3><table class="result"></table><p class="totop"><a href="#summary">back to summary</a></p><h3 id="m8">de.latlon.ets.wms13.core.dgiwg.testsuite.getcapabilities.ConfiguredOutputFormatTest#addAttributesOnTestFailure</h3><table class="result"></table><p class="totop"><a href="#summary">back to summary</a></p><h3 id="m9">de.latlon.ets.wms13.core.dgiwg.testsuite.getcapabilities.ConfiguredOutputFormatTest#addAttributesOnTestFailure</h3><table class="result"></table><p class="totop"><a href="#summary">back to summary</a></p><h3 id="m10">de.latlon.ets.wms13.core.dgiwg.testsuite.getcapabilities.ConfiguredOutputFormatTest#addAttributesOnTestFailure</h3><table class="result"></table><p class="totop"><a href="#summary">back to summary</a></p><h3 id="m11">de.latlon.ets.wms13.core.dgiwg.testsuite.getcapabilities.ConfiguredOutputFormatTest#addAttributesOnTestFailure</h3><table class="result"></table><p class="totop"><a href="#summary">back to summary</a></p><h3 id="m12">de.latlon.ets.wms13.core.dgiwg.testsuite.getcapabilities.ConfiguredOutputFormatTest#addAttributesOnTestFailure</h3><table class="result"></table><p class="totop"><a href="#summary">back to summary</a></p><h3 id="m13">de.latlon.ets.wms13.core.dgiwg.testsuite.getcapabilities.ConfiguredOutputFormatTest#addAttributesOnTestFailure</h3><table class="result"></table><p class="totop"><a href="#summary">back to summary</a></p><h3 id="m14">de.latlon.ets.wms13.core.dgiwg.testsuite.getcapabilities.ConfiguredOutputFormatTest#addAttributesOnTestFailure</h3><table class="result"></table><p class="totop"><a href="#summary">back to summary</a></p><h3 id="m15">de.latlon.ets.wms13.core.dgiwg.testsuite.getcapabilities.ConfiguredOutputFormatTest#addAttributesOnTestSuccess</h3><table class="result"></table><p class="totop"><a href="#summary">back to summary</a></p><h3 id="m16">de.latlon.ets.wms13.core.dgiwg.testsuite.getcapabilities.ConfiguredOutputFormatTest#addAttributesOnTestSuccess</h3><table class="result"></table><p class="totop"><a href="#summary">back to summary</a></p><h3 id="m17">de.latlon.ets.wms13.core.dgiwg.testsuite.getcapabilities.ConfiguredOutputFormatTest#addAttributesOnTestSuccess</h3><table class="result"></table><p class="totop"><a href="#summary">back to summary</a></p><h3 id="m18">de.latlon.ets.wms13.core.dgiwg.testsuite.getcapabilities.ConfiguredOutputFormatTest#addAttributesOnTestSuccess</h3><table class="result"></table><p class="totop"><a href="#summary">back to summary</a></p><h3 id="m19">de.latlon.ets.wms13.core.dgiwg.testsuite.getcapabilities.ConfiguredOutputFormatTest#addAttributesOnTestSuccess</h3><table class="result"></table><p class="totop"><a href="#summary">back to summary</a></p><h3 id="m20">de.latlon.ets.wms13.core.dgiwg.testsuite.getcapabilities.ConfiguredOutputFormatTest#addAttributesOnTestSuccess</h3><table class="result"></table><p class="totop"><a href="#summary">back to summary</a></p><h3 id="m21">de.latlon.ets.wms13.core.dgiwg.testsuite.getcapabilities.ConfiguredOutputFormatTest#addAttributesOnTestSuccess</h3><table class="result"></table><p class="totop"><a href="#summary">back to summary</a></p><h3 id="m22">de.latlon.ets.wms13.core.dgiwg.testsuite.getcapabilities.ConfiguredOutputFormatTest#buildGetCapabilitiesRequest</h3><table class="result"></table><p class="totop"><a href="#summary">back to summary</a></p><h3 id="m23">de.latlon.ets.wms13.core.dgiwg.testsuite.getcapabilities.ConfiguredOutputFormatTest#initParser</h3><table class="result"></table><p class="totop"><a href="#summary">back to summary</a></p><h3 id="m24">de.latlon.ets.wms13.core.dgiwg.testsuite.getcapabilities.GetCapabilitiesAcceptFormatsTest#buildGetCapabilitiesRequest</h3><table class="result"></table><p class="totop"><a href="#summary">back to summary</a></p><h3 id="m25">de.latlon.ets.wms13.core.dgiwg.testsuite.getcapabilities.GetCapabilitiesAcceptFormatsTest#initParser</h3><table class="result"></table><p class="totop"><a href="#summary">back to summary</a></p><h3 id="m26">de.latlon.ets.wms13.core.dgiwg.testsuite.getcapabilities.GetCapabilitiesAcceptLanguagesTest#buildGetCapabilitiesRequest</h3><table class="result"></table><p class="totop"><a href="#summary">back to summary</a></p><h3 id="m27">de.latlon.ets.wms13.core.dgiwg.testsuite.getcapabilities.GetCapabilitiesAcceptLanguagesTest#initParser</h3><table class="result"></table><p class="totop"><a href="#summary">back to summary</a></p><h3 id="m28">de.latlon.ets.wms13.core.dgiwg.testsuite.getcapabilities.GetCapabilitiesAccessConstraintTest#addAttributesOnTestFailure</h3><table class="result"></table><p class="totop"><a href="#summary">back to summary</a></p><h3 id="m29">de.latlon.ets.wms13.core.dgiwg.testsuite.getcapabilities.GetCapabilitiesAccessConstraintTest#addAttributesOnTestSuccess</h3><table class="result"></table><p class="totop"><a href="#summary">back to summary</a></p><h3 id="m30">de.latlon.ets.wms13.core.dgiwg.testsuite.getcapabilities.GetCapabilitiesAccessConstraintTest#buildGetCapabilitiesRequest</h3><table class="result"></table><p class="totop"><a href="#summary">back to summary</a></p><h3 id="m31">de.latlon.ets.wms13.core.dgiwg.testsuite.getcapabilities.GetCapabilitiesAccessConstraintTest#initParser</h3><table class="result"></table><p class="totop"><a href="#summary">back to summary</a></p><h3 id="m32">de.latlon.ets.wms13.core.dgiwg.testsuite.getcapabilities.GetCapabilitiesContentTest#addAttributesOnTestFailure</h3><table class="result"></table><p class="totop"><a href="#summary">back to summary</a></p><h3 id="m33">de.latlon.ets.wms13.core.dgiwg.testsuite.getcapabilities.GetCapabilitiesContentTest#addAttributesOnTestFailure</h3><table class="result"></table><p class="totop"><a href="#summary">back to summary</a></p><h3 id="m34">de.latlon.ets.wms13.core.dgiwg.testsuite.getcapabilities.GetCapabilitiesContentTest#addAttributesOnTestFailure</h3><table class="result"></table><p class="totop"><a href="#summary">back to summary</a></p><h3 id="m35">de.latlon.ets.wms13.core.dgiwg.testsuite.getcapabilities.GetCapabilitiesContentTest#addAttributesOnTestFailure</h3><table class="result"></table><p class="totop"><a href="#summary">back to summary</a></p><h3 id="m36">de.latlon.ets.wms13.core.dgiwg.testsuite.getcapabilities.GetCapabilitiesContentTest#addAttributesOnTestFailure</h3><table class="result"></table><p class="totop"><a href="#summary">back to summary</a></p><h3 id="m37">de.latlon.ets.wms13.core.dgiwg.testsuite.getcapabilities.GetCapabilitiesContentTest#addAttributesOnTestFailure</h3><table class="result"></table><p class="totop"><a href="#summary">back to summary</a></p><h3 id="m38">de.latlon.ets.wms13.core.dgiwg.testsuite.getcapabilities.GetCapabilitiesContentTest#addAttributesOnTestFailure</h3><table class="result"></table><p class="totop"><a href="#summary">back to summary</a></p><h3 id="m39">de.latlon.ets.wms13.core.dgiwg.testsuite.getcapabilities.GetCapabilitiesContentTest#addAttributesOnTestFailure</h3><table class="result"></table><p class="totop"><a href="#summary">back to summary</a></p><h3 id="m40">de.latlon.ets.wms13.core.dgiwg.testsuite.getcapabilities.GetCapabilitiesContentTest#addAttributesOnTestFailure</h3><table class="result"></table><p class="totop"><a href="#summary">back to summary</a></p><h3 id="m41">de.latlon.ets.wms13.core.dgiwg.testsuite.getcapabilities.GetCapabilitiesContentTest#addAttributesOnTestSuccess</h3><table class="result"></table><p class="totop"><a href="#summary">back to summary</a></p><h3 id="m42">de.latlon.ets.wms13.core.dgiwg.testsuite.getcapabilities.GetCapabilitiesContentTest#addAttributesOnTestSuccess</h3><table class="result"></table><p class="totop"><a href="#summary">back to summary</a></p><h3 id="m43">de.latlon.ets.wms13.core.dgiwg.testsuite.getcapabilities.GetCapabilitiesContentTest#addAttributesOnTestSuccess</h3><table class="result"></table><p class="totop"><a href="#summary">back to summary</a></p><h3 id="m44">de.latlon.ets.wms13.core.dgiwg.testsuite.getcapabilities.GetCapabilitiesContentTest#addAttributesOnTestSuccess</h3><table class="result"></table><p class="totop"><a href="#summary">back to summary</a></p><h3 id="m45">de.latlon.ets.wms13.core.dgiwg.testsuite.getcapabilities.GetCapabilitiesContentTest#addAttributesOnTestSuccess</h3><table class="result"></table><p class="totop"><a href="#summary">back to summary</a></p><h3 id="m46">de.latlon.ets.wms13.core.dgiwg.testsuite.getcapabilities.GetCapabilitiesContentTest#addAttributesOnTestSuccess</h3><table class="result"></table><p class="totop"><a href="#summary">back to summary</a></p><h3 id="m47">de.latlon.ets.wms13.core.dgiwg.testsuite.getcapabilities.GetCapabilitiesContentTest#addAttributesOnTestSuccess</h3><table class="result"></table><p class="totop"><a href="#summary">back to summary</a></p><h3 id="m48">de.latlon.ets.wms13.core.dgiwg.testsuite.getcapabilities.GetCapabilitiesContentTest#addAttributesOnTestSuccess</h3><table class="result"></table><p class="totop"><a href="#summary">back to summary</a></p><h3 id="m49">de.latlon.ets.wms13.core.dgiwg.testsuite.getcapabilities.GetCapabilitiesContentTest#addAttributesOnTestSuccess</h3><table class="result"></table><p class="totop"><a href="#summary">back to summary</a></p><h3 id="m50">de.latlon.ets.wms13.core.dgiwg.testsuite.getcapabilities.GetCapabilitiesContentTest#buildGetCapabilitiesRequest</h3><table class="result"></table><p class="totop"><a href="#summary">back to summary</a></p><h3 id="m51">de.latlon.ets.wms13.core.dgiwg.testsuite.getcapabilities.GetCapabilitiesContentTest#initParser</h3><table class="result"></table><p class="totop"><a href="#summary">back to summary</a></p><h3 id="m52">de.latlon.ets.wms13.core.dgiwg.testsuite.getcapabilities.GetCapabilitiesDataUrlTest#buildGetCapabilitiesRequest</h3><table class="result"></table><p class="totop"><a href="#summary">back to summary</a></p><h3 id="m53">de.latlon.ets.wms13.core.dgiwg.testsuite.getcapabilities.GetCapabilitiesDataUrlTest#initParser</h3><table class="result"></table><p class="totop"><a href="#summary">back to summary</a></p><h3 id="m54">de.latlon.ets.wms13.core.dgiwg.testsuite.getcapabilities.GetCapabilitiesFeatureListUrlTest#buildGetCapabilitiesRequest</h3><table class="result"></table><p class="totop"><a href="#summary">back to summary</a></p><h3 id="m55">de.latlon.ets.wms13.core.dgiwg.testsuite.getcapabilities.GetCapabilitiesFeatureListUrlTest#initParser</h3><table class="result"></table><p class="totop"><a href="#summary">back to summary</a></p><h3 id="m56">de.latlon.ets.wms13.core.dgiwg.testsuite.getcapabilities.GetCapabilitiesKeywordTest#addAttributesOnTestFailure</h3><table class="result"></table><p class="totop"><a href="#summary">back to summary</a></p><h3 id="m57">de.latlon.ets.wms13.core.dgiwg.testsuite.getcapabilities.GetCapabilitiesKeywordTest#addAttributesOnTestSuccess</h3><table class="result"></table><p class="totop"><a href="#summary">back to summary</a></p><h3 id="m58">de.latlon.ets.wms13.core.dgiwg.testsuite.getcapabilities.GetCapabilitiesKeywordTest#buildGetCapabilitiesRequest</h3><table class="result"></table><p class="totop"><a href="#summary">back to summary</a></p><h3 id="m59">de.latlon.ets.wms13.core.dgiwg.testsuite.getcapabilities.GetCapabilitiesKeywordTest#initParser</h3><table class="result"></table><p class="totop"><a href="#summary">back to summary</a></p><h3 id="m60">de.latlon.ets.wms13.core.dgiwg.testsuite.getcapabilities.GetCapabilitiesLayerAttributesTest#buildGetCapabilitiesRequest</h3><table class="result"></table><p class="totop"><a href="#summary">back to summary</a></p><h3 id="m61">de.latlon.ets.wms13.core.dgiwg.testsuite.getcapabilities.GetCapabilitiesLayerAttributesTest#initParser</h3><table class="result"></table><p class="totop"><a href="#summary">back to summary</a></p><h3 id="m62">de.latlon.ets.wms13.core.dgiwg.testsuite.getcapabilities.GetCapabilitiesLayerCrsTest#buildGetCapabilitiesRequest</h3><table class="result"></table><p class="totop"><a href="#summary">back to summary</a></p><h3 id="m63">de.latlon.ets.wms13.core.dgiwg.testsuite.getcapabilities.GetCapabilitiesLayerCrsTest#initParser</h3><table class="result"></table><p class="totop"><a href="#summary">back to summary</a></p><h3 id="m64">de.latlon.ets.wms13.core.dgiwg.testsuite.getcapabilities.GetCapabilitiesLayerScaleDenominatorsTest#buildGetCapabilitiesRequest</h3><table class="result"></table><p class="totop"><a href="#summary">back to summary</a></p><h3 id="m65">de.latlon.ets.wms13.core.dgiwg.testsuite.getcapabilities.GetCapabilitiesLayerScaleDenominatorsTest#initParser</h3><table class="result"></table><p class="totop"><a href="#summary">back to summary</a></p><h3 id="m66">de.latlon.ets.wms13.core.dgiwg.testsuite.getcapabilities.GetCapabilitiesLayerStyleTest#buildGetCapabilitiesRequest</h3><table class="result"></table><p class="totop"><a href="#summary">back to summary</a></p><h3 id="m67">de.latlon.ets.wms13.core.dgiwg.testsuite.getcapabilities.GetCapabilitiesLayerStyleTest#initParser</h3><table class="result"></table><p class="totop"><a href="#summary">back to summary</a></p><h3 id="m68">de.latlon.ets.wms13.core.dgiwg.testsuite.getcapabilities.GetCapabilitiesLegendFormatTest#buildGetCapabilitiesRequest</h3><table class="result"></table><p class="totop"><a href="#summary">back to summary</a></p><h3 id="m69">de.latlon.ets.wms13.core.dgiwg.testsuite.getcapabilities.GetCapabilitiesLegendFormatTest#initParser</h3><table class="result"></table><p class="totop"><a href="#summary">back to summary</a></p><h3 id="m70">de.latlon.ets.wms13.core.dgiwg.testsuite.getcapabilities.GetCapabilitiesLegendUrlTest#buildGetCapabilitiesRequest</h3><table class="result"></table><p class="totop"><a href="#summary">back to summary</a></p><h3 id="m71">de.latlon.ets.wms13.core.dgiwg.testsuite.getcapabilities.GetCapabilitiesLegendUrlTest#initParser</h3><table class="result"></table><p class="totop"><a href="#summary">back to summary</a></p><h3 id="m72">de.latlon.ets.wms13.core.dgiwg.testsuite.getcapabilities.GetCapabilitiesMaxExtendTest#addAttributesOnTestFailure</h3><table class="result"></table><p class="totop"><a href="#summary">back to summary</a></p><h3 id="m73">de.latlon.ets.wms13.core.dgiwg.testsuite.getcapabilities.GetCapabilitiesMaxExtendTest#addAttributesOnTestFailure</h3><table class="result"></table><p class="totop"><a href="#summary">back to summary</a></p><h3 id="m74">de.latlon.ets.wms13.core.dgiwg.testsuite.getcapabilities.GetCapabilitiesMaxExtendTest#addAttributesOnTestSuccess</h3><table class="result"></table><p class="totop"><a href="#summary">back to summary</a></p><h3 id="m75">de.latlon.ets.wms13.core.dgiwg.testsuite.getcapabilities.GetCapabilitiesMaxExtendTest#addAttributesOnTestSuccess</h3><table class="result"></table><p class="totop"><a href="#summary">back to summary</a></p><h3 id="m76">de.latlon.ets.wms13.core.dgiwg.testsuite.getcapabilities.GetCapabilitiesMaxExtendTest#buildGetCapabilitiesRequest</h3><table class="result"></table><p class="totop"><a href="#summary">back to summary</a></p><h3 id="m77">de.latlon.ets.wms13.core.dgiwg.testsuite.getcapabilities.GetCapabilitiesMaxExtendTest#initParser</h3><table class="result"></table><p class="totop"><a href="#summary">back to summary</a></p><h3 id="m78">de.latlon.ets.wms13.core.dgiwg.testsuite.getcapabilities.GetCapabilitiesMinMaxScaleDenominatorsTest#buildGetCapabilitiesRequest</h3><table class="result"></table><p class="totop"><a href="#summary">back to summary</a></p><h3 id="m79">de.latlon.ets.wms13.core.dgiwg.testsuite.getcapabilities.GetCapabilitiesMinMaxScaleDenominatorsTest#initParser</h3><table class="result"></table><p class="totop"><a href="#summary">back to summary</a></p><h3 id="m80">de.latlon.ets.wms13.core.dgiwg.testsuite.getcapabilities.GetCapabilitiesOutputFormatTest#addAttributesOnTestFailure</h3><table class="result"></table><p class="totop"><a href="#summary">back to summary</a></p><h3 id="m81">de.latlon.ets.wms13.core.dgiwg.testsuite.getcapabilities.GetCapabilitiesOutputFormatTest#addAttributesOnTestFailure</h3><table class="result"></table><p class="totop"><a href="#summary">back to summary</a></p><h3 id="m82">de.latlon.ets.wms13.core.dgiwg.testsuite.getcapabilities.GetCapabilitiesOutputFormatTest#addAttributesOnTestSuccess</h3><table class="result"></table><p class="totop"><a href="#summary">back to summary</a></p><h3 id="m83">de.latlon.ets.wms13.core.dgiwg.testsuite.getcapabilities.GetCapabilitiesOutputFormatTest#addAttributesOnTestSuccess</h3><table class="result"></table><p class="totop"><a href="#summary">back to summary</a></p><h3 id="m84">de.latlon.ets.wms13.core.dgiwg.testsuite.getcapabilities.GetCapabilitiesOutputFormatTest#buildGetCapabilitiesRequest</h3><table class="result"></table><p class="totop"><a href="#summary">back to summary</a></p><h3 id="m85">de.latlon.ets.wms13.core.dgiwg.testsuite.getcapabilities.GetCapabilitiesOutputFormatTest#clearRequest</h3><table class="result"></table><p class="totop"><a href="#summary">back to summary</a></p><h3 id="m86">de.latlon.ets.wms13.core.dgiwg.testsuite.getcapabilities.GetCapabilitiesOutputFormatTest#clearRequest</h3><table class="result"></table><p class="totop"><a href="#summary">back to summary</a></p><h3 id="m87">de.latlon.ets.wms13.core.dgiwg.testsuite.getcapabilities.GetCapabilitiesOutputFormatTest#initParser</h3><table class="result"></table><p class="totop"><a href="#summary">back to summary</a></p><h3 id="m88">de.latlon.ets.wms13.core.dgiwg.testsuite.getcapabilities.GetCapabilitiesRequestParameterTest#addAttributesOnTestFailure</h3><table class="result"></table><p class="totop"><a href="#summary">back to summary</a></p><h3 id="m89">de.latlon.ets.wms13.core.dgiwg.testsuite.getcapabilities.GetCapabilitiesRequestParameterTest#addAttributesOnTestSuccess</h3><table class="result"></table><p class="totop"><a href="#summary">back to summary</a></p><h3 id="m90">de.latlon.ets.wms13.core.dgiwg.testsuite.getcapabilities.GetCapabilitiesRequestParameterTest#buildGetCapabilitiesRequest</h3><table class="result"></table><p class="totop"><a href="#summary">back to summary</a></p><h3 id="m91">de.latlon.ets.wms13.core.dgiwg.testsuite.getcapabilities.GetCapabilitiesRequestParameterTest#clearRequest</h3><table class="result"></table><p class="totop"><a href="#summary">back to summary</a></p><h3 id="m92">de.latlon.ets.wms13.core.dgiwg.testsuite.getcapabilities.GetCapabilitiesRequestParameterTest#initParser</h3><table class="result"></table><p class="totop"><a href="#summary">back to summary</a></p><h3 id="m93">de.latlon.ets.wms13.core.dgiwg.testsuite.getcapabilities.GetCapabilitiesStyleTest#buildGetCapabilitiesRequest</h3><table class="result"></table><p class="totop"><a href="#summary">back to summary</a></p><h3 id="m94">de.latlon.ets.wms13.core.dgiwg.testsuite.getcapabilities.GetCapabilitiesStyleTest#initParser</h3><table class="result"></table><p class="totop"><a href="#summary">back to summary</a></p><h3 id="m95">de.latlon.ets.wms13.core.dgiwg.testsuite.getfeatureinfo.GetFeatureInfoExceptionsTest#addAttributesOnTestFailure</h3><table class="result"></table><p class="totop"><a href="#summary">back to summary</a></p><h3 id="m96">de.latlon.ets.wms13.core.dgiwg.testsuite.getfeatureinfo.GetFeatureInfoExceptionsTest#addAttributesOnTestFailure</h3><table class="result"></table><p class="totop"><a href="#summary">back to summary</a></p><h3 id="m97">de.latlon.ets.wms13.core.dgiwg.testsuite.getfeatureinfo.GetFeatureInfoExceptionsTest#addAttributesOnTestSuccess</h3><table class="result"></table><p class="totop"><a href="#summary">back to summary</a></p><h3 id="m98">de.latlon.ets.wms13.core.dgiwg.testsuite.getfeatureinfo.GetFeatureInfoExceptionsTest#addAttributesOnTestSuccess</h3><table class="result"></table><p class="totop"><a href="#summary">back to summary</a></p><h3 id="m99">de.latlon.ets.wms13.core.dgiwg.testsuite.getfeatureinfo.GetFeatureInfoExceptionsTest#buildGetMapRequest</h3><table class="result"></table><p class="totop"><a href="#summary">back to summary</a></p><h3 id="m100">de.latlon.ets.wms13.core.dgiwg.testsuite.getfeatureinfo.GetFeatureInfoExceptionsTest#initParser</h3><table class="result"></table><p class="totop"><a href="#summary">back to summary</a></p><h3 id="m101">de.latlon.ets.wms13.core.dgiwg.testsuite.getfeatureinfo.GetFeatureInfoFeatureCountTest#addAttributesOnTestFailure</h3><table class="result"></table><p class="totop"><a href="#summary">back to summary</a></p><h3 id="m102">de.latlon.ets.wms13.core.dgiwg.testsuite.getfeatureinfo.GetFeatureInfoFeatureCountTest#addAttributesOnTestFailure</h3><table class="result"></table><p class="totop"><a href="#summary">back to summary</a></p><h3 id="m103">de.latlon.ets.wms13.core.dgiwg.testsuite.getfeatureinfo.GetFeatureInfoFeatureCountTest#addAttributesOnTestSuccess</h3><table class="result"></table><p class="totop"><a href="#summary">back to summary</a></p><h3 id="m104">de.latlon.ets.wms13.core.dgiwg.testsuite.getfeatureinfo.GetFeatureInfoFeatureCountTest#addAttributesOnTestSuccess</h3><table class="result"></table><p class="totop"><a href="#summary">back to summary</a></p><h3 id="m105">de.latlon.ets.wms13.core.dgiwg.testsuite.getfeatureinfo.GetFeatureInfoFeatureCountTest#buildGetMapRequest</h3><table class="result"></table><p class="totop"><a href="#summary">back to summary</a></p><h3 id="m106">de.latlon.ets.wms13.core.dgiwg.testsuite.getfeatureinfo.GetFeatureInfoFeatureCountTest#initParser</h3><table class="result"></table><p class="totop"><a href="#summary">back to summary</a></p><h3 id="m107">de.latlon.ets.wms13.core.dgiwg.testsuite.getfeatureinfo.GetFeatureInfoInfoFormatTest#buildGetMapRequest</h3><table class="result"></table><p class="totop"><a href="#summary">back to summary</a></p><h3 id="m108">de.latlon.ets.wms13.core.dgiwg.testsuite.getfeatureinfo.GetFeatureInfoInfoFormatTest#initParser</h3><table class="result"></table><p class="totop"><a href="#summary">back to summary</a></p><h3 id="m109">de.latlon.ets.wms13.core.dgiwg.testsuite.getfeatureinfo.GetFeatureInfoOutputFormatTest#addAttributesOnTestFailure</h3><table class="result"></table><p class="totop"><a href="#summary">back to summary</a></p><h3 id="m110">de.latlon.ets.wms13.core.dgiwg.testsuite.getfeatureinfo.GetFeatureInfoOutputFormatTest#addAttributesOnTestFailure</h3><table class="result"></table><p class="totop"><a href="#summary">back to summary</a></p><h3 id="m111">de.latlon.ets.wms13.core.dgiwg.testsuite.getfeatureinfo.GetFeatureInfoOutputFormatTest#addAttributesOnTestSuccess</h3><table class="result"></table><p class="totop"><a href="#summary">back to summary</a></p><h3 id="m112">de.latlon.ets.wms13.core.dgiwg.testsuite.getfeatureinfo.GetFeatureInfoOutputFormatTest#addAttributesOnTestSuccess</h3><table class="result"></table><p class="totop"><a href="#summary">back to summary</a></p><h3 id="m113">de.latlon.ets.wms13.core.dgiwg.testsuite.getfeatureinfo.GetFeatureInfoOutputFormatTest#buildGetMapRequest</h3><table class="result"></table><p class="totop"><a href="#summary">back to summary</a></p><h3 id="m114">de.latlon.ets.wms13.core.dgiwg.testsuite.getfeatureinfo.GetFeatureInfoOutputFormatTest#clearRequest</h3><table class="result"></table><p class="totop"><a href="#summary">back to summary</a></p><h3 id="m115">de.latlon.ets.wms13.core.dgiwg.testsuite.getfeatureinfo.GetFeatureInfoOutputFormatTest#clearRequest</h3><table class="result"></table><p class="totop"><a href="#summary">back to summary</a></p><h3 id="m116">de.latlon.ets.wms13.core.dgiwg.testsuite.getfeatureinfo.GetFeatureInfoOutputFormatTest#initParser</h3><table class="result"></table><p class="totop"><a href="#summary">back to summary</a></p><h3 id="m117">de.latlon.ets.wms13.core.dgiwg.testsuite.getfeatureinfo.GetFeatureInfoUomTest#buildGetMapRequest</h3><table class="result"></table><p class="totop"><a href="#summary">back to summary</a></p><h3 id="m118">de.latlon.ets.wms13.core.dgiwg.testsuite.getfeatureinfo.GetFeatureInfoUomTest#initParser</h3><table class="result"></table><p class="totop"><a href="#summary">back to summary</a></p><h3 id="m119">de.latlon.ets.wms13.core.dgiwg.testsuite.getmap.GetMapBlankExceptionsTest#addAttributesOnTestFailure</h3><table class="result"></table><p class="totop"><a href="#summary">back to summary</a></p><h3 id="m120">de.latlon.ets.wms13.core.dgiwg.testsuite.getmap.GetMapBlankExceptionsTest#addAttributesOnTestFailure</h3><table class="result"></table><p class="totop"><a href="#summary">back to summary</a></p><h3 id="m121">de.latlon.ets.wms13.core.dgiwg.testsuite.getmap.GetMapBlankExceptionsTest#addAttributesOnTestSuccess</h3><table class="result"></table><p class="totop"><a href="#summary">back to summary</a></p><h3 id="m122">de.latlon.ets.wms13.core.dgiwg.testsuite.getmap.GetMapBlankExceptionsTest#addAttributesOnTestSuccess</h3><table class="result"></table><p class="totop"><a href="#summary">back to summary</a></p><h3 id="m123">de.latlon.ets.wms13.core.dgiwg.testsuite.getmap.GetMapBlankExceptionsTest#buildGetMapRequest</h3><table class="result"></table><p class="totop"><a href="#summary">back to summary</a></p><h3 id="m124">de.latlon.ets.wms13.core.dgiwg.testsuite.getmap.GetMapBlankExceptionsTest#clearRequest</h3><table class="result"></table><p class="totop"><a href="#summary">back to summary</a></p><h3 id="m125">de.latlon.ets.wms13.core.dgiwg.testsuite.getmap.GetMapBlankExceptionsTest#clearRequest</h3><table class="result"></table><p class="totop"><a href="#summary">back to summary</a></p><h3 id="m126">de.latlon.ets.wms13.core.dgiwg.testsuite.getmap.GetMapBlankExceptionsTest#initParser</h3><table class="result"></table><p class="totop"><a href="#summary">back to summary</a></p><h3 id="m127">de.latlon.ets.wms13.core.dgiwg.testsuite.getmap.GetMapBlankExceptionsTest#setResultDirectory</h3><table class="result"></table><p class="totop"><a href="#summary">back to summary</a></p><h3 id="m128">de.latlon.ets.wms13.core.dgiwg.testsuite.getmap.GetMapDimensionsTest#addAttributesOnTestFailure</h3><table class="result"></table><p class="totop"><a href="#summary">back to summary</a></p><h3 id="m129">de.latlon.ets.wms13.core.dgiwg.testsuite.getmap.GetMapDimensionsTest#addAttributesOnTestSuccess</h3><table class="result"></table><p class="totop"><a href="#summary">back to summary</a></p><h3 id="m130">de.latlon.ets.wms13.core.dgiwg.testsuite.getmap.GetMapDimensionsTest#buildGetMapRequest</h3><table class="result"></table><p class="totop"><a href="#summary">back to summary</a></p><h3 id="m131">de.latlon.ets.wms13.core.dgiwg.testsuite.getmap.GetMapDimensionsTest#clearRequest</h3><table class="result"></table><p class="totop"><a href="#summary">back to summary</a></p><h3 id="m132">de.latlon.ets.wms13.core.dgiwg.testsuite.getmap.GetMapDimensionsTest#initParser</h3><table class="result"></table><p class="totop"><a href="#summary">back to summary</a></p><h3 id="m133">de.latlon.ets.wms13.core.dgiwg.testsuite.getmap.GetMapDimensionsTest#setResultDirectory</h3><table class="result"></table><p class="totop"><a href="#summary">back to summary</a></p><h3 id="m134">de.latlon.ets.wms13.core.dgiwg.testsuite.getmap.GetMapInImageExceptionsTest#addAttributesOnTestFailure</h3><table class="result"></table><p class="totop"><a href="#summary">back to summary</a></p><h3 id="m135">de.latlon.ets.wms13.core.dgiwg.testsuite.getmap.GetMapInImageExceptionsTest#addAttributesOnTestSuccess</h3><table class="result"></table><p class="totop"><a href="#summary">back to summary</a></p><h3 id="m136">de.latlon.ets.wms13.core.dgiwg.testsuite.getmap.GetMapInImageExceptionsTest#clearRequest</h3><table class="result"></table><p class="totop"><a href="#summary">back to summary</a></p><h3 id="m137">de.latlon.ets.wms13.core.dgiwg.testsuite.getmap.GetMapInImageExceptionsTest#setResultDirectory</h3><table class="result"></table><p class="totop"><a href="#summary">back to summary</a></p><h3 id="m138">de.latlon.ets.wms13.core.dgiwg.testsuite.getmap.GetMapLayerCrsTest#buildGetMapRequest</h3><table class="result"></table><p class="totop"><a href="#summary">back to summary</a></p><h3 id="m139">de.latlon.ets.wms13.core.dgiwg.testsuite.getmap.GetMapLayerCrsTest#initParser</h3><table class="result"></table><p class="totop"><a href="#summary">back to summary</a></p><h3 id="m140">de.latlon.ets.wms13.core.dgiwg.testsuite.getmap.GetMapLayerCrsTest#setResultDirectory</h3><table class="result"></table><p class="totop"><a href="#summary">back to summary</a></p><h3 id="m141">de.latlon.ets.wms13.core.dgiwg.testsuite.getmap.GetMapMultiDimensionalDataTest#addAttributesOnTestFailure</h3><table class="result"></table><p class="totop"><a href="#summary">back to summary</a></p><h3 id="m142">de.latlon.ets.wms13.core.dgiwg.testsuite.getmap.GetMapMultiDimensionalDataTest#addAttributesOnTestFailure</h3><table class="result"></table><p class="totop"><a href="#summary">back to summary</a></p><h3 id="m143">de.latlon.ets.wms13.core.dgiwg.testsuite.getmap.GetMapMultiDimensionalDataTest#addAttributesOnTestSuccess</h3><table class="result"></table><p class="totop"><a href="#summary">back to summary</a></p><h3 id="m144">de.latlon.ets.wms13.core.dgiwg.testsuite.getmap.GetMapMultiDimensionalDataTest#addAttributesOnTestSuccess</h3><table class="result"></table><p class="totop"><a href="#summary">back to summary</a></p><h3 id="m145">de.latlon.ets.wms13.core.dgiwg.testsuite.getmap.GetMapMultiDimensionalDataTest#buildGetMapRequest</h3><table class="result"></table><p class="totop"><a href="#summary">back to summary</a></p><h3 id="m146">de.latlon.ets.wms13.core.dgiwg.testsuite.getmap.GetMapMultiDimensionalDataTest#clearRequest</h3><table class="result"></table><p class="totop"><a href="#summary">back to summary</a></p><h3 id="m147">de.latlon.ets.wms13.core.dgiwg.testsuite.getmap.GetMapMultiDimensionalDataTest#clearRequest</h3><table class="result"></table><p class="totop"><a href="#summary">back to summary</a></p><h3 id="m148">de.latlon.ets.wms13.core.dgiwg.testsuite.getmap.GetMapMultiDimensionalDataTest#initParser</h3><table class="result"></table><p class="totop"><a href="#summary">back to summary</a></p><h3 id="m149">de.latlon.ets.wms13.core.dgiwg.testsuite.getmap.GetMapMultiDimensionalDataTest#setResultDirectory</h3><table class="result"></table><p class="totop"><a href="#summary">back to summary</a></p><h3 id="m150">de.latlon.ets.wms13.core.dgiwg.testsuite.getmap.GetMapOutputFormatTest#addAttributesOnTestFailure</h3><table class="result"></table><p class="totop"><a href="#summary">back to summary</a></p><h3 id="m151">de.latlon.ets.wms13.core.dgiwg.testsuite.getmap.GetMapOutputFormatTest#addAttributesOnTestFailure</h3><table class="result"></table><p class="totop"><a href="#summary">back to summary</a></p><h3 id="m152">de.latlon.ets.wms13.core.dgiwg.testsuite.getmap.GetMapOutputFormatTest#addAttributesOnTestFailure</h3><table class="result"></table><p class="totop"><a href="#summary">back to summary</a></p><h3 id="m153">de.latlon.ets.wms13.core.dgiwg.testsuite.getmap.GetMapOutputFormatTest#addAttributesOnTestSuccess</h3><table class="result"></table><p class="totop"><a href="#summary">back to summary</a></p><h3 id="m154">de.latlon.ets.wms13.core.dgiwg.testsuite.getmap.GetMapOutputFormatTest#addAttributesOnTestSuccess</h3><table class="result"></table><p class="totop"><a href="#summary">back to summary</a></p><h3 id="m155">de.latlon.ets.wms13.core.dgiwg.testsuite.getmap.GetMapOutputFormatTest#addAttributesOnTestSuccess</h3><table class="result"></table><p class="totop"><a href="#summary">back to summary</a></p><h3 id="m156">de.latlon.ets.wms13.core.dgiwg.testsuite.getmap.GetMapOutputFormatTest#buildGetMapRequest</h3><table class="result"></table><p class="totop"><a href="#summary">back to summary</a></p><h3 id="m157">de.latlon.ets.wms13.core.dgiwg.testsuite.getmap.GetMapOutputFormatTest#clearRequest</h3><table class="result"></table><p class="totop"><a href="#summary">back to summary</a></p><h3 id="m158">de.latlon.ets.wms13.core.dgiwg.testsuite.getmap.GetMapOutputFormatTest#clearRequest</h3><table class="result"></table><p class="totop"><a href="#summary">back to summary</a></p><h3 id="m159">de.latlon.ets.wms13.core.dgiwg.testsuite.getmap.GetMapOutputFormatTest#clearRequest</h3><table class="result"></table><p class="totop"><a href="#summary">back to summary</a></p><h3 id="m160">de.latlon.ets.wms13.core.dgiwg.testsuite.getmap.GetMapOutputFormatTest#initParser</h3><table class="result"></table><p class="totop"><a href="#summary">back to summary</a></p><h3 id="m161">de.latlon.ets.wms13.core.dgiwg.testsuite.getmap.GetMapOutputFormatTest#setResultDirectory</h3><table class="result"></table><p class="totop"><a href="#summary">back to summary</a></p><h3 id="m162">de.latlon.ets.wms13.core.dgiwg.testsuite.getmap.GetMapRequestParametersTest#addAttributesOnTestFailure</h3><table class="result"></table><p class="totop"><a href="#summary">back to summary</a></p><h3 id="m163">de.latlon.ets.wms13.core.dgiwg.testsuite.getmap.GetMapRequestParametersTest#addAttributesOnTestSuccess</h3><table class="result"></table><p class="totop"><a href="#summary">back to summary</a></p><h3 id="m164">de.latlon.ets.wms13.core.dgiwg.testsuite.getmap.GetMapRequestParametersTest#buildGetMapRequest</h3><table class="result"></table><p class="totop"><a href="#summary">back to summary</a></p><h3 id="m165">de.latlon.ets.wms13.core.dgiwg.testsuite.getmap.GetMapRequestParametersTest#clearRequest</h3><table class="result"></table><p class="totop"><a href="#summary">back to summary</a></p><h3 id="m166">de.latlon.ets.wms13.core.dgiwg.testsuite.getmap.GetMapRequestParametersTest#initParser</h3><table class="result"></table><p class="totop"><a href="#summary">back to summary</a></p><h3 id="m167">de.latlon.ets.wms13.core.dgiwg.testsuite.getmap.GetMapRequestParametersTest#setResultDirectory</h3><table class="result"></table><p class="totop"><a href="#summary">back to summary</a></p><h3 id="m168">de.latlon.ets.wms13.core.dgiwg.testsuite.getmap.GetMapTransparencyTest#addAttributesOnTestFailure</h3><table class="result"></table><p class="totop"><a href="#summary">back to summary</a></p><h3 id="m169">de.latlon.ets.wms13.core.dgiwg.testsuite.getmap.GetMapTransparencyTest#addAttributesOnTestFailure</h3><table class="result"></table><p class="totop"><a href="#summary">back to summary</a></p><h3 id="m170">de.latlon.ets.wms13.core.dgiwg.testsuite.getmap.GetMapTransparencyTest#addAttributesOnTestSuccess</h3><table class="result"></table><p class="totop"><a href="#summary">back to summary</a></p><h3 id="m171">de.latlon.ets.wms13.core.dgiwg.testsuite.getmap.GetMapTransparencyTest#addAttributesOnTestSuccess</h3><table class="result"></table><p class="totop"><a href="#summary">back to summary</a></p><h3 id="m172">de.latlon.ets.wms13.core.dgiwg.testsuite.getmap.GetMapTransparencyTest#buildGetMapRequest</h3><table class="result"></table><p class="totop"><a href="#summary">back to summary</a></p><h3 id="m173">de.latlon.ets.wms13.core.dgiwg.testsuite.getmap.GetMapTransparencyTest#clearRequest</h3><table class="result"></table><p class="totop"><a href="#summary">back to summary</a></p><h3 id="m174">de.latlon.ets.wms13.core.dgiwg.testsuite.getmap.GetMapTransparencyTest#clearRequest</h3><table class="result"></table><p class="totop"><a href="#summary">back to summary</a></p><h3 id="m175">de.latlon.ets.wms13.core.dgiwg.testsuite.getmap.GetMapTransparencyTest#initParser</h3><table class="result"></table><p class="totop"><a href="#summary">back to summary</a></p><h3 id="m176">de.latlon.ets.wms13.core.dgiwg.testsuite.getmap.GetMapTransparencyTest#setResultDirectory</h3><table class="result"></table><p class="totop"><a href="#summary">back to summary</a></p><h3 id="m177">de.latlon.ets.wms13.core.dgiwg.testsuite.DuplicatedParametersException#exceptionCodeIsValid</h3><table class="result"><tr><th>Exception</th></tr><tr><td><div class="stacktrace">java.lang.Throwable: Method DuplicatedParametersException.exceptionCodeIsValid(java.lang.String)[pri:0, instance:de.latlon.ets.wms13.core.dgiwg.testsuite.DuplicatedParametersException@45c7e403] depends on not successfully finished methods
	at org.testng.internal.Invoker.invokeTestMethods(Invoker.java:1037)
	at org.testng.internal.TestMethodWorker.invokeTestMethods(TestMethodWorker.java:129)
	at org.testng.internal.TestMethodWorker.run(TestMethodWorker.java:112)
	at org.testng.TestRunner.privateRun(TestRunner.java:782)
	at org.testng.TestRunner.run(TestRunner.java:632)
	at org.testng.SuiteRunner.runTest(SuiteRunner.java:366)
	at org.testng.SuiteRunner.runSequentially(SuiteRunner.java:361)
	at org.testng.SuiteRunner.privateRun(SuiteRunner.java:319)
	at org.testng.SuiteRunner.run(SuiteRunner.java:268)
	at org.testng.SuiteRunnerWorker.runSuite(SuiteRunnerWorker.java:52)
	at org.testng.SuiteRunnerWorker.run(SuiteRunnerWorker.java:86)
	at org.testng.TestNG.runSuitesSequentially(TestNG.java:1244)
	at org.testng.TestNG.runSuitesLocally(TestNG.java:1169)
	at org.testng.TestNG.run(TestNG.java:1064)
	at org.testng.remote.AbstractRemoteTestNG.run(AbstractRemoteTestNG.java:115)
	at org.testng.remote.RemoteTestNG.initAndRun(RemoteTestNG.java:251)
	at org.testng.remote.RemoteTestNG.main(RemoteTestNG.java:77)
</div></td></tr></table><p class="totop"><a href="#summary">back to summary</a></p><h3 id="m178">de.latlon.ets.wms13.core.dgiwg.testsuite.DuplicatedParametersException#schemaIsWellUsed</h3><table class="result"></table><p class="totop"><a href="#summary">back to summary</a></p><h3 id="m179">de.latlon.ets.wms13.core.dgiwg.testsuite.Prerequisites#serviceIsAvailable</h3><table class="result"><tr><th>Exception</th></tr><tr><td><div class="stacktrace">java.lang.Throwable: Method Prerequisites.serviceIsAvailable(org.testng.ITestContext)[pri:0, instance:de.latlon.ets.wms13.core.dgiwg.testsuite.Prerequisites@302552ec] depends on not successfully finished methods
	at org.testng.internal.Invoker.invokeTestMethods(Invoker.java:1037)
	at org.testng.internal.TestMethodWorker.invokeTestMethods(TestMethodWorker.java:129)
	at org.testng.internal.TestMethodWorker.run(TestMethodWorker.java:112)
	at org.testng.TestRunner.privateRun(TestRunner.java:782)
	at org.testng.TestRunner.run(TestRunner.java:632)
	at org.testng.SuiteRunner.runTest(SuiteRunner.java:366)
	at org.testng.SuiteRunner.runSequentially(SuiteRunner.java:361)
	at org.testng.SuiteRunner.privateRun(SuiteRunner.java:319)
	at org.testng.SuiteRunner.run(SuiteRunner.java:268)
	at org.testng.SuiteRunnerWorker.runSuite(SuiteRunnerWorker.java:52)
	at org.testng.SuiteRunnerWorker.run(SuiteRunnerWorker.java:86)
	at org.testng.TestNG.runSuitesSequentially(TestNG.java:1244)
	at org.testng.TestNG.runSuitesLocally(TestNG.java:1169)
	at org.testng.TestNG.run(TestNG.java:1064)
	at org.testng.remote.AbstractRemoteTestNG.run(AbstractRemoteTestNG.java:115)
	at org.testng.remote.RemoteTestNG.initAndRun(RemoteTestNG.java:251)
	at org.testng.remote.RemoteTestNG.main(RemoteTestNG.java:77)
</div></td></tr></table><p class="totop"><a href="#summary">back to summary</a></p><h3 id="m180">de.latlon.ets.wms13.core.dgiwg.testsuite.getcapabilities.ConfiguredOutputFormatTest#wmsCapabilitiesOutputFormatGetCapabilitiesTextHtmlSupported</h3><table class="result"></table><p class="totop"><a href="#summary">back to summary</a></p><h3 id="m181">de.latlon.ets.wms13.core.dgiwg.testsuite.getcapabilities.ConfiguredOutputFormatTest#wmsCapabilitiesOutputFormatGetCapabilitiesTextXmlSupported</h3><table class="result"></table><p class="totop"><a href="#summary">back to summary</a></p><h3 id="m182">de.latlon.ets.wms13.core.dgiwg.testsuite.getcapabilities.ConfiguredOutputFormatTest#wmsCapabilitiesOutputFormatGetFeatureInfoTextHtmlSupported</h3><table class="result"></table><p class="totop"><a href="#summary">back to summary</a></p><h3 id="m183">de.latlon.ets.wms13.core.dgiwg.testsuite.getcapabilities.ConfiguredOutputFormatTest#wmsCapabilitiesOutputFormatGetFeatureInfoTextXmlSupported</h3><table class="result"></table><p class="totop"><a href="#summary">back to summary</a></p><h3 id="m184">de.latlon.ets.wms13.core.dgiwg.testsuite.getcapabilities.ConfiguredOutputFormatTest#wmsCapabilitiesOutputFormatGetMapImageGifSupported</h3><table class="result"></table><p class="totop"><a href="#summary">back to summary</a></p><h3 id="m185">de.latlon.ets.wms13.core.dgiwg.testsuite.getcapabilities.ConfiguredOutputFormatTest#wmsCapabilitiesOutputFormatGetMapImageJpegSupported</h3><table class="result"></table><p class="totop"><a href="#summary">back to summary</a></p><h3 id="m186">de.latlon.ets.wms13.core.dgiwg.testsuite.getcapabilities.ConfiguredOutputFormatTest#wmsCapabilitiesOutputFormatGetMapImagePngSupported</h3><table class="result"></table><p class="totop"><a href="#summary">back to summary</a></p><h3 id="m187">de.latlon.ets.wms13.core.dgiwg.testsuite.getcapabilities.GetCapabilitiesAcceptFormatsTest#wmsCapabilitiesFormatIsAccepted</h3><table class="result"><tr><th>Exception</th></tr><tr><td><div class="stacktrace">java.lang.RuntimeException: java.lang.NullPointerException
	at org.testng.internal.MethodInvocationHelper.invokeDataProvider(MethodInvocationHelper.java:163)
	at org.testng.internal.Parameters.handleParameters(Parameters.java:430)
	at org.testng.internal.Invoker.handleParameters(Invoker.java:1274)
	at org.testng.internal.Invoker.createParameters(Invoker.java:989)
	at org.testng.internal.Invoker.invokeTestMethods(Invoker.java:1079)
	at org.testng.internal.TestMethodWorker.invokeTestMethods(TestMethodWorker.java:129)
	at org.testng.internal.TestMethodWorker.run(TestMethodWorker.java:112)
	at org.testng.TestRunner.privateRun(TestRunner.java:782)
	at org.testng.TestRunner.run(TestRunner.java:632)
	at org.testng.SuiteRunner.runTest(SuiteRunner.java:366)
	at org.testng.SuiteRunner.runSequentially(SuiteRunner.java:361)
	at org.testng.SuiteRunner.privateRun(SuiteRunner.java:319)
	at org.testng.SuiteRunner.run(SuiteRunner.java:268)
	at org.testng.SuiteRunnerWorker.runSuite(SuiteRunnerWorker.java:52)
	at org.testng.SuiteRunnerWorker.run(SuiteRunnerWorker.java:86)
	at org.testng.TestNG.runSuitesSequentially(TestNG.java:1244)
	at org.testng.TestNG.runSuitesLocally(TestNG.java:1169)
	at org.testng.TestNG.run(TestNG.java:1064)
	at org.testng.remote.AbstractRemoteTestNG.run(AbstractRemoteTestNG.java:115)
	at org.testng.remote.RemoteTestNG.initAndRun(RemoteTestNG.java:251)
	at org.testng.remote.RemoteTestNG.main(RemoteTestNG.java:77)
Caused by: java.lang.NullPointerException
	at de.latlon.ets.wms13.core.dgiwg.testsuite.getcapabilities.GetCapabilitiesAcceptFormatsTest.parseAcceptFormats(GetCapabilitiesAcceptFormatsTest.java:45)
	at sun.reflect.NativeMethodAccessorImpl.invoke0(Native Method)
	at sun.reflect.NativeMethodAccessorImpl.invoke(NativeMethodAccessorImpl.java:62)
	at sun.reflect.DelegatingMethodAccessorImpl.invoke(DelegatingMethodAccessorImpl.java:43)
	at java.lang.reflect.Method.invoke(Method.java:498)
	at org.testng.internal.MethodInvocationHelper.invokeMethod(MethodInvocationHelper.java:86)
	at org.testng.internal.MethodInvocationHelper.invokeDataProvider(MethodInvocationHelper.java:137)
	... 20 more
</div></td></tr></table><p class="totop"><a href="#summary">back to summary</a></p><h3 id="m188">de.latlon.ets.wms13.core.dgiwg.testsuite.getcapabilities.GetCapabilitiesAcceptLanguagesTest#wmsCapabilitiesLanguageIsAccepted</h3><table class="result"><tr><th>Exception</th></tr><tr><td><div class="stacktrace">java.lang.RuntimeException: java.lang.NullPointerException
	at org.testng.internal.MethodInvocationHelper.invokeDataProvider(MethodInvocationHelper.java:163)
	at org.testng.internal.Parameters.handleParameters(Parameters.java:430)
	at org.testng.internal.Invoker.handleParameters(Invoker.java:1274)
	at org.testng.internal.Invoker.createParameters(Invoker.java:989)
	at org.testng.internal.Invoker.invokeTestMethods(Invoker.java:1079)
	at org.testng.internal.TestMethodWorker.invokeTestMethods(TestMethodWorker.java:129)
	at org.testng.internal.TestMethodWorker.run(TestMethodWorker.java:112)
	at org.testng.TestRunner.privateRun(TestRunner.java:782)
	at org.testng.TestRunner.run(TestRunner.java:632)
	at org.testng.SuiteRunner.runTest(SuiteRunner.java:366)
	at org.testng.SuiteRunner.runSequentially(SuiteRunner.java:361)
	at org.testng.SuiteRunner.privateRun(SuiteRunner.java:319)
	at org.testng.SuiteRunner.run(SuiteRunner.java:268)
	at org.testng.SuiteRunnerWorker.runSuite(SuiteRunnerWorker.java:52)
	at org.testng.SuiteRunnerWorker.run(SuiteRunnerWorker.java:86)
	at org.testng.TestNG.runSuitesSequentially(TestNG.java:1244)
	at org.testng.TestNG.runSuitesLocally(TestNG.java:1169)
	at org.testng.TestNG.run(TestNG.java:1064)
	at org.testng.remote.AbstractRemoteTestNG.run(AbstractRemoteTestNG.java:115)
	at org.testng.remote.RemoteTestNG.initAndRun(RemoteTestNG.java:251)
	at org.testng.remote.RemoteTestNG.main(RemoteTestNG.java:77)
Caused by: java.lang.NullPointerException
	at de.latlon.ets.wms13.core.dgiwg.testsuite.getcapabilities.GetCapabilitiesAcceptLanguagesTest.desiredLanguages(GetCapabilitiesAcceptLanguagesTest.java:67)
	at de.latlon.ets.wms13.core.dgiwg.testsuite.getcapabilities.GetCapabilitiesAcceptLanguagesTest.parseAcceptFormats(GetCapabilitiesAcceptLanguagesTest.java:207)
	at sun.reflect.NativeMethodAccessorImpl.invoke0(Native Method)
	at sun.reflect.NativeMethodAccessorImpl.invoke(NativeMethodAccessorImpl.java:62)
	at sun.reflect.DelegatingMethodAccessorImpl.invoke(DelegatingMethodAccessorImpl.java:43)
	at java.lang.reflect.Method.invoke(Method.java:498)
	at org.testng.internal.MethodInvocationHelper.invokeMethod(MethodInvocationHelper.java:86)
	at org.testng.internal.MethodInvocationHelper.invokeDataProvider(MethodInvocationHelper.java:137)
	... 20 more
</div></td></tr></table><p class="totop"><a href="#summary">back to summary</a></p><h3 id="m189">de.latlon.ets.wms13.core.dgiwg.testsuite.getcapabilities.GetCapabilitiesAccessConstraintTest#wmsCapabilitiesAccessConstraintsContainsValueFromDMF</h3><table class="result"><tr><th>Exception</th></tr><tr><td><div class="stacktrace">java.lang.Throwable: Method GetCapabilitiesAccessConstraintTest.wmsCapabilitiesAccessConstraintsContainsValueFromDMF()[pri:0, instance:de.latlon.ets.wms13.core.dgiwg.testsuite.getcapabilities.GetCapabilitiesAccessConstraintTest@49438269] depends on not successfully finished methods
	at org.testng.internal.Invoker.invokeTestMethods(Invoker.java:1037)
	at org.testng.internal.TestMethodWorker.invokeTestMethods(TestMethodWorker.java:129)
	at org.testng.internal.TestMethodWorker.run(TestMethodWorker.java:112)
	at org.testng.TestRunner.privateRun(TestRunner.java:782)
	at org.testng.TestRunner.run(TestRunner.java:632)
	at org.testng.SuiteRunner.runTest(SuiteRunner.java:366)
	at org.testng.SuiteRunner.runSequentially(SuiteRunner.java:361)
	at org.testng.SuiteRunner.privateRun(SuiteRunner.java:319)
	at org.testng.SuiteRunner.run(SuiteRunner.java:268)
	at org.testng.SuiteRunnerWorker.runSuite(SuiteRunnerWorker.java:52)
	at org.testng.SuiteRunnerWorker.run(SuiteRunnerWorker.java:86)
	at org.testng.TestNG.runSuitesSequentially(TestNG.java:1244)
	at org.testng.TestNG.runSuitesLocally(TestNG.java:1169)
	at org.testng.TestNG.run(TestNG.java:1064)
	at org.testng.remote.AbstractRemoteTestNG.run(AbstractRemoteTestNG.java:115)
	at org.testng.remote.RemoteTestNG.initAndRun(RemoteTestNG.java:251)
	at org.testng.remote.RemoteTestNG.main(RemoteTestNG.java:77)
</div></td></tr></table><p class="totop"><a href="#summary">back to summary</a></p><h3 id="m190">de.latlon.ets.wms13.core.dgiwg.testsuite.getcapabilities.GetCapabilitiesAccessConstraintTest#wmsCapabilitiesAccessConstraintsExists</h3><table class="result"></table><p class="totop"><a href="#summary">back to summary</a></p><h3 id="m191">de.latlon.ets.wms13.core.dgiwg.testsuite.getcapabilities.GetCapabilitiesContentTest#wmsCapabilitiesAbstractExists</h3><table class="result"></table><p class="totop"><a href="#summary">back to summary</a></p><h3 id="m192">de.latlon.ets.wms13.core.dgiwg.testsuite.getcapabilities.GetCapabilitiesContentTest#wmsCapabilitiesAccessConstraintsExists</h3><table class="result"></table><p class="totop"><a href="#summary">back to summary</a></p><h3 id="m193">de.latlon.ets.wms13.core.dgiwg.testsuite.getcapabilities.GetCapabilitiesContentTest#wmsCapabilitiesContactInformationExists</h3><table class="result"></table><p class="totop"><a href="#summary">back to summary</a></p><h3 id="m194">de.latlon.ets.wms13.core.dgiwg.testsuite.getcapabilities.GetCapabilitiesContentTest#wmsCapabilitiesFeesExists</h3><table class="result"></table><p class="totop"><a href="#summary">back to summary</a></p><h3 id="m195">de.latlon.ets.wms13.core.dgiwg.testsuite.getcapabilities.GetCapabilitiesContentTest#wmsCapabilitiesKeywordListExists</h3><table class="result"></table><p class="totop"><a href="#summary">back to summary</a></p><h3 id="m196">de.latlon.ets.wms13.core.dgiwg.testsuite.getcapabilities.GetCapabilitiesContentTest#wmsCapabilitiesLayerLimitExists</h3><table class="result"></table><p class="totop"><a href="#summary">back to summary</a></p><h3 id="m197">de.latlon.ets.wms13.core.dgiwg.testsuite.getcapabilities.GetCapabilitiesContentTest#wmsCapabilitiesNameExists</h3><table class="result"></table><p class="totop"><a href="#summary">back to summary</a></p><h3 id="m198">de.latlon.ets.wms13.core.dgiwg.testsuite.getcapabilities.GetCapabilitiesContentTest#wmsCapabilitiesOnlineResourceExists</h3><table class="result"></table><p class="totop"><a href="#summary">back to summary</a></p><h3 id="m199">de.latlon.ets.wms13.core.dgiwg.testsuite.getcapabilities.GetCapabilitiesContentTest#wmsCapabilitiesTitleExists</h3><table class="result"></table><p class="totop"><a href="#summary">back to summary</a></p><h3 id="m200">de.latlon.ets.wms13.core.dgiwg.testsuite.getcapabilities.GetCapabilitiesDataUrlTest#wmsCapabilitiesDataUrlIsResolvable</h3><table class="result"><tr><th>Exception</th></tr><tr><td><div class="stacktrace">java.lang.RuntimeException: javax.xml.xpath.XPathExpressionException: javax.xml.transform.TransformerException: Unable to evaluate expression using this context
	at org.testng.internal.MethodInvocationHelper.invokeDataProvider(MethodInvocationHelper.java:163)
	at org.testng.internal.Parameters.handleParameters(Parameters.java:430)
	at org.testng.internal.Invoker.handleParameters(Invoker.java:1274)
	at org.testng.internal.Invoker.createParameters(Invoker.java:989)
	at org.testng.internal.Invoker.invokeTestMethods(Invoker.java:1079)
	at org.testng.internal.TestMethodWorker.invokeTestMethods(TestMethodWorker.java:129)
	at org.testng.internal.TestMethodWorker.run(TestMethodWorker.java:112)
	at org.testng.TestRunner.privateRun(TestRunner.java:782)
	at org.testng.TestRunner.run(TestRunner.java:632)
	at org.testng.SuiteRunner.runTest(SuiteRunner.java:366)
	at org.testng.SuiteRunner.runSequentially(SuiteRunner.java:361)
	at org.testng.SuiteRunner.privateRun(SuiteRunner.java:319)
	at org.testng.SuiteRunner.run(SuiteRunner.java:268)
	at org.testng.SuiteRunnerWorker.runSuite(SuiteRunnerWorker.java:52)
	at org.testng.SuiteRunnerWorker.run(SuiteRunnerWorker.java:86)
	at org.testng.TestNG.runSuitesSequentially(TestNG.java:1244)
	at org.testng.TestNG.runSuitesLocally(TestNG.java:1169)
	at org.testng.TestNG.run(TestNG.java:1064)
	at org.testng.remote.AbstractRemoteTestNG.run(AbstractRemoteTestNG.java:115)
	at org.testng.remote.RemoteTestNG.initAndRun(RemoteTestNG.java:251)
	at org.testng.remote.RemoteTestNG.main(RemoteTestNG.java:77)
Caused by: javax.xml.xpath.XPathExpressionException: javax.xml.transform.TransformerException: Unable to evaluate expression using this context
	at com.sun.org.apache.xpath.internal.jaxp.XPathImpl.evaluate(XPathImpl.java:285)
	at de.latlon.ets.wms13.core.dgiwg.testsuite.getcapabilities.GetCapabilitiesDataUrlTest.parseDataUrlNodes(GetCapabilitiesDataUrlTest.java:53)
	at de.latlon.ets.wms13.core.dgiwg.testsuite.getcapabilities.GetCapabilitiesDataUrlTest.parseDataUrls(GetCapabilitiesDataUrlTest.java:31)
	at sun.reflect.NativeMethodAccessorImpl.invoke0(Native Method)
	at sun.reflect.NativeMethodAccessorImpl.invoke(NativeMethodAccessorImpl.java:62)
	at sun.reflect.DelegatingMethodAccessorImpl.invoke(DelegatingMethodAccessorImpl.java:43)
	at java.lang.reflect.Method.invoke(Method.java:498)
	at org.testng.internal.MethodInvocationHelper.invokeMethod(MethodInvocationHelper.java:86)
	at org.testng.internal.MethodInvocationHelper.invokeDataProvider(MethodInvocationHelper.java:137)
	... 20 more
Caused by: javax.xml.transform.TransformerException: Unable to evaluate expression using this context
	at com.sun.org.apache.xpath.internal.XPath.execute(XPath.java:370)
	at com.sun.org.apache.xpath.internal.jaxp.XPathImpl.eval(XPathImpl.java:209)
	at com.sun.org.apache.xpath.internal.jaxp.XPathImpl.evaluate(XPathImpl.java:271)
	... 28 more
Caused by: java.lang.RuntimeException: Unable to evaluate expression using this context
	at com.sun.org.apache.xpath.internal.axes.NodeSequence.setRoot(NodeSequence.java:266)
	at com.sun.org.apache.xpath.internal.axes.LocPathIterator.execute(LocPathIterator.java:214)
	at com.sun.org.apache.xpath.internal.XPath.execute(XPath.java:341)
	... 30 more
</div></td></tr></table><p class="totop"><a href="#summary">back to summary</a></p><h3 id="m201">de.latlon.ets.wms13.core.dgiwg.testsuite.getcapabilities.GetCapabilitiesFeatureListUrlTest#wmsCapabilitiesFeatureListUrlIsResolvable</h3><table class="result"><tr><th>Exception</th></tr><tr><td><div class="stacktrace">java.lang.RuntimeException: javax.xml.xpath.XPathExpressionException: javax.xml.transform.TransformerException: Unable to evaluate expression using this context
	at org.testng.internal.MethodInvocationHelper.invokeDataProvider(MethodInvocationHelper.java:163)
	at org.testng.internal.Parameters.handleParameters(Parameters.java:430)
	at org.testng.internal.Invoker.handleParameters(Invoker.java:1274)
	at org.testng.internal.Invoker.createParameters(Invoker.java:989)
	at org.testng.internal.Invoker.invokeTestMethods(Invoker.java:1079)
	at org.testng.internal.TestMethodWorker.invokeTestMethods(TestMethodWorker.java:129)
	at org.testng.internal.TestMethodWorker.run(TestMethodWorker.java:112)
	at org.testng.TestRunner.privateRun(TestRunner.java:782)
	at org.testng.TestRunner.run(TestRunner.java:632)
	at org.testng.SuiteRunner.runTest(SuiteRunner.java:366)
	at org.testng.SuiteRunner.runSequentially(SuiteRunner.java:361)
	at org.testng.SuiteRunner.privateRun(SuiteRunner.java:319)
	at org.testng.SuiteRunner.run(SuiteRunner.java:268)
	at org.testng.SuiteRunnerWorker.runSuite(SuiteRunnerWorker.java:52)
	at org.testng.SuiteRunnerWorker.run(SuiteRunnerWorker.java:86)
	at org.testng.TestNG.runSuitesSequentially(TestNG.java:1244)
	at org.testng.TestNG.runSuitesLocally(TestNG.java:1169)
	at org.testng.TestNG.run(TestNG.java:1064)
	at org.testng.remote.AbstractRemoteTestNG.run(AbstractRemoteTestNG.java:115)
	at org.testng.remote.RemoteTestNG.initAndRun(RemoteTestNG.java:251)
	at org.testng.remote.RemoteTestNG.main(RemoteTestNG.java:77)
Caused by: javax.xml.xpath.XPathExpressionException: javax.xml.transform.TransformerException: Unable to evaluate expression using this context
	at com.sun.org.apache.xpath.internal.jaxp.XPathImpl.evaluate(XPathImpl.java:285)
	at de.latlon.ets.wms13.core.dgiwg.testsuite.getcapabilities.GetCapabilitiesFeatureListUrlTest.parseFeatureListUrlNodes(GetCapabilitiesFeatureListUrlTest.java:54)
	at de.latlon.ets.wms13.core.dgiwg.testsuite.getcapabilities.GetCapabilitiesFeatureListUrlTest.parseFeatureListUrlNodes(GetCapabilitiesFeatureListUrlTest.java:31)
	at sun.reflect.NativeMethodAccessorImpl.invoke0(Native Method)
	at sun.reflect.NativeMethodAccessorImpl.invoke(NativeMethodAccessorImpl.java:62)
	at sun.reflect.DelegatingMethodAccessorImpl.invoke(DelegatingMethodAccessorImpl.java:43)
	at java.lang.reflect.Method.invoke(Method.java:498)
	at org.testng.internal.MethodInvocationHelper.invokeMethod(MethodInvocationHelper.java:86)
	at org.testng.internal.MethodInvocationHelper.invokeDataProvider(MethodInvocationHelper.java:137)
	... 20 more
Caused by: javax.xml.transform.TransformerException: Unable to evaluate expression using this context
	at com.sun.org.apache.xpath.internal.XPath.execute(XPath.java:370)
	at com.sun.org.apache.xpath.internal.jaxp.XPathImpl.eval(XPathImpl.java:209)
	at com.sun.org.apache.xpath.internal.jaxp.XPathImpl.evaluate(XPathImpl.java:271)
	... 28 more
Caused by: java.lang.RuntimeException: Unable to evaluate expression using this context
	at com.sun.org.apache.xpath.internal.axes.NodeSequence.setRoot(NodeSequence.java:266)
	at com.sun.org.apache.xpath.internal.axes.LocPathIterator.execute(LocPathIterator.java:214)
	at com.sun.org.apache.xpath.internal.XPath.execute(XPath.java:341)
	... 30 more
</div></td></tr></table><p class="totop"><a href="#summary">back to summary</a></p><h3 id="m202">de.latlon.ets.wms13.core.dgiwg.testsuite.getcapabilities.GetCapabilitiesKeywordTest#wmsCapabilitiesContainsKeywordFromDFDDRegister</h3><table class="result"></table><p class="totop"><a href="#summary">back to summary</a></p><h3 id="m203">de.latlon.ets.wms13.core.dgiwg.testsuite.getcapabilities.GetCapabilitiesLayerAttributesTest#wmsCapabilitiesLayerAttributesExists</h3><table class="result"><tr><th>Exception</th></tr><tr><td><div class="stacktrace">java.lang.RuntimeException: javax.xml.xpath.XPathExpressionException: javax.xml.transform.TransformerException: Unable to evaluate expression using this context
	at org.testng.internal.MethodInvocationHelper.invokeDataProvider(MethodInvocationHelper.java:163)
	at org.testng.internal.Parameters.handleParameters(Parameters.java:430)
	at org.testng.internal.Invoker.handleParameters(Invoker.java:1274)
	at org.testng.internal.Invoker.createParameters(Invoker.java:989)
	at org.testng.internal.Invoker.invokeTestMethods(Invoker.java:1079)
	at org.testng.internal.TestMethodWorker.invokeTestMethods(TestMethodWorker.java:129)
	at org.testng.internal.TestMethodWorker.run(TestMethodWorker.java:112)
	at org.testng.TestRunner.privateRun(TestRunner.java:782)
	at org.testng.TestRunner.run(TestRunner.java:632)
	at org.testng.SuiteRunner.runTest(SuiteRunner.java:366)
	at org.testng.SuiteRunner.runSequentially(SuiteRunner.java:361)
	at org.testng.SuiteRunner.privateRun(SuiteRunner.java:319)
	at org.testng.SuiteRunner.run(SuiteRunner.java:268)
	at org.testng.SuiteRunnerWorker.runSuite(SuiteRunnerWorker.java:52)
	at org.testng.SuiteRunnerWorker.run(SuiteRunnerWorker.java:86)
	at org.testng.TestNG.runSuitesSequentially(TestNG.java:1244)
	at org.testng.TestNG.runSuitesLocally(TestNG.java:1169)
	at org.testng.TestNG.run(TestNG.java:1064)
	at org.testng.remote.AbstractRemoteTestNG.run(AbstractRemoteTestNG.java:115)
	at org.testng.remote.RemoteTestNG.initAndRun(RemoteTestNG.java:251)
	at org.testng.remote.RemoteTestNG.main(RemoteTestNG.java:77)
Caused by: javax.xml.xpath.XPathExpressionException: javax.xml.transform.TransformerException: Unable to evaluate expression using this context
	at com.sun.org.apache.xpath.internal.jaxp.XPathImpl.evaluate(XPathImpl.java:285)
	at de.latlon.ets.wms13.core.util.ServiceMetadataUtils.createNodeList(ServiceMetadataUtils.java:287)
	at de.latlon.ets.wms13.core.util.ServiceMetadataUtils.parseRequestableLayerNodes(ServiceMetadataUtils.java:274)
	at de.latlon.ets.wms13.core.dgiwg.testsuite.getcapabilities.GetCapabilitiesLayerAttributesTest.parseLayerNodes(GetCapabilitiesLayerAttributesTest.java:30)
	at sun.reflect.NativeMethodAccessorImpl.invoke0(Native Method)
	at sun.reflect.NativeMethodAccessorImpl.invoke(NativeMethodAccessorImpl.java:62)
	at sun.reflect.DelegatingMethodAccessorImpl.invoke(DelegatingMethodAccessorImpl.java:43)
	at java.lang.reflect.Method.invoke(Method.java:498)
	at org.testng.internal.MethodInvocationHelper.invokeMethod(MethodInvocationHelper.java:86)
	at org.testng.internal.MethodInvocationHelper.invokeDataProvider(MethodInvocationHelper.java:137)
	... 20 more
Caused by: javax.xml.transform.TransformerException: Unable to evaluate expression using this context
	at com.sun.org.apache.xpath.internal.XPath.execute(XPath.java:370)
	at com.sun.org.apache.xpath.internal.jaxp.XPathImpl.eval(XPathImpl.java:209)
	at com.sun.org.apache.xpath.internal.jaxp.XPathImpl.evaluate(XPathImpl.java:271)
	... 29 more
Caused by: java.lang.RuntimeException: Unable to evaluate expression using this context
	at com.sun.org.apache.xpath.internal.axes.NodeSequence.setRoot(NodeSequence.java:266)
	at com.sun.org.apache.xpath.internal.axes.LocPathIterator.execute(LocPathIterator.java:214)
	at com.sun.org.apache.xpath.internal.XPath.execute(XPath.java:341)
	... 31 more
</div></td></tr></table><p class="totop"><a href="#summary">back to summary</a></p><h3 id="m204">de.latlon.ets.wms13.core.dgiwg.testsuite.getcapabilities.GetCapabilitiesLayerCrsTest#wmsCapabilitiesLayerCrs_Conditional_Supported</h3><table class="result"><tr><th>Exception</th></tr><tr><td><div class="stacktrace">java.lang.RuntimeException: javax.xml.xpath.XPathExpressionException: javax.xml.transform.TransformerException: Unable to evaluate expression using this context
	at org.testng.internal.MethodInvocationHelper.invokeDataProvider(MethodInvocationHelper.java:163)
	at org.testng.internal.Parameters.handleParameters(Parameters.java:430)
	at org.testng.internal.Invoker.handleParameters(Invoker.java:1274)
	at org.testng.internal.Invoker.createParameters(Invoker.java:989)
	at org.testng.internal.Invoker.invokeTestMethods(Invoker.java:1079)
	at org.testng.internal.TestMethodWorker.invokeTestMethods(TestMethodWorker.java:129)
	at org.testng.internal.TestMethodWorker.run(TestMethodWorker.java:112)
	at org.testng.TestRunner.privateRun(TestRunner.java:782)
	at org.testng.TestRunner.run(TestRunner.java:632)
	at org.testng.SuiteRunner.runTest(SuiteRunner.java:366)
	at org.testng.SuiteRunner.runSequentially(SuiteRunner.java:361)
	at org.testng.SuiteRunner.privateRun(SuiteRunner.java:319)
	at org.testng.SuiteRunner.run(SuiteRunner.java:268)
	at org.testng.SuiteRunnerWorker.runSuite(SuiteRunnerWorker.java:52)
	at org.testng.SuiteRunnerWorker.run(SuiteRunnerWorker.java:86)
	at org.testng.TestNG.runSuitesSequentially(TestNG.java:1244)
	at org.testng.TestNG.runSuitesLocally(TestNG.java:1169)
	at org.testng.TestNG.run(TestNG.java:1064)
	at org.testng.remote.AbstractRemoteTestNG.run(AbstractRemoteTestNG.java:115)
	at org.testng.remote.RemoteTestNG.initAndRun(RemoteTestNG.java:251)
	at org.testng.remote.RemoteTestNG.main(RemoteTestNG.java:77)
Caused by: javax.xml.xpath.XPathExpressionException: javax.xml.transform.TransformerException: Unable to evaluate expression using this context
	at com.sun.org.apache.xpath.internal.jaxp.XPathImpl.evaluate(XPathImpl.java:285)
	at de.latlon.ets.wms13.core.util.ServiceMetadataUtils.createNodeList(ServiceMetadataUtils.java:287)
	at de.latlon.ets.wms13.core.util.ServiceMetadataUtils.parseRequestableLayerNodes(ServiceMetadataUtils.java:274)
	at de.latlon.ets.wms13.core.dgiwg.testsuite.getcapabilities.GetCapabilitiesLayerCrsTest.parseLayerNodes(GetCapabilitiesLayerCrsTest.java:38)
	at sun.reflect.NativeMethodAccessorImpl.invoke0(Native Method)
	at sun.reflect.NativeMethodAccessorImpl.invoke(NativeMethodAccessorImpl.java:62)
	at sun.reflect.DelegatingMethodAccessorImpl.invoke(DelegatingMethodAccessorImpl.java:43)
	at java.lang.reflect.Method.invoke(Method.java:498)
	at org.testng.internal.MethodInvocationHelper.invokeMethod(MethodInvocationHelper.java:86)
	at org.testng.internal.MethodInvocationHelper.invokeDataProvider(MethodInvocationHelper.java:137)
	... 20 more
Caused by: javax.xml.transform.TransformerException: Unable to evaluate expression using this context
	at com.sun.org.apache.xpath.internal.XPath.execute(XPath.java:370)
	at com.sun.org.apache.xpath.internal.jaxp.XPathImpl.eval(XPathImpl.java:209)
	at com.sun.org.apache.xpath.internal.jaxp.XPathImpl.evaluate(XPathImpl.java:271)
	... 29 more
Caused by: java.lang.RuntimeException: Unable to evaluate expression using this context
	at com.sun.org.apache.xpath.internal.axes.NodeSequence.setRoot(NodeSequence.java:266)
	at com.sun.org.apache.xpath.internal.axes.LocPathIterator.execute(LocPathIterator.java:214)
	at com.sun.org.apache.xpath.internal.XPath.execute(XPath.java:341)
	... 31 more
</div></td></tr></table><p class="totop"><a href="#summary">back to summary</a></p><h3 id="m205">de.latlon.ets.wms13.core.dgiwg.testsuite.getcapabilities.GetCapabilitiesLayerCrsTest#wmsCapabilitiesLayerCrs_Mandatory_CRS_84_Supported</h3><table class="result"><tr><th>Exception</th></tr><tr><td><div class="stacktrace">java.lang.RuntimeException: javax.xml.xpath.XPathExpressionException: javax.xml.transform.TransformerException: Unable to evaluate expression using this context
	at org.testng.internal.MethodInvocationHelper.invokeDataProvider(MethodInvocationHelper.java:163)
	at org.testng.internal.Parameters.handleParameters(Parameters.java:430)
	at org.testng.internal.Invoker.handleParameters(Invoker.java:1274)
	at org.testng.internal.Invoker.createParameters(Invoker.java:989)
	at org.testng.internal.Invoker.invokeTestMethods(Invoker.java:1079)
	at org.testng.internal.TestMethodWorker.invokeTestMethods(TestMethodWorker.java:129)
	at org.testng.internal.TestMethodWorker.run(TestMethodWorker.java:112)
	at org.testng.TestRunner.privateRun(TestRunner.java:782)
	at org.testng.TestRunner.run(TestRunner.java:632)
	at org.testng.SuiteRunner.runTest(SuiteRunner.java:366)
	at org.testng.SuiteRunner.runSequentially(SuiteRunner.java:361)
	at org.testng.SuiteRunner.privateRun(SuiteRunner.java:319)
	at org.testng.SuiteRunner.run(SuiteRunner.java:268)
	at org.testng.SuiteRunnerWorker.runSuite(SuiteRunnerWorker.java:52)
	at org.testng.SuiteRunnerWorker.run(SuiteRunnerWorker.java:86)
	at org.testng.TestNG.runSuitesSequentially(TestNG.java:1244)
	at org.testng.TestNG.runSuitesLocally(TestNG.java:1169)
	at org.testng.TestNG.run(TestNG.java:1064)
	at org.testng.remote.AbstractRemoteTestNG.run(AbstractRemoteTestNG.java:115)
	at org.testng.remote.RemoteTestNG.initAndRun(RemoteTestNG.java:251)
	at org.testng.remote.RemoteTestNG.main(RemoteTestNG.java:77)
Caused by: javax.xml.xpath.XPathExpressionException: javax.xml.transform.TransformerException: Unable to evaluate expression using this context
	at com.sun.org.apache.xpath.internal.jaxp.XPathImpl.evaluate(XPathImpl.java:285)
	at de.latlon.ets.wms13.core.util.ServiceMetadataUtils.createNodeList(ServiceMetadataUtils.java:287)
	at de.latlon.ets.wms13.core.util.ServiceMetadataUtils.parseRequestableLayerNodes(ServiceMetadataUtils.java:274)
	at de.latlon.ets.wms13.core.dgiwg.testsuite.getcapabilities.GetCapabilitiesLayerCrsTest.parseLayerNodes(GetCapabilitiesLayerCrsTest.java:38)
	at sun.reflect.NativeMethodAccessorImpl.invoke0(Native Method)
	at sun.reflect.NativeMethodAccessorImpl.invoke(NativeMethodAccessorImpl.java:62)
	at sun.reflect.DelegatingMethodAccessorImpl.invoke(DelegatingMethodAccessorImpl.java:43)
	at java.lang.reflect.Method.invoke(Method.java:498)
	at org.testng.internal.MethodInvocationHelper.invokeMethod(MethodInvocationHelper.java:86)
	at org.testng.internal.MethodInvocationHelper.invokeDataProvider(MethodInvocationHelper.java:137)
	... 20 more
Caused by: javax.xml.transform.TransformerException: Unable to evaluate expression using this context
	at com.sun.org.apache.xpath.internal.XPath.execute(XPath.java:370)
	at com.sun.org.apache.xpath.internal.jaxp.XPathImpl.eval(XPathImpl.java:209)
	at com.sun.org.apache.xpath.internal.jaxp.XPathImpl.evaluate(XPathImpl.java:271)
	... 29 more
Caused by: java.lang.RuntimeException: Unable to evaluate expression using this context
	at com.sun.org.apache.xpath.internal.axes.NodeSequence.setRoot(NodeSequence.java:266)
	at com.sun.org.apache.xpath.internal.axes.LocPathIterator.execute(LocPathIterator.java:214)
	at com.sun.org.apache.xpath.internal.XPath.execute(XPath.java:341)
	... 31 more
</div></td></tr></table><p class="totop"><a href="#summary">back to summary</a></p><h3 id="m206">de.latlon.ets.wms13.core.dgiwg.testsuite.getcapabilities.GetCapabilitiesLayerCrsTest#wmsCapabilitiesLayerCrs_Mandatory_EPSG_3395_Supported</h3><table class="result"><tr><th>Exception</th></tr><tr><td><div class="stacktrace">java.lang.RuntimeException: javax.xml.xpath.XPathExpressionException: javax.xml.transform.TransformerException: Unable to evaluate expression using this context
	at org.testng.internal.MethodInvocationHelper.invokeDataProvider(MethodInvocationHelper.java:163)
	at org.testng.internal.Parameters.handleParameters(Parameters.java:430)
	at org.testng.internal.Invoker.handleParameters(Invoker.java:1274)
	at org.testng.internal.Invoker.createParameters(Invoker.java:989)
	at org.testng.internal.Invoker.invokeTestMethods(Invoker.java:1079)
	at org.testng.internal.TestMethodWorker.invokeTestMethods(TestMethodWorker.java:129)
	at org.testng.internal.TestMethodWorker.run(TestMethodWorker.java:112)
	at org.testng.TestRunner.privateRun(TestRunner.java:782)
	at org.testng.TestRunner.run(TestRunner.java:632)
	at org.testng.SuiteRunner.runTest(SuiteRunner.java:366)
	at org.testng.SuiteRunner.runSequentially(SuiteRunner.java:361)
	at org.testng.SuiteRunner.privateRun(SuiteRunner.java:319)
	at org.testng.SuiteRunner.run(SuiteRunner.java:268)
	at org.testng.SuiteRunnerWorker.runSuite(SuiteRunnerWorker.java:52)
	at org.testng.SuiteRunnerWorker.run(SuiteRunnerWorker.java:86)
	at org.testng.TestNG.runSuitesSequentially(TestNG.java:1244)
	at org.testng.TestNG.runSuitesLocally(TestNG.java:1169)
	at org.testng.TestNG.run(TestNG.java:1064)
	at org.testng.remote.AbstractRemoteTestNG.run(AbstractRemoteTestNG.java:115)
	at org.testng.remote.RemoteTestNG.initAndRun(RemoteTestNG.java:251)
	at org.testng.remote.RemoteTestNG.main(RemoteTestNG.java:77)
Caused by: javax.xml.xpath.XPathExpressionException: javax.xml.transform.TransformerException: Unable to evaluate expression using this context
	at com.sun.org.apache.xpath.internal.jaxp.XPathImpl.evaluate(XPathImpl.java:285)
	at de.latlon.ets.wms13.core.util.ServiceMetadataUtils.createNodeList(ServiceMetadataUtils.java:287)
	at de.latlon.ets.wms13.core.util.ServiceMetadataUtils.parseRequestableLayerNodes(ServiceMetadataUtils.java:274)
	at de.latlon.ets.wms13.core.dgiwg.testsuite.getcapabilities.GetCapabilitiesLayerCrsTest.parseLayerNodes(GetCapabilitiesLayerCrsTest.java:38)
	at sun.reflect.NativeMethodAccessorImpl.invoke0(Native Method)
	at sun.reflect.NativeMethodAccessorImpl.invoke(NativeMethodAccessorImpl.java:62)
	at sun.reflect.DelegatingMethodAccessorImpl.invoke(DelegatingMethodAccessorImpl.java:43)
	at java.lang.reflect.Method.invoke(Method.java:498)
	at org.testng.internal.MethodInvocationHelper.invokeMethod(MethodInvocationHelper.java:86)
	at org.testng.internal.MethodInvocationHelper.invokeDataProvider(MethodInvocationHelper.java:137)
	... 20 more
Caused by: javax.xml.transform.TransformerException: Unable to evaluate expression using this context
	at com.sun.org.apache.xpath.internal.XPath.execute(XPath.java:370)
	at com.sun.org.apache.xpath.internal.jaxp.XPathImpl.eval(XPathImpl.java:209)
	at com.sun.org.apache.xpath.internal.jaxp.XPathImpl.evaluate(XPathImpl.java:271)
	... 29 more
Caused by: java.lang.RuntimeException: Unable to evaluate expression using this context
	at com.sun.org.apache.xpath.internal.axes.NodeSequence.setRoot(NodeSequence.java:266)
	at com.sun.org.apache.xpath.internal.axes.LocPathIterator.execute(LocPathIterator.java:214)
	at com.sun.org.apache.xpath.internal.XPath.execute(XPath.java:341)
	... 31 more
</div></td></tr></table><p class="totop"><a href="#summary">back to summary</a></p><h3 id="m207">de.latlon.ets.wms13.core.dgiwg.testsuite.getcapabilities.GetCapabilitiesLayerCrsTest#wmsCapabilitiesLayerCrs_Mandatory_EPSG_4326_Supported</h3><table class="result"><tr><th>Exception</th></tr><tr><td><div class="stacktrace">java.lang.RuntimeException: javax.xml.xpath.XPathExpressionException: javax.xml.transform.TransformerException: Unable to evaluate expression using this context
	at org.testng.internal.MethodInvocationHelper.invokeDataProvider(MethodInvocationHelper.java:163)
	at org.testng.internal.Parameters.handleParameters(Parameters.java:430)
	at org.testng.internal.Invoker.handleParameters(Invoker.java:1274)
	at org.testng.internal.Invoker.createParameters(Invoker.java:989)
	at org.testng.internal.Invoker.invokeTestMethods(Invoker.java:1079)
	at org.testng.internal.TestMethodWorker.invokeTestMethods(TestMethodWorker.java:129)
	at org.testng.internal.TestMethodWorker.run(TestMethodWorker.java:112)
	at org.testng.TestRunner.privateRun(TestRunner.java:782)
	at org.testng.TestRunner.run(TestRunner.java:632)
	at org.testng.SuiteRunner.runTest(SuiteRunner.java:366)
	at org.testng.SuiteRunner.runSequentially(SuiteRunner.java:361)
	at org.testng.SuiteRunner.privateRun(SuiteRunner.java:319)
	at org.testng.SuiteRunner.run(SuiteRunner.java:268)
	at org.testng.SuiteRunnerWorker.runSuite(SuiteRunnerWorker.java:52)
	at org.testng.SuiteRunnerWorker.run(SuiteRunnerWorker.java:86)
	at org.testng.TestNG.runSuitesSequentially(TestNG.java:1244)
	at org.testng.TestNG.runSuitesLocally(TestNG.java:1169)
	at org.testng.TestNG.run(TestNG.java:1064)
	at org.testng.remote.AbstractRemoteTestNG.run(AbstractRemoteTestNG.java:115)
	at org.testng.remote.RemoteTestNG.initAndRun(RemoteTestNG.java:251)
	at org.testng.remote.RemoteTestNG.main(RemoteTestNG.java:77)
Caused by: javax.xml.xpath.XPathExpressionException: javax.xml.transform.TransformerException: Unable to evaluate expression using this context
	at com.sun.org.apache.xpath.internal.jaxp.XPathImpl.evaluate(XPathImpl.java:285)
	at de.latlon.ets.wms13.core.util.ServiceMetadataUtils.createNodeList(ServiceMetadataUtils.java:287)
	at de.latlon.ets.wms13.core.util.ServiceMetadataUtils.parseRequestableLayerNodes(ServiceMetadataUtils.java:274)
	at de.latlon.ets.wms13.core.dgiwg.testsuite.getcapabilities.GetCapabilitiesLayerCrsTest.parseLayerNodes(GetCapabilitiesLayerCrsTest.java:38)
	at sun.reflect.NativeMethodAccessorImpl.invoke0(Native Method)
	at sun.reflect.NativeMethodAccessorImpl.invoke(NativeMethodAccessorImpl.java:62)
	at sun.reflect.DelegatingMethodAccessorImpl.invoke(DelegatingMethodAccessorImpl.java:43)
	at java.lang.reflect.Method.invoke(Method.java:498)
	at org.testng.internal.MethodInvocationHelper.invokeMethod(MethodInvocationHelper.java:86)
	at org.testng.internal.MethodInvocationHelper.invokeDataProvider(MethodInvocationHelper.java:137)
	... 20 more
Caused by: javax.xml.transform.TransformerException: Unable to evaluate expression using this context
	at com.sun.org.apache.xpath.internal.XPath.execute(XPath.java:370)
	at com.sun.org.apache.xpath.internal.jaxp.XPathImpl.eval(XPathImpl.java:209)
	at com.sun.org.apache.xpath.internal.jaxp.XPathImpl.evaluate(XPathImpl.java:271)
	... 29 more
Caused by: java.lang.RuntimeException: Unable to evaluate expression using this context
	at com.sun.org.apache.xpath.internal.axes.NodeSequence.setRoot(NodeSequence.java:266)
	at com.sun.org.apache.xpath.internal.axes.LocPathIterator.execute(LocPathIterator.java:214)
	at com.sun.org.apache.xpath.internal.XPath.execute(XPath.java:341)
	... 31 more
</div></td></tr></table><p class="totop"><a href="#summary">back to summary</a></p><h3 id="m208">de.latlon.ets.wms13.core.dgiwg.testsuite.getcapabilities.GetCapabilitiesLayerScaleDenominatorsTest#wmsCapabilitiesLayerScaleDenominatorsExists</h3><table class="result"><tr><th>Exception</th></tr><tr><td><div class="stacktrace">java.lang.RuntimeException: javax.xml.xpath.XPathExpressionException: javax.xml.transform.TransformerException: Unable to evaluate expression using this context
	at org.testng.internal.MethodInvocationHelper.invokeDataProvider(MethodInvocationHelper.java:163)
	at org.testng.internal.Parameters.handleParameters(Parameters.java:430)
	at org.testng.internal.Invoker.handleParameters(Invoker.java:1274)
	at org.testng.internal.Invoker.createParameters(Invoker.java:989)
	at org.testng.internal.Invoker.invokeTestMethods(Invoker.java:1079)
	at org.testng.internal.TestMethodWorker.invokeTestMethods(TestMethodWorker.java:129)
	at org.testng.internal.TestMethodWorker.run(TestMethodWorker.java:112)
	at org.testng.TestRunner.privateRun(TestRunner.java:782)
	at org.testng.TestRunner.run(TestRunner.java:632)
	at org.testng.SuiteRunner.runTest(SuiteRunner.java:366)
	at org.testng.SuiteRunner.runSequentially(SuiteRunner.java:361)
	at org.testng.SuiteRunner.privateRun(SuiteRunner.java:319)
	at org.testng.SuiteRunner.run(SuiteRunner.java:268)
	at org.testng.SuiteRunnerWorker.runSuite(SuiteRunnerWorker.java:52)
	at org.testng.SuiteRunnerWorker.run(SuiteRunnerWorker.java:86)
	at org.testng.TestNG.runSuitesSequentially(TestNG.java:1244)
	at org.testng.TestNG.runSuitesLocally(TestNG.java:1169)
	at org.testng.TestNG.run(TestNG.java:1064)
	at org.testng.remote.AbstractRemoteTestNG.run(AbstractRemoteTestNG.java:115)
	at org.testng.remote.RemoteTestNG.initAndRun(RemoteTestNG.java:251)
	at org.testng.remote.RemoteTestNG.main(RemoteTestNG.java:77)
Caused by: javax.xml.xpath.XPathExpressionException: javax.xml.transform.TransformerException: Unable to evaluate expression using this context
	at com.sun.org.apache.xpath.internal.jaxp.XPathImpl.evaluate(XPathImpl.java:285)
	at de.latlon.ets.wms13.core.util.ServiceMetadataUtils.createNodeList(ServiceMetadataUtils.java:287)
	at de.latlon.ets.wms13.core.util.ServiceMetadataUtils.parseRequestableLayerNodes(ServiceMetadataUtils.java:274)
	at de.latlon.ets.wms13.core.dgiwg.testsuite.getcapabilities.GetCapabilitiesLayerScaleDenominatorsTest.parseLayerNodes(GetCapabilitiesLayerScaleDenominatorsTest.java:30)
	at sun.reflect.NativeMethodAccessorImpl.invoke0(Native Method)
	at sun.reflect.NativeMethodAccessorImpl.invoke(NativeMethodAccessorImpl.java:62)
	at sun.reflect.DelegatingMethodAccessorImpl.invoke(DelegatingMethodAccessorImpl.java:43)
	at java.lang.reflect.Method.invoke(Method.java:498)
	at org.testng.internal.MethodInvocationHelper.invokeMethod(MethodInvocationHelper.java:86)
	at org.testng.internal.MethodInvocationHelper.invokeDataProvider(MethodInvocationHelper.java:137)
	... 20 more
Caused by: javax.xml.transform.TransformerException: Unable to evaluate expression using this context
	at com.sun.org.apache.xpath.internal.XPath.execute(XPath.java:370)
	at com.sun.org.apache.xpath.internal.jaxp.XPathImpl.eval(XPathImpl.java:209)
	at com.sun.org.apache.xpath.internal.jaxp.XPathImpl.evaluate(XPathImpl.java:271)
	... 29 more
Caused by: java.lang.RuntimeException: Unable to evaluate expression using this context
	at com.sun.org.apache.xpath.internal.axes.NodeSequence.setRoot(NodeSequence.java:266)
	at com.sun.org.apache.xpath.internal.axes.LocPathIterator.execute(LocPathIterator.java:214)
	at com.sun.org.apache.xpath.internal.XPath.execute(XPath.java:341)
	... 31 more
</div></td></tr></table><p class="totop"><a href="#summary">back to summary</a></p><h3 id="m209">de.latlon.ets.wms13.core.dgiwg.testsuite.getcapabilities.GetCapabilitiesLayerStyleTest#wmsCapabilitiesLayerStyleExists</h3><table class="result"><tr><th>Exception</th></tr><tr><td><div class="stacktrace">java.lang.RuntimeException: javax.xml.xpath.XPathExpressionException: javax.xml.transform.TransformerException: Unable to evaluate expression using this context
	at org.testng.internal.MethodInvocationHelper.invokeDataProvider(MethodInvocationHelper.java:163)
	at org.testng.internal.Parameters.handleParameters(Parameters.java:430)
	at org.testng.internal.Invoker.handleParameters(Invoker.java:1274)
	at org.testng.internal.Invoker.createParameters(Invoker.java:989)
	at org.testng.internal.Invoker.invokeTestMethods(Invoker.java:1079)
	at org.testng.internal.TestMethodWorker.invokeTestMethods(TestMethodWorker.java:129)
	at org.testng.internal.TestMethodWorker.run(TestMethodWorker.java:112)
	at org.testng.TestRunner.privateRun(TestRunner.java:782)
	at org.testng.TestRunner.run(TestRunner.java:632)
	at org.testng.SuiteRunner.runTest(SuiteRunner.java:366)
	at org.testng.SuiteRunner.runSequentially(SuiteRunner.java:361)
	at org.testng.SuiteRunner.privateRun(SuiteRunner.java:319)
	at org.testng.SuiteRunner.run(SuiteRunner.java:268)
	at org.testng.SuiteRunnerWorker.runSuite(SuiteRunnerWorker.java:52)
	at org.testng.SuiteRunnerWorker.run(SuiteRunnerWorker.java:86)
	at org.testng.TestNG.runSuitesSequentially(TestNG.java:1244)
	at org.testng.TestNG.runSuitesLocally(TestNG.java:1169)
	at org.testng.TestNG.run(TestNG.java:1064)
	at org.testng.remote.AbstractRemoteTestNG.run(AbstractRemoteTestNG.java:115)
	at org.testng.remote.RemoteTestNG.initAndRun(RemoteTestNG.java:251)
	at org.testng.remote.RemoteTestNG.main(RemoteTestNG.java:77)
Caused by: javax.xml.xpath.XPathExpressionException: javax.xml.transform.TransformerException: Unable to evaluate expression using this context
	at com.sun.org.apache.xpath.internal.jaxp.XPathImpl.evaluate(XPathImpl.java:285)
	at de.latlon.ets.wms13.core.util.ServiceMetadataUtils.createNodeList(ServiceMetadataUtils.java:287)
	at de.latlon.ets.wms13.core.util.ServiceMetadataUtils.parseRequestableLayerNodes(ServiceMetadataUtils.java:274)
	at de.latlon.ets.wms13.core.dgiwg.testsuite.getcapabilities.GetCapabilitiesLayerStyleTest.parseLayerNodes(GetCapabilitiesLayerStyleTest.java:30)
	at sun.reflect.NativeMethodAccessorImpl.invoke0(Native Method)
	at sun.reflect.NativeMethodAccessorImpl.invoke(NativeMethodAccessorImpl.java:62)
	at sun.reflect.DelegatingMethodAccessorImpl.invoke(DelegatingMethodAccessorImpl.java:43)
	at java.lang.reflect.Method.invoke(Method.java:498)
	at org.testng.internal.MethodInvocationHelper.invokeMethod(MethodInvocationHelper.java:86)
	at org.testng.internal.MethodInvocationHelper.invokeDataProvider(MethodInvocationHelper.java:137)
	... 20 more
Caused by: javax.xml.transform.TransformerException: Unable to evaluate expression using this context
	at com.sun.org.apache.xpath.internal.XPath.execute(XPath.java:370)
	at com.sun.org.apache.xpath.internal.jaxp.XPathImpl.eval(XPathImpl.java:209)
	at com.sun.org.apache.xpath.internal.jaxp.XPathImpl.evaluate(XPathImpl.java:271)
	... 29 more
Caused by: java.lang.RuntimeException: Unable to evaluate expression using this context
	at com.sun.org.apache.xpath.internal.axes.NodeSequence.setRoot(NodeSequence.java:266)
	at com.sun.org.apache.xpath.internal.axes.LocPathIterator.execute(LocPathIterator.java:214)
	at com.sun.org.apache.xpath.internal.XPath.execute(XPath.java:341)
	... 31 more
</div></td></tr></table><p class="totop"><a href="#summary">back to summary</a></p><h3 id="m210">de.latlon.ets.wms13.core.dgiwg.testsuite.getcapabilities.GetCapabilitiesLegendFormatTest#wmsCapabilitiesLayersLegendExitsInCorrectFormat</h3><table class="result"><tr><th>Exception</th></tr><tr><td><div class="stacktrace">java.lang.RuntimeException: javax.xml.xpath.XPathExpressionException: javax.xml.transform.TransformerException: Unable to evaluate expression using this context
	at org.testng.internal.MethodInvocationHelper.invokeDataProvider(MethodInvocationHelper.java:163)
	at org.testng.internal.Parameters.handleParameters(Parameters.java:430)
	at org.testng.internal.Invoker.handleParameters(Invoker.java:1274)
	at org.testng.internal.Invoker.createParameters(Invoker.java:989)
	at org.testng.internal.Invoker.invokeTestMethods(Invoker.java:1079)
	at org.testng.internal.TestMethodWorker.invokeTestMethods(TestMethodWorker.java:129)
	at org.testng.internal.TestMethodWorker.run(TestMethodWorker.java:112)
	at org.testng.TestRunner.privateRun(TestRunner.java:782)
	at org.testng.TestRunner.run(TestRunner.java:632)
	at org.testng.SuiteRunner.runTest(SuiteRunner.java:366)
	at org.testng.SuiteRunner.runSequentially(SuiteRunner.java:361)
	at org.testng.SuiteRunner.privateRun(SuiteRunner.java:319)
	at org.testng.SuiteRunner.run(SuiteRunner.java:268)
	at org.testng.SuiteRunnerWorker.runSuite(SuiteRunnerWorker.java:52)
	at org.testng.SuiteRunnerWorker.run(SuiteRunnerWorker.java:86)
	at org.testng.TestNG.runSuitesSequentially(TestNG.java:1244)
	at org.testng.TestNG.runSuitesLocally(TestNG.java:1169)
	at org.testng.TestNG.run(TestNG.java:1064)
	at org.testng.remote.AbstractRemoteTestNG.run(AbstractRemoteTestNG.java:115)
	at org.testng.remote.RemoteTestNG.initAndRun(RemoteTestNG.java:251)
	at org.testng.remote.RemoteTestNG.main(RemoteTestNG.java:77)
Caused by: javax.xml.xpath.XPathExpressionException: javax.xml.transform.TransformerException: Unable to evaluate expression using this context
	at com.sun.org.apache.xpath.internal.jaxp.XPathImpl.evaluate(XPathImpl.java:285)
	at de.latlon.ets.wms13.core.util.ServiceMetadataUtils.createNodeList(ServiceMetadataUtils.java:287)
	at de.latlon.ets.wms13.core.util.ServiceMetadataUtils.parseRequestableLayerNodes(ServiceMetadataUtils.java:274)
	at de.latlon.ets.wms13.core.dgiwg.testsuite.getcapabilities.GetCapabilitiesLegendFormatTest.parseLayerNodes(GetCapabilitiesLegendFormatTest.java:35)
	at sun.reflect.NativeMethodAccessorImpl.invoke0(Native Method)
	at sun.reflect.NativeMethodAccessorImpl.invoke(NativeMethodAccessorImpl.java:62)
	at sun.reflect.DelegatingMethodAccessorImpl.invoke(DelegatingMethodAccessorImpl.java:43)
	at java.lang.reflect.Method.invoke(Method.java:498)
	at org.testng.internal.MethodInvocationHelper.invokeMethod(MethodInvocationHelper.java:86)
	at org.testng.internal.MethodInvocationHelper.invokeDataProvider(MethodInvocationHelper.java:137)
	... 20 more
Caused by: javax.xml.transform.TransformerException: Unable to evaluate expression using this context
	at com.sun.org.apache.xpath.internal.XPath.execute(XPath.java:370)
	at com.sun.org.apache.xpath.internal.jaxp.XPathImpl.eval(XPathImpl.java:209)
	at com.sun.org.apache.xpath.internal.jaxp.XPathImpl.evaluate(XPathImpl.java:271)
	... 29 more
Caused by: java.lang.RuntimeException: Unable to evaluate expression using this context
	at com.sun.org.apache.xpath.internal.axes.NodeSequence.setRoot(NodeSequence.java:266)
	at com.sun.org.apache.xpath.internal.axes.LocPathIterator.execute(LocPathIterator.java:214)
	at com.sun.org.apache.xpath.internal.XPath.execute(XPath.java:341)
	... 31 more
</div></td></tr></table><p class="totop"><a href="#summary">back to summary</a></p><h3 id="m211">de.latlon.ets.wms13.core.dgiwg.testsuite.getcapabilities.GetCapabilitiesLegendUrlTest#wmsCapabilitiesLayersLegendUrlIsAccessible</h3><table class="result"><tr><th>Exception</th></tr><tr><td><div class="stacktrace">java.lang.RuntimeException: javax.xml.xpath.XPathExpressionException: javax.xml.transform.TransformerException: Unable to evaluate expression using this context
	at org.testng.internal.MethodInvocationHelper.invokeDataProvider(MethodInvocationHelper.java:163)
	at org.testng.internal.Parameters.handleParameters(Parameters.java:430)
	at org.testng.internal.Invoker.handleParameters(Invoker.java:1274)
	at org.testng.internal.Invoker.createParameters(Invoker.java:989)
	at org.testng.internal.Invoker.invokeTestMethods(Invoker.java:1079)
	at org.testng.internal.TestMethodWorker.invokeTestMethods(TestMethodWorker.java:129)
	at org.testng.internal.TestMethodWorker.run(TestMethodWorker.java:112)
	at org.testng.TestRunner.privateRun(TestRunner.java:782)
	at org.testng.TestRunner.run(TestRunner.java:632)
	at org.testng.SuiteRunner.runTest(SuiteRunner.java:366)
	at org.testng.SuiteRunner.runSequentially(SuiteRunner.java:361)
	at org.testng.SuiteRunner.privateRun(SuiteRunner.java:319)
	at org.testng.SuiteRunner.run(SuiteRunner.java:268)
	at org.testng.SuiteRunnerWorker.runSuite(SuiteRunnerWorker.java:52)
	at org.testng.SuiteRunnerWorker.run(SuiteRunnerWorker.java:86)
	at org.testng.TestNG.runSuitesSequentially(TestNG.java:1244)
	at org.testng.TestNG.runSuitesLocally(TestNG.java:1169)
	at org.testng.TestNG.run(TestNG.java:1064)
	at org.testng.remote.AbstractRemoteTestNG.run(AbstractRemoteTestNG.java:115)
	at org.testng.remote.RemoteTestNG.initAndRun(RemoteTestNG.java:251)
	at org.testng.remote.RemoteTestNG.main(RemoteTestNG.java:77)
Caused by: javax.xml.xpath.XPathExpressionException: javax.xml.transform.TransformerException: Unable to evaluate expression using this context
	at com.sun.org.apache.xpath.internal.jaxp.XPathImpl.evaluate(XPathImpl.java:285)
	at de.latlon.ets.wms13.core.util.ServiceMetadataUtils.createNodeList(ServiceMetadataUtils.java:287)
	at de.latlon.ets.wms13.core.util.ServiceMetadataUtils.parseRequestableLayerNodes(ServiceMetadataUtils.java:274)
	at de.latlon.ets.wms13.core.dgiwg.testsuite.getcapabilities.GetCapabilitiesLegendUrlTest.parseLayerNodes(GetCapabilitiesLegendUrlTest.java:36)
	at sun.reflect.NativeMethodAccessorImpl.invoke0(Native Method)
	at sun.reflect.NativeMethodAccessorImpl.invoke(NativeMethodAccessorImpl.java:62)
	at sun.reflect.DelegatingMethodAccessorImpl.invoke(DelegatingMethodAccessorImpl.java:43)
	at java.lang.reflect.Method.invoke(Method.java:498)
	at org.testng.internal.MethodInvocationHelper.invokeMethod(MethodInvocationHelper.java:86)
	at org.testng.internal.MethodInvocationHelper.invokeDataProvider(MethodInvocationHelper.java:137)
	... 20 more
Caused by: javax.xml.transform.TransformerException: Unable to evaluate expression using this context
	at com.sun.org.apache.xpath.internal.XPath.execute(XPath.java:370)
	at com.sun.org.apache.xpath.internal.jaxp.XPathImpl.eval(XPathImpl.java:209)
	at com.sun.org.apache.xpath.internal.jaxp.XPathImpl.evaluate(XPathImpl.java:271)
	... 29 more
Caused by: java.lang.RuntimeException: Unable to evaluate expression using this context
	at com.sun.org.apache.xpath.internal.axes.NodeSequence.setRoot(NodeSequence.java:266)
	at com.sun.org.apache.xpath.internal.axes.LocPathIterator.execute(LocPathIterator.java:214)
	at com.sun.org.apache.xpath.internal.XPath.execute(XPath.java:341)
	... 31 more
</div></td></tr></table><p class="totop"><a href="#summary">back to summary</a></p><h3 id="m212">de.latlon.ets.wms13.core.dgiwg.testsuite.getcapabilities.GetCapabilitiesMaxExtendTest#wmsCapabilitiesMaxHeight</h3><table class="result"></table><p class="totop"><a href="#summary">back to summary</a></p><h3 id="m213">de.latlon.ets.wms13.core.dgiwg.testsuite.getcapabilities.GetCapabilitiesMaxExtendTest#wmsCapabilitiesMaxWidth</h3><table class="result"></table><p class="totop"><a href="#summary">back to summary</a></p><h3 id="m214">de.latlon.ets.wms13.core.dgiwg.testsuite.getcapabilities.GetCapabilitiesMinMaxScaleDenominatorsTest#wmsCapabilitiesLayerHasCorrectValuesForMinAndMaxDenominator</h3><table class="result"><tr><th>Exception</th></tr><tr><td><div class="stacktrace">java.lang.RuntimeException: javax.xml.xpath.XPathExpressionException: javax.xml.transform.TransformerException: Unable to evaluate expression using this context
	at org.testng.internal.MethodInvocationHelper.invokeDataProvider(MethodInvocationHelper.java:163)
	at org.testng.internal.Parameters.handleParameters(Parameters.java:430)
	at org.testng.internal.Invoker.handleParameters(Invoker.java:1274)
	at org.testng.internal.Invoker.createParameters(Invoker.java:989)
	at org.testng.internal.Invoker.invokeTestMethods(Invoker.java:1079)
	at org.testng.internal.TestMethodWorker.invokeTestMethods(TestMethodWorker.java:129)
	at org.testng.internal.TestMethodWorker.run(TestMethodWorker.java:112)
	at org.testng.TestRunner.privateRun(TestRunner.java:782)
	at org.testng.TestRunner.run(TestRunner.java:632)
	at org.testng.SuiteRunner.runTest(SuiteRunner.java:366)
	at org.testng.SuiteRunner.runSequentially(SuiteRunner.java:361)
	at org.testng.SuiteRunner.privateRun(SuiteRunner.java:319)
	at org.testng.SuiteRunner.run(SuiteRunner.java:268)
	at org.testng.SuiteRunnerWorker.runSuite(SuiteRunnerWorker.java:52)
	at org.testng.SuiteRunnerWorker.run(SuiteRunnerWorker.java:86)
	at org.testng.TestNG.runSuitesSequentially(TestNG.java:1244)
	at org.testng.TestNG.runSuitesLocally(TestNG.java:1169)
	at org.testng.TestNG.run(TestNG.java:1064)
	at org.testng.remote.AbstractRemoteTestNG.run(AbstractRemoteTestNG.java:115)
	at org.testng.remote.RemoteTestNG.initAndRun(RemoteTestNG.java:251)
	at org.testng.remote.RemoteTestNG.main(RemoteTestNG.java:77)
Caused by: javax.xml.xpath.XPathExpressionException: javax.xml.transform.TransformerException: Unable to evaluate expression using this context
	at com.sun.org.apache.xpath.internal.jaxp.XPathImpl.evaluate(XPathImpl.java:285)
	at de.latlon.ets.wms13.core.dgiwg.testsuite.getcapabilities.GetCapabilitiesMinMaxScaleDenominatorsTest.parseLayer(GetCapabilitiesMinMaxScaleDenominatorsTest.java:60)
	at de.latlon.ets.wms13.core.dgiwg.testsuite.getcapabilities.GetCapabilitiesMinMaxScaleDenominatorsTest.parseScaleDenominators(GetCapabilitiesMinMaxScaleDenominatorsTest.java:33)
	at sun.reflect.NativeMethodAccessorImpl.invoke0(Native Method)
	at sun.reflect.NativeMethodAccessorImpl.invoke(NativeMethodAccessorImpl.java:62)
	at sun.reflect.DelegatingMethodAccessorImpl.invoke(DelegatingMethodAccessorImpl.java:43)
	at java.lang.reflect.Method.invoke(Method.java:498)
	at org.testng.internal.MethodInvocationHelper.invokeMethod(MethodInvocationHelper.java:86)
	at org.testng.internal.MethodInvocationHelper.invokeDataProvider(MethodInvocationHelper.java:137)
	... 20 more
Caused by: javax.xml.transform.TransformerException: Unable to evaluate expression using this context
	at com.sun.org.apache.xpath.internal.XPath.execute(XPath.java:370)
	at com.sun.org.apache.xpath.internal.jaxp.XPathImpl.eval(XPathImpl.java:209)
	at com.sun.org.apache.xpath.internal.jaxp.XPathImpl.evaluate(XPathImpl.java:271)
	... 28 more
Caused by: java.lang.RuntimeException: Unable to evaluate expression using this context
	at com.sun.org.apache.xpath.internal.axes.NodeSequence.setRoot(NodeSequence.java:266)
	at com.sun.org.apache.xpath.internal.axes.LocPathIterator.execute(LocPathIterator.java:214)
	at com.sun.org.apache.xpath.internal.XPath.execute(XPath.java:341)
	... 30 more
</div></td></tr></table><p class="totop"><a href="#summary">back to summary</a></p><h3 id="m215">de.latlon.ets.wms13.core.dgiwg.testsuite.getcapabilities.GetCapabilitiesOutputFormatTest#wmsCapabilitiesOutputFormatHtmlSupported</h3><table class="result"></table><p class="totop"><a href="#summary">back to summary</a></p><h3 id="m216">de.latlon.ets.wms13.core.dgiwg.testsuite.getcapabilities.GetCapabilitiesOutputFormatTest#wmsCapabilitiesOutputFormatXmlSupported</h3><table class="result"></table><p class="totop"><a href="#summary">back to summary</a></p><h3 id="m217">de.latlon.ets.wms13.core.dgiwg.testsuite.getcapabilities.GetCapabilitiesOutputFormatTest#wmsGetCapabilitiesOutputFormatHtmlSupported</h3><table class="result"><tr><th>Exception</th></tr><tr><td><div class="stacktrace">java.lang.Throwable: Method GetCapabilitiesOutputFormatTest.wmsGetCapabilitiesOutputFormatHtmlSupported()[pri:0, instance:de.latlon.ets.wms13.core.dgiwg.testsuite.getcapabilities.GetCapabilitiesOutputFormatTest@4b2bac3f] depends on not successfully finished methods
	at org.testng.internal.Invoker.invokeTestMethods(Invoker.java:1037)
	at org.testng.internal.TestMethodWorker.invokeTestMethods(TestMethodWorker.java:129)
	at org.testng.internal.TestMethodWorker.run(TestMethodWorker.java:112)
	at org.testng.TestRunner.privateRun(TestRunner.java:782)
	at org.testng.TestRunner.run(TestRunner.java:632)
	at org.testng.SuiteRunner.runTest(SuiteRunner.java:366)
	at org.testng.SuiteRunner.runSequentially(SuiteRunner.java:361)
	at org.testng.SuiteRunner.privateRun(SuiteRunner.java:319)
	at org.testng.SuiteRunner.run(SuiteRunner.java:268)
	at org.testng.SuiteRunnerWorker.runSuite(SuiteRunnerWorker.java:52)
	at org.testng.SuiteRunnerWorker.run(SuiteRunnerWorker.java:86)
	at org.testng.TestNG.runSuitesSequentially(TestNG.java:1244)
	at org.testng.TestNG.runSuitesLocally(TestNG.java:1169)
	at org.testng.TestNG.run(TestNG.java:1064)
	at org.testng.remote.AbstractRemoteTestNG.run(AbstractRemoteTestNG.java:115)
	at org.testng.remote.RemoteTestNG.initAndRun(RemoteTestNG.java:251)
	at org.testng.remote.RemoteTestNG.main(RemoteTestNG.java:77)
</div></td></tr></table><p class="totop"><a href="#summary">back to summary</a></p><h3 id="m218">de.latlon.ets.wms13.core.dgiwg.testsuite.getcapabilities.GetCapabilitiesOutputFormatTest#wmsGetCapabilitiesOutputFormatXmlSupported</h3><table class="result"><tr><th>Exception</th></tr><tr><td><div class="stacktrace">java.lang.Throwable: Method GetCapabilitiesOutputFormatTest.wmsGetCapabilitiesOutputFormatXmlSupported()[pri:0, instance:de.latlon.ets.wms13.core.dgiwg.testsuite.getcapabilities.GetCapabilitiesOutputFormatTest@4b2bac3f] depends on not successfully finished methods
	at org.testng.internal.Invoker.invokeTestMethods(Invoker.java:1037)
	at org.testng.internal.TestMethodWorker.invokeTestMethods(TestMethodWorker.java:129)
	at org.testng.internal.TestMethodWorker.run(TestMethodWorker.java:112)
	at org.testng.TestRunner.privateRun(TestRunner.java:782)
	at org.testng.TestRunner.run(TestRunner.java:632)
	at org.testng.SuiteRunner.runTest(SuiteRunner.java:366)
	at org.testng.SuiteRunner.runSequentially(SuiteRunner.java:361)
	at org.testng.SuiteRunner.privateRun(SuiteRunner.java:319)
	at org.testng.SuiteRunner.run(SuiteRunner.java:268)
	at org.testng.SuiteRunnerWorker.runSuite(SuiteRunnerWorker.java:52)
	at org.testng.SuiteRunnerWorker.run(SuiteRunnerWorker.java:86)
	at org.testng.TestNG.runSuitesSequentially(TestNG.java:1244)
	at org.testng.TestNG.runSuitesLocally(TestNG.java:1169)
	at org.testng.TestNG.run(TestNG.java:1064)
	at org.testng.remote.AbstractRemoteTestNG.run(AbstractRemoteTestNG.java:115)
	at org.testng.remote.RemoteTestNG.initAndRun(RemoteTestNG.java:251)
	at org.testng.remote.RemoteTestNG.main(RemoteTestNG.java:77)
</div></td></tr></table><p class="totop"><a href="#summary">back to summary</a></p><h3 id="m219">de.latlon.ets.wms13.core.dgiwg.testsuite.getcapabilities.GetCapabilitiesRequestParameterTest#wmsCapabilitiesOutputFormatParameterSupported</h3><table class="result"></table><p class="totop"><a href="#summary">back to summary</a></p><h3 id="m220">de.latlon.ets.wms13.core.dgiwg.testsuite.getcapabilities.GetCapabilitiesStyleTest#wmsCapabilitiesStylesHasNameAndTitle</h3><table class="result"><tr><th>Exception</th></tr><tr><td><div class="stacktrace">java.lang.RuntimeException: javax.xml.xpath.XPathExpressionException: javax.xml.transform.TransformerException: Unable to evaluate expression using this context
	at org.testng.internal.MethodInvocationHelper.invokeDataProvider(MethodInvocationHelper.java:163)
	at org.testng.internal.Parameters.handleParameters(Parameters.java:430)
	at org.testng.internal.Invoker.handleParameters(Invoker.java:1274)
	at org.testng.internal.Invoker.createParameters(Invoker.java:989)
	at org.testng.internal.Invoker.invokeTestMethods(Invoker.java:1079)
	at org.testng.internal.TestMethodWorker.invokeTestMethods(TestMethodWorker.java:129)
	at org.testng.internal.TestMethodWorker.run(TestMethodWorker.java:112)
	at org.testng.TestRunner.privateRun(TestRunner.java:782)
	at org.testng.TestRunner.run(TestRunner.java:632)
	at org.testng.SuiteRunner.runTest(SuiteRunner.java:366)
	at org.testng.SuiteRunner.runSequentially(SuiteRunner.java:361)
	at org.testng.SuiteRunner.privateRun(SuiteRunner.java:319)
	at org.testng.SuiteRunner.run(SuiteRunner.java:268)
	at org.testng.SuiteRunnerWorker.runSuite(SuiteRunnerWorker.java:52)
	at org.testng.SuiteRunnerWorker.run(SuiteRunnerWorker.java:86)
	at org.testng.TestNG.runSuitesSequentially(TestNG.java:1244)
	at org.testng.TestNG.runSuitesLocally(TestNG.java:1169)
	at org.testng.TestNG.run(TestNG.java:1064)
	at org.testng.remote.AbstractRemoteTestNG.run(AbstractRemoteTestNG.java:115)
	at org.testng.remote.RemoteTestNG.initAndRun(RemoteTestNG.java:251)
	at org.testng.remote.RemoteTestNG.main(RemoteTestNG.java:77)
Caused by: javax.xml.xpath.XPathExpressionException: javax.xml.transform.TransformerException: Unable to evaluate expression using this context
	at com.sun.org.apache.xpath.internal.jaxp.XPathImpl.evaluate(XPathImpl.java:285)
	at de.latlon.ets.wms13.core.dgiwg.testsuite.getcapabilities.GetCapabilitiesStyleTest.parseStyleNodes(GetCapabilitiesStyleTest.java:59)
	at de.latlon.ets.wms13.core.dgiwg.testsuite.getcapabilities.GetCapabilitiesStyleTest.parseStyleNodes(GetCapabilitiesStyleTest.java:31)
	at sun.reflect.NativeMethodAccessorImpl.invoke0(Native Method)
	at sun.reflect.NativeMethodAccessorImpl.invoke(NativeMethodAccessorImpl.java:62)
	at sun.reflect.DelegatingMethodAccessorImpl.invoke(DelegatingMethodAccessorImpl.java:43)
	at java.lang.reflect.Method.invoke(Method.java:498)
	at org.testng.internal.MethodInvocationHelper.invokeMethod(MethodInvocationHelper.java:86)
	at org.testng.internal.MethodInvocationHelper.invokeDataProvider(MethodInvocationHelper.java:137)
	... 20 more
Caused by: javax.xml.transform.TransformerException: Unable to evaluate expression using this context
	at com.sun.org.apache.xpath.internal.XPath.execute(XPath.java:370)
	at com.sun.org.apache.xpath.internal.jaxp.XPathImpl.eval(XPathImpl.java:209)
	at com.sun.org.apache.xpath.internal.jaxp.XPathImpl.evaluate(XPathImpl.java:271)
	... 28 more
Caused by: java.lang.RuntimeException: Unable to evaluate expression using this context
	at com.sun.org.apache.xpath.internal.axes.NodeSequence.setRoot(NodeSequence.java:266)
	at com.sun.org.apache.xpath.internal.axes.LocPathIterator.execute(LocPathIterator.java:214)
	at com.sun.org.apache.xpath.internal.XPath.execute(XPath.java:341)
	... 30 more
</div></td></tr></table><p class="totop"><a href="#summary">back to summary</a></p><h3 id="m221">de.latlon.ets.wms13.core.dgiwg.testsuite.getcapabilities.interactive.GetCapabilitiesInEnglishLanguageTest#wmsCapabilitiesInEnglishLanguage</h3><table class="result"><tr class="param"><th>Parameter #1</th></tr><tr class="param stripe"><td>org.testng.TestRunner@2da59753</td></tr><tr><th>Exception</th></tr><tr><td><div class="stacktrace">org.testng.SkipException: Missing testresult!
	at de.latlon.ets.wms13.core.dgiwg.testsuite.getcapabilities.interactive.GetCapabilitiesInEnglishLanguageTest.wmsCapabilitiesInEnglishLanguage(GetCapabilitiesInEnglishLanguageTest.java:29)
	at sun.reflect.NativeMethodAccessorImpl.invoke0(Native Method)
	at sun.reflect.NativeMethodAccessorImpl.invoke(NativeMethodAccessorImpl.java:62)
	at sun.reflect.DelegatingMethodAccessorImpl.invoke(DelegatingMethodAccessorImpl.java:43)
	at java.lang.reflect.Method.invoke(Method.java:498)
	at org.testng.internal.MethodInvocationHelper.invokeMethod(MethodInvocationHelper.java:86)
	at org.testng.internal.Invoker.invokeMethod(Invoker.java:643)
	at org.testng.internal.Invoker.invokeTestMethod(Invoker.java:820)
	at org.testng.internal.Invoker.invokeTestMethods(Invoker.java:1128)
	at org.testng.internal.TestMethodWorker.invokeTestMethods(TestMethodWorker.java:129)
	at org.testng.internal.TestMethodWorker.run(TestMethodWorker.java:112)
	at org.testng.TestRunner.privateRun(TestRunner.java:782)
	at org.testng.TestRunner.run(TestRunner.java:632)
	at org.testng.SuiteRunner.runTest(SuiteRunner.java:366)
	at org.testng.SuiteRunner.runSequentially(SuiteRunner.java:361)
	at org.testng.SuiteRunner.privateRun(SuiteRunner.java:319)
	at org.testng.SuiteRunner.run(SuiteRunner.java:268)
	at org.testng.SuiteRunnerWorker.runSuite(SuiteRunnerWorker.java:52)
	at org.testng.SuiteRunnerWorker.run(SuiteRunnerWorker.java:86)
	at org.testng.TestNG.runSuitesSequentially(TestNG.java:1244)
	at org.testng.TestNG.runSuitesLocally(TestNG.java:1169)
	at org.testng.TestNG.run(TestNG.java:1064)
	at org.testng.remote.AbstractRemoteTestNG.run(AbstractRemoteTestNG.java:115)
	at org.testng.remote.RemoteTestNG.initAndRun(RemoteTestNG.java:251)
	at org.testng.remote.RemoteTestNG.main(RemoteTestNG.java:77)
</div></td></tr></table><p class="totop"><a href="#summary">back to summary</a></p><h3 id="m222">de.latlon.ets.wms13.core.dgiwg.testsuite.getfeatureinfo.GetFeatureInfoExceptionsTest#wmsGetFeatureInfoExceptionsWithValueOfHtml</h3><table class="result"></table><p class="totop"><a href="#summary">back to summary</a></p><h3 id="m223">de.latlon.ets.wms13.core.dgiwg.testsuite.getfeatureinfo.GetFeatureInfoExceptionsTest#wmsGetFeatureInfoExceptionsWithValueOfXml</h3><table class="result"></table><p class="totop"><a href="#summary">back to summary</a></p><h3 id="m224">de.latlon.ets.wms13.core.dgiwg.testsuite.getfeatureinfo.GetFeatureInfoFeatureCountTest#wmsGetFeatureInfoFeatureCountWithValueOfOne</h3><table class="result"></table><p class="totop"><a href="#summary">back to summary</a></p><h3 id="m225">de.latlon.ets.wms13.core.dgiwg.testsuite.getfeatureinfo.GetFeatureInfoFeatureCountTest#wmsGetFeatureInfoFeatureCountWithValueOfTen</h3><table class="result"></table><p class="totop"><a href="#summary">back to summary</a></p><h3 id="m226">de.latlon.ets.wms13.core.dgiwg.testsuite.getfeatureinfo.GetFeatureInfoOutputFormatTest#wmsCapabilitiesOutputFormatTextHtmlSupported</h3><table class="result"></table><p class="totop"><a href="#summary">back to summary</a></p><h3 id="m227">de.latlon.ets.wms13.core.dgiwg.testsuite.getfeatureinfo.GetFeatureInfoOutputFormatTest#wmsCapabilitiesOutputFormatTextXmlSupported</h3><table class="result"></table><p class="totop"><a href="#summary">back to summary</a></p><h3 id="m228">de.latlon.ets.wms13.core.dgiwg.testsuite.getfeatureinfo.GetFeatureInfoOutputFormatTest#wmsGetFeatureInfoOutputFormatTextHtmlSupported</h3><table class="result"><tr><th>Exception</th></tr><tr><td><div class="stacktrace">java.lang.Throwable: Method GetFeatureInfoOutputFormatTest.wmsGetFeatureInfoOutputFormatTextHtmlSupported()[pri:0, instance:de.latlon.ets.wms13.core.dgiwg.testsuite.getfeatureinfo.GetFeatureInfoOutputFormatTest@2a5c8d3f] depends on not successfully finished methods
	at org.testng.internal.Invoker.invokeTestMethods(Invoker.java:1037)
	at org.testng.internal.TestMethodWorker.invokeTestMethods(TestMethodWorker.java:129)
	at org.testng.internal.TestMethodWorker.run(TestMethodWorker.java:112)
	at org.testng.TestRunner.privateRun(TestRunner.java:782)
	at org.testng.TestRunner.run(TestRunner.java:632)
	at org.testng.SuiteRunner.runTest(SuiteRunner.java:366)
	at org.testng.SuiteRunner.runSequentially(SuiteRunner.java:361)
	at org.testng.SuiteRunner.privateRun(SuiteRunner.java:319)
	at org.testng.SuiteRunner.run(SuiteRunner.java:268)
	at org.testng.SuiteRunnerWorker.runSuite(SuiteRunnerWorker.java:52)
	at org.testng.SuiteRunnerWorker.run(SuiteRunnerWorker.java:86)
	at org.testng.TestNG.runSuitesSequentially(TestNG.java:1244)
	at org.testng.TestNG.runSuitesLocally(TestNG.java:1169)
	at org.testng.TestNG.run(TestNG.java:1064)
	at org.testng.remote.AbstractRemoteTestNG.run(AbstractRemoteTestNG.java:115)
	at org.testng.remote.RemoteTestNG.initAndRun(RemoteTestNG.java:251)
	at org.testng.remote.RemoteTestNG.main(RemoteTestNG.java:77)
</div></td></tr></table><p class="totop"><a href="#summary">back to summary</a></p><h3 id="m229">de.latlon.ets.wms13.core.dgiwg.testsuite.getfeatureinfo.GetFeatureInfoOutputFormatTest#wmsGetFeatureInfoOutputFormatTextXmlSupported</h3><table class="result"><tr><th>Exception</th></tr><tr><td><div class="stacktrace">java.lang.Throwable: Method GetFeatureInfoOutputFormatTest.wmsGetFeatureInfoOutputFormatTextXmlSupported()[pri:0, instance:de.latlon.ets.wms13.core.dgiwg.testsuite.getfeatureinfo.GetFeatureInfoOutputFormatTest@2a5c8d3f] depends on not successfully finished methods
	at org.testng.internal.Invoker.invokeTestMethods(Invoker.java:1037)
	at org.testng.internal.TestMethodWorker.invokeTestMethods(TestMethodWorker.java:129)
	at org.testng.internal.TestMethodWorker.run(TestMethodWorker.java:112)
	at org.testng.TestRunner.privateRun(TestRunner.java:782)
	at org.testng.TestRunner.run(TestRunner.java:632)
	at org.testng.SuiteRunner.runTest(SuiteRunner.java:366)
	at org.testng.SuiteRunner.runSequentially(SuiteRunner.java:361)
	at org.testng.SuiteRunner.privateRun(SuiteRunner.java:319)
	at org.testng.SuiteRunner.run(SuiteRunner.java:268)
	at org.testng.SuiteRunnerWorker.runSuite(SuiteRunnerWorker.java:52)
	at org.testng.SuiteRunnerWorker.run(SuiteRunnerWorker.java:86)
	at org.testng.TestNG.runSuitesSequentially(TestNG.java:1244)
	at org.testng.TestNG.runSuitesLocally(TestNG.java:1169)
	at org.testng.TestNG.run(TestNG.java:1064)
	at org.testng.remote.AbstractRemoteTestNG.run(AbstractRemoteTestNG.java:115)
	at org.testng.remote.RemoteTestNG.initAndRun(RemoteTestNG.java:251)
	at org.testng.remote.RemoteTestNG.main(RemoteTestNG.java:77)
</div></td></tr></table><p class="totop"><a href="#summary">back to summary</a></p><h3 id="m230">de.latlon.ets.wms13.core.dgiwg.testsuite.getfeatureinfo.GetFeatureInfoUomTest#wmsGetFeatureInfoInfoUnitOfMeasureOfDimensionalData</h3><table class="result"><tr><th>Exception</th></tr><tr><td><div class="stacktrace">java.lang.RuntimeException: java.lang.NullPointerException
	at org.testng.internal.MethodInvocationHelper.invokeDataProvider(MethodInvocationHelper.java:163)
	at org.testng.internal.Parameters.handleParameters(Parameters.java:430)
	at org.testng.internal.Invoker.handleParameters(Invoker.java:1274)
	at org.testng.internal.Invoker.createParameters(Invoker.java:989)
	at org.testng.internal.Invoker.invokeTestMethods(Invoker.java:1079)
	at org.testng.internal.TestMethodWorker.invokeTestMethods(TestMethodWorker.java:129)
	at org.testng.internal.TestMethodWorker.run(TestMethodWorker.java:112)
	at org.testng.TestRunner.privateRun(TestRunner.java:782)
	at org.testng.TestRunner.run(TestRunner.java:632)
	at org.testng.SuiteRunner.runTest(SuiteRunner.java:366)
	at org.testng.SuiteRunner.runSequentially(SuiteRunner.java:361)
	at org.testng.SuiteRunner.privateRun(SuiteRunner.java:319)
	at org.testng.SuiteRunner.run(SuiteRunner.java:268)
	at org.testng.SuiteRunnerWorker.runSuite(SuiteRunnerWorker.java:52)
	at org.testng.SuiteRunnerWorker.run(SuiteRunnerWorker.java:86)
	at org.testng.TestNG.runSuitesSequentially(TestNG.java:1244)
	at org.testng.TestNG.runSuitesLocally(TestNG.java:1169)
	at org.testng.TestNG.run(TestNG.java:1064)
	at org.testng.remote.AbstractRemoteTestNG.run(AbstractRemoteTestNG.java:115)
	at org.testng.remote.RemoteTestNG.initAndRun(RemoteTestNG.java:251)
	at org.testng.remote.RemoteTestNG.main(RemoteTestNG.java:77)
Caused by: java.lang.NullPointerException
	at de.latlon.ets.wms13.core.dgiwg.testsuite.getfeatureinfo.GetFeatureInfoUomTest.provideLayerInfoWithDimension(GetFeatureInfoUomTest.java:56)
	at sun.reflect.NativeMethodAccessorImpl.invoke0(Native Method)
	at sun.reflect.NativeMethodAccessorImpl.invoke(NativeMethodAccessorImpl.java:62)
	at sun.reflect.DelegatingMethodAccessorImpl.invoke(DelegatingMethodAccessorImpl.java:43)
	at java.lang.reflect.Method.invoke(Method.java:498)
	at org.testng.internal.MethodInvocationHelper.invokeMethod(MethodInvocationHelper.java:86)
	at org.testng.internal.MethodInvocationHelper.invokeDataProvider(MethodInvocationHelper.java:137)
	... 20 more
</div></td></tr></table><p class="totop"><a href="#summary">back to summary</a></p><h3 id="m231">de.latlon.ets.wms13.core.dgiwg.testsuite.getfeatureinfo.interactive.GetFeatureInfoExceptionInEnglishLanguageTest#getFeatureInfoExceptionInEnglishLanguage</h3><table class="result"><tr class="param"><th>Parameter #1</th></tr><tr class="param stripe"><td>org.testng.TestRunner@2da59753</td></tr><tr><th>Exception</th></tr><tr><td><div class="stacktrace">org.testng.SkipException: Missing testresult!
	at de.latlon.ets.wms13.core.dgiwg.testsuite.getfeatureinfo.interactive.GetFeatureInfoExceptionInEnglishLanguageTest.getFeatureInfoExceptionInEnglishLanguage(GetFeatureInfoExceptionInEnglishLanguageTest.java:29)
	at sun.reflect.NativeMethodAccessorImpl.invoke0(Native Method)
	at sun.reflect.NativeMethodAccessorImpl.invoke(NativeMethodAccessorImpl.java:62)
	at sun.reflect.DelegatingMethodAccessorImpl.invoke(DelegatingMethodAccessorImpl.java:43)
	at java.lang.reflect.Method.invoke(Method.java:498)
	at org.testng.internal.MethodInvocationHelper.invokeMethod(MethodInvocationHelper.java:86)
	at org.testng.internal.Invoker.invokeMethod(Invoker.java:643)
	at org.testng.internal.Invoker.invokeTestMethod(Invoker.java:820)
	at org.testng.internal.Invoker.invokeTestMethods(Invoker.java:1128)
	at org.testng.internal.TestMethodWorker.invokeTestMethods(TestMethodWorker.java:129)
	at org.testng.internal.TestMethodWorker.run(TestMethodWorker.java:112)
	at org.testng.TestRunner.privateRun(TestRunner.java:782)
	at org.testng.TestRunner.run(TestRunner.java:632)
	at org.testng.SuiteRunner.runTest(SuiteRunner.java:366)
	at org.testng.SuiteRunner.runSequentially(SuiteRunner.java:361)
	at org.testng.SuiteRunner.privateRun(SuiteRunner.java:319)
	at org.testng.SuiteRunner.run(SuiteRunner.java:268)
	at org.testng.SuiteRunnerWorker.runSuite(SuiteRunnerWorker.java:52)
	at org.testng.SuiteRunnerWorker.run(SuiteRunnerWorker.java:86)
	at org.testng.TestNG.runSuitesSequentially(TestNG.java:1244)
	at org.testng.TestNG.runSuitesLocally(TestNG.java:1169)
	at org.testng.TestNG.run(TestNG.java:1064)
	at org.testng.remote.AbstractRemoteTestNG.run(AbstractRemoteTestNG.java:115)
	at org.testng.remote.RemoteTestNG.initAndRun(RemoteTestNG.java:251)
	at org.testng.remote.RemoteTestNG.main(RemoteTestNG.java:77)
</div></td></tr></table><p class="totop"><a href="#summary">back to summary</a></p><h3 id="m232">de.latlon.ets.wms13.core.dgiwg.testsuite.getfeatureinfo.interactive.GetFeatureInfoInEnglishLanguageTest#featureInfoResponseInEnglishLanguage</h3><table class="result"><tr class="param"><th>Parameter #1</th></tr><tr class="param stripe"><td>org.testng.TestRunner@2da59753</td></tr><tr><th>Exception</th></tr><tr><td><div class="stacktrace">org.testng.SkipException: Missing testresult!
	at de.latlon.ets.wms13.core.dgiwg.testsuite.getfeatureinfo.interactive.GetFeatureInfoInEnglishLanguageTest.featureInfoResponseInEnglishLanguage(GetFeatureInfoInEnglishLanguageTest.java:29)
	at sun.reflect.NativeMethodAccessorImpl.invoke0(Native Method)
	at sun.reflect.NativeMethodAccessorImpl.invoke(NativeMethodAccessorImpl.java:62)
	at sun.reflect.DelegatingMethodAccessorImpl.invoke(DelegatingMethodAccessorImpl.java:43)
	at java.lang.reflect.Method.invoke(Method.java:498)
	at org.testng.internal.MethodInvocationHelper.invokeMethod(MethodInvocationHelper.java:86)
	at org.testng.internal.Invoker.invokeMethod(Invoker.java:643)
	at org.testng.internal.Invoker.invokeTestMethod(Invoker.java:820)
	at org.testng.internal.Invoker.invokeTestMethods(Invoker.java:1128)
	at org.testng.internal.TestMethodWorker.invokeTestMethods(TestMethodWorker.java:129)
	at org.testng.internal.TestMethodWorker.run(TestMethodWorker.java:112)
	at org.testng.TestRunner.privateRun(TestRunner.java:782)
	at org.testng.TestRunner.run(TestRunner.java:632)
	at org.testng.SuiteRunner.runTest(SuiteRunner.java:366)
	at org.testng.SuiteRunner.runSequentially(SuiteRunner.java:361)
	at org.testng.SuiteRunner.privateRun(SuiteRunner.java:319)
	at org.testng.SuiteRunner.run(SuiteRunner.java:268)
	at org.testng.SuiteRunnerWorker.runSuite(SuiteRunnerWorker.java:52)
	at org.testng.SuiteRunnerWorker.run(SuiteRunnerWorker.java:86)
	at org.testng.TestNG.runSuitesSequentially(TestNG.java:1244)
	at org.testng.TestNG.runSuitesLocally(TestNG.java:1169)
	at org.testng.TestNG.run(TestNG.java:1064)
	at org.testng.remote.AbstractRemoteTestNG.run(AbstractRemoteTestNG.java:115)
	at org.testng.remote.RemoteTestNG.initAndRun(RemoteTestNG.java:251)
	at org.testng.remote.RemoteTestNG.main(RemoteTestNG.java:77)
</div></td></tr></table><p class="totop"><a href="#summary">back to summary</a></p><h3 id="m233">de.latlon.ets.wms13.core.dgiwg.testsuite.getmap.GetMapBlankExceptionsTest#wmsGetMapBlankExceptionsSupported_TransparentFalse</h3><table class="result"><tr class="param"><th>Parameter #1</th></tr><tr class="param stripe"><td>org.testng.TestRunner@2da59753</td></tr></table><p class="totop"><a href="#summary">back to summary</a></p><h3 id="m234">de.latlon.ets.wms13.core.dgiwg.testsuite.getmap.GetMapBlankExceptionsTest#wmsGetMapBlankExceptionsSupported_TransparentTrue</h3><table class="result"><tr class="param"><th>Parameter #1</th></tr><tr class="param stripe"><td>org.testng.TestRunner@2da59753</td></tr></table><p class="totop"><a href="#summary">back to summary</a></p><h3 id="m235">de.latlon.ets.wms13.core.dgiwg.testsuite.getmap.GetMapDimensionsTest#wmsGetMapDimensionsSupported</h3><table class="result"><tr class="param"><th>Parameter #1</th></tr><tr class="param stripe"><td>org.testng.TestRunner@2da59753</td></tr></table><p class="totop"><a href="#summary">back to summary</a></p><h3 id="m236">de.latlon.ets.wms13.core.dgiwg.testsuite.getmap.GetMapInImageExceptionsTest#wmsGetMapInImageExceptionsSupported</h3><table class="result"><tr class="param"><th>Parameter #1</th></tr><tr class="param stripe"><td>org.testng.TestRunner@2da59753</td></tr></table><p class="totop"><a href="#summary">back to summary</a></p><h3 id="m237">de.latlon.ets.wms13.core.dgiwg.testsuite.getmap.GetMapLayerCrsTest#wmsGetMapLayerCrs_Conditional_Supported</h3><table class="result"><tr><th>Exception</th></tr><tr><td><div class="stacktrace">java.lang.RuntimeException: java.lang.NullPointerException
	at org.testng.internal.MethodInvocationHelper.invokeDataProvider(MethodInvocationHelper.java:163)
	at org.testng.internal.Parameters.handleParameters(Parameters.java:430)
	at org.testng.internal.Invoker.handleParameters(Invoker.java:1274)
	at org.testng.internal.Invoker.createParameters(Invoker.java:989)
	at org.testng.internal.Invoker.invokeTestMethods(Invoker.java:1079)
	at org.testng.internal.TestMethodWorker.invokeTestMethods(TestMethodWorker.java:129)
	at org.testng.internal.TestMethodWorker.run(TestMethodWorker.java:112)
	at org.testng.TestRunner.privateRun(TestRunner.java:782)
	at org.testng.TestRunner.run(TestRunner.java:632)
	at org.testng.SuiteRunner.runTest(SuiteRunner.java:366)
	at org.testng.SuiteRunner.runSequentially(SuiteRunner.java:361)
	at org.testng.SuiteRunner.privateRun(SuiteRunner.java:319)
	at org.testng.SuiteRunner.run(SuiteRunner.java:268)
	at org.testng.SuiteRunnerWorker.runSuite(SuiteRunnerWorker.java:52)
	at org.testng.SuiteRunnerWorker.run(SuiteRunnerWorker.java:86)
	at org.testng.TestNG.runSuitesSequentially(TestNG.java:1244)
	at org.testng.TestNG.runSuitesLocally(TestNG.java:1169)
	at org.testng.TestNG.run(TestNG.java:1064)
	at org.testng.remote.AbstractRemoteTestNG.run(AbstractRemoteTestNG.java:115)
	at org.testng.remote.RemoteTestNG.initAndRun(RemoteTestNG.java:251)
	at org.testng.remote.RemoteTestNG.main(RemoteTestNG.java:77)
Caused by: java.lang.NullPointerException
	at de.latlon.ets.wms13.core.dgiwg.testsuite.getmap.GetMapLayerCrsTest.parseLayerNodes(GetMapLayerCrsTest.java:48)
	at sun.reflect.NativeMethodAccessorImpl.invoke0(Native Method)
	at sun.reflect.NativeMethodAccessorImpl.invoke(NativeMethodAccessorImpl.java:62)
	at sun.reflect.DelegatingMethodAccessorImpl.invoke(DelegatingMethodAccessorImpl.java:43)
	at java.lang.reflect.Method.invoke(Method.java:498)
	at org.testng.internal.MethodInvocationHelper.invokeMethod(MethodInvocationHelper.java:86)
	at org.testng.internal.MethodInvocationHelper.invokeDataProvider(MethodInvocationHelper.java:137)
	... 20 more
</div></td></tr></table><p class="totop"><a href="#summary">back to summary</a></p><h3 id="m238">de.latlon.ets.wms13.core.dgiwg.testsuite.getmap.GetMapLayerCrsTest#wmsGetMapLayerCrs_Mandatory_CRS_84_Supported</h3><table class="result"><tr><th>Exception</th></tr><tr><td><div class="stacktrace">java.lang.RuntimeException: java.lang.NullPointerException
	at org.testng.internal.MethodInvocationHelper.invokeDataProvider(MethodInvocationHelper.java:163)
	at org.testng.internal.Parameters.handleParameters(Parameters.java:430)
	at org.testng.internal.Invoker.handleParameters(Invoker.java:1274)
	at org.testng.internal.Invoker.createParameters(Invoker.java:989)
	at org.testng.internal.Invoker.invokeTestMethods(Invoker.java:1079)
	at org.testng.internal.TestMethodWorker.invokeTestMethods(TestMethodWorker.java:129)
	at org.testng.internal.TestMethodWorker.run(TestMethodWorker.java:112)
	at org.testng.TestRunner.privateRun(TestRunner.java:782)
	at org.testng.TestRunner.run(TestRunner.java:632)
	at org.testng.SuiteRunner.runTest(SuiteRunner.java:366)
	at org.testng.SuiteRunner.runSequentially(SuiteRunner.java:361)
	at org.testng.SuiteRunner.privateRun(SuiteRunner.java:319)
	at org.testng.SuiteRunner.run(SuiteRunner.java:268)
	at org.testng.SuiteRunnerWorker.runSuite(SuiteRunnerWorker.java:52)
	at org.testng.SuiteRunnerWorker.run(SuiteRunnerWorker.java:86)
	at org.testng.TestNG.runSuitesSequentially(TestNG.java:1244)
	at org.testng.TestNG.runSuitesLocally(TestNG.java:1169)
	at org.testng.TestNG.run(TestNG.java:1064)
	at org.testng.remote.AbstractRemoteTestNG.run(AbstractRemoteTestNG.java:115)
	at org.testng.remote.RemoteTestNG.initAndRun(RemoteTestNG.java:251)
	at org.testng.remote.RemoteTestNG.main(RemoteTestNG.java:77)
Caused by: java.lang.NullPointerException
	at de.latlon.ets.wms13.core.dgiwg.testsuite.getmap.GetMapLayerCrsTest.parseLayerNodes(GetMapLayerCrsTest.java:48)
	at sun.reflect.NativeMethodAccessorImpl.invoke0(Native Method)
	at sun.reflect.NativeMethodAccessorImpl.invoke(NativeMethodAccessorImpl.java:62)
	at sun.reflect.DelegatingMethodAccessorImpl.invoke(DelegatingMethodAccessorImpl.java:43)
	at java.lang.reflect.Method.invoke(Method.java:498)
	at org.testng.internal.MethodInvocationHelper.invokeMethod(MethodInvocationHelper.java:86)
	at org.testng.internal.MethodInvocationHelper.invokeDataProvider(MethodInvocationHelper.java:137)
	... 20 more
</div></td></tr></table><p class="totop"><a href="#summary">back to summary</a></p><h3 id="m239">de.latlon.ets.wms13.core.dgiwg.testsuite.getmap.GetMapLayerCrsTest#wmsGetMapLayerCrs_Mandatory_EPSG_3395_Supported</h3><table class="result"><tr><th>Exception</th></tr><tr><td><div class="stacktrace">java.lang.RuntimeException: java.lang.NullPointerException
	at org.testng.internal.MethodInvocationHelper.invokeDataProvider(MethodInvocationHelper.java:163)
	at org.testng.internal.Parameters.handleParameters(Parameters.java:430)
	at org.testng.internal.Invoker.handleParameters(Invoker.java:1274)
	at org.testng.internal.Invoker.createParameters(Invoker.java:989)
	at org.testng.internal.Invoker.invokeTestMethods(Invoker.java:1079)
	at org.testng.internal.TestMethodWorker.invokeTestMethods(TestMethodWorker.java:129)
	at org.testng.internal.TestMethodWorker.run(TestMethodWorker.java:112)
	at org.testng.TestRunner.privateRun(TestRunner.java:782)
	at org.testng.TestRunner.run(TestRunner.java:632)
	at org.testng.SuiteRunner.runTest(SuiteRunner.java:366)
	at org.testng.SuiteRunner.runSequentially(SuiteRunner.java:361)
	at org.testng.SuiteRunner.privateRun(SuiteRunner.java:319)
	at org.testng.SuiteRunner.run(SuiteRunner.java:268)
	at org.testng.SuiteRunnerWorker.runSuite(SuiteRunnerWorker.java:52)
	at org.testng.SuiteRunnerWorker.run(SuiteRunnerWorker.java:86)
	at org.testng.TestNG.runSuitesSequentially(TestNG.java:1244)
	at org.testng.TestNG.runSuitesLocally(TestNG.java:1169)
	at org.testng.TestNG.run(TestNG.java:1064)
	at org.testng.remote.AbstractRemoteTestNG.run(AbstractRemoteTestNG.java:115)
	at org.testng.remote.RemoteTestNG.initAndRun(RemoteTestNG.java:251)
	at org.testng.remote.RemoteTestNG.main(RemoteTestNG.java:77)
Caused by: java.lang.NullPointerException
	at de.latlon.ets.wms13.core.dgiwg.testsuite.getmap.GetMapLayerCrsTest.parseLayerNodes(GetMapLayerCrsTest.java:48)
	at sun.reflect.NativeMethodAccessorImpl.invoke0(Native Method)
	at sun.reflect.NativeMethodAccessorImpl.invoke(NativeMethodAccessorImpl.java:62)
	at sun.reflect.DelegatingMethodAccessorImpl.invoke(DelegatingMethodAccessorImpl.java:43)
	at java.lang.reflect.Method.invoke(Method.java:498)
	at org.testng.internal.MethodInvocationHelper.invokeMethod(MethodInvocationHelper.java:86)
	at org.testng.internal.MethodInvocationHelper.invokeDataProvider(MethodInvocationHelper.java:137)
	... 20 more
</div></td></tr></table><p class="totop"><a href="#summary">back to summary</a></p><h3 id="m240">de.latlon.ets.wms13.core.dgiwg.testsuite.getmap.GetMapLayerCrsTest#wmsGetMapLayerCrs_Mandatory_EPSG_4326_Supported</h3><table class="result"><tr><th>Exception</th></tr><tr><td><div class="stacktrace">java.lang.RuntimeException: java.lang.NullPointerException
	at org.testng.internal.MethodInvocationHelper.invokeDataProvider(MethodInvocationHelper.java:163)
	at org.testng.internal.Parameters.handleParameters(Parameters.java:430)
	at org.testng.internal.Invoker.handleParameters(Invoker.java:1274)
	at org.testng.internal.Invoker.createParameters(Invoker.java:989)
	at org.testng.internal.Invoker.invokeTestMethods(Invoker.java:1079)
	at org.testng.internal.TestMethodWorker.invokeTestMethods(TestMethodWorker.java:129)
	at org.testng.internal.TestMethodWorker.run(TestMethodWorker.java:112)
	at org.testng.TestRunner.privateRun(TestRunner.java:782)
	at org.testng.TestRunner.run(TestRunner.java:632)
	at org.testng.SuiteRunner.runTest(SuiteRunner.java:366)
	at org.testng.SuiteRunner.runSequentially(SuiteRunner.java:361)
	at org.testng.SuiteRunner.privateRun(SuiteRunner.java:319)
	at org.testng.SuiteRunner.run(SuiteRunner.java:268)
	at org.testng.SuiteRunnerWorker.runSuite(SuiteRunnerWorker.java:52)
	at org.testng.SuiteRunnerWorker.run(SuiteRunnerWorker.java:86)
	at org.testng.TestNG.runSuitesSequentially(TestNG.java:1244)
	at org.testng.TestNG.runSuitesLocally(TestNG.java:1169)
	at org.testng.TestNG.run(TestNG.java:1064)
	at org.testng.remote.AbstractRemoteTestNG.run(AbstractRemoteTestNG.java:115)
	at org.testng.remote.RemoteTestNG.initAndRun(RemoteTestNG.java:251)
	at org.testng.remote.RemoteTestNG.main(RemoteTestNG.java:77)
Caused by: java.lang.NullPointerException
	at de.latlon.ets.wms13.core.dgiwg.testsuite.getmap.GetMapLayerCrsTest.parseLayerNodes(GetMapLayerCrsTest.java:48)
	at sun.reflect.NativeMethodAccessorImpl.invoke0(Native Method)
	at sun.reflect.NativeMethodAccessorImpl.invoke(NativeMethodAccessorImpl.java:62)
	at sun.reflect.DelegatingMethodAccessorImpl.invoke(DelegatingMethodAccessorImpl.java:43)
	at java.lang.reflect.Method.invoke(Method.java:498)
	at org.testng.internal.MethodInvocationHelper.invokeMethod(MethodInvocationHelper.java:86)
	at org.testng.internal.MethodInvocationHelper.invokeDataProvider(MethodInvocationHelper.java:137)
	... 20 more
</div></td></tr></table><p class="totop"><a href="#summary">back to summary</a></p><h3 id="m241">de.latlon.ets.wms13.core.dgiwg.testsuite.getmap.GetMapMultiDimensionalDataTest#wmsGetMapMultiDimensionalDataSupported_Elevation</h3><table class="result"><tr class="param"><th>Parameter #1</th></tr><tr class="param stripe"><td>org.testng.TestRunner@2da59753</td></tr></table><p class="totop"><a href="#summary">back to summary</a></p><h3 id="m242">de.latlon.ets.wms13.core.dgiwg.testsuite.getmap.GetMapMultiDimensionalDataTest#wmsGetMapMultiDimensionalDataSupported_Time</h3><table class="result"><tr class="param"><th>Parameter #1</th></tr><tr class="param stripe"><td>org.testng.TestRunner@2da59753</td></tr></table><p class="totop"><a href="#summary">back to summary</a></p><h3 id="m243">de.latlon.ets.wms13.core.dgiwg.testsuite.getmap.GetMapOutputFormatTest#wmsCapabilitiesOutputFormatImageGifSupported</h3><table class="result"></table><p class="totop"><a href="#summary">back to summary</a></p><h3 id="m244">de.latlon.ets.wms13.core.dgiwg.testsuite.getmap.GetMapOutputFormatTest#wmsCapabilitiesOutputFormatImageJpegSupported</h3><table class="result"></table><p class="totop"><a href="#summary">back to summary</a></p><h3 id="m245">de.latlon.ets.wms13.core.dgiwg.testsuite.getmap.GetMapOutputFormatTest#wmsCapabilitiesOutputFormatImagePngSupported</h3><table class="result"></table><p class="totop"><a href="#summary">back to summary</a></p><h3 id="m246">de.latlon.ets.wms13.core.dgiwg.testsuite.getmap.GetMapOutputFormatTest#wmsGetMapOutputFormatImageGifSupported</h3><table class="result"><tr><th>Exception</th></tr><tr><td><div class="stacktrace">java.lang.Throwable: Method GetMapOutputFormatTest.wmsGetMapOutputFormatImageGifSupported()[pri:0, instance:de.latlon.ets.wms13.core.dgiwg.testsuite.getmap.GetMapOutputFormatTest@74e52ef6] depends on not successfully finished methods
	at org.testng.internal.Invoker.invokeTestMethods(Invoker.java:1037)
	at org.testng.internal.TestMethodWorker.invokeTestMethods(TestMethodWorker.java:129)
	at org.testng.internal.TestMethodWorker.run(TestMethodWorker.java:112)
	at org.testng.TestRunner.privateRun(TestRunner.java:782)
	at org.testng.TestRunner.run(TestRunner.java:632)
	at org.testng.SuiteRunner.runTest(SuiteRunner.java:366)
	at org.testng.SuiteRunner.runSequentially(SuiteRunner.java:361)
	at org.testng.SuiteRunner.privateRun(SuiteRunner.java:319)
	at org.testng.SuiteRunner.run(SuiteRunner.java:268)
	at org.testng.SuiteRunnerWorker.runSuite(SuiteRunnerWorker.java:52)
	at org.testng.SuiteRunnerWorker.run(SuiteRunnerWorker.java:86)
	at org.testng.TestNG.runSuitesSequentially(TestNG.java:1244)
	at org.testng.TestNG.runSuitesLocally(TestNG.java:1169)
	at org.testng.TestNG.run(TestNG.java:1064)
	at org.testng.remote.AbstractRemoteTestNG.run(AbstractRemoteTestNG.java:115)
	at org.testng.remote.RemoteTestNG.initAndRun(RemoteTestNG.java:251)
	at org.testng.remote.RemoteTestNG.main(RemoteTestNG.java:77)
</div></td></tr></table><p class="totop"><a href="#summary">back to summary</a></p><h3 id="m247">de.latlon.ets.wms13.core.dgiwg.testsuite.getmap.GetMapOutputFormatTest#wmsGetMapOutputFormatImageJpegSupported</h3><table class="result"><tr><th>Exception</th></tr><tr><td><div class="stacktrace">java.lang.Throwable: Method GetMapOutputFormatTest.wmsGetMapOutputFormatImageJpegSupported()[pri:0, instance:de.latlon.ets.wms13.core.dgiwg.testsuite.getmap.GetMapOutputFormatTest@74e52ef6] depends on not successfully finished methods
	at org.testng.internal.Invoker.invokeTestMethods(Invoker.java:1037)
	at org.testng.internal.TestMethodWorker.invokeTestMethods(TestMethodWorker.java:129)
	at org.testng.internal.TestMethodWorker.run(TestMethodWorker.java:112)
	at org.testng.TestRunner.privateRun(TestRunner.java:782)
	at org.testng.TestRunner.run(TestRunner.java:632)
	at org.testng.SuiteRunner.runTest(SuiteRunner.java:366)
	at org.testng.SuiteRunner.runSequentially(SuiteRunner.java:361)
	at org.testng.SuiteRunner.privateRun(SuiteRunner.java:319)
	at org.testng.SuiteRunner.run(SuiteRunner.java:268)
	at org.testng.SuiteRunnerWorker.runSuite(SuiteRunnerWorker.java:52)
	at org.testng.SuiteRunnerWorker.run(SuiteRunnerWorker.java:86)
	at org.testng.TestNG.runSuitesSequentially(TestNG.java:1244)
	at org.testng.TestNG.runSuitesLocally(TestNG.java:1169)
	at org.testng.TestNG.run(TestNG.java:1064)
	at org.testng.remote.AbstractRemoteTestNG.run(AbstractRemoteTestNG.java:115)
	at org.testng.remote.RemoteTestNG.initAndRun(RemoteTestNG.java:251)
	at org.testng.remote.RemoteTestNG.main(RemoteTestNG.java:77)
</div></td></tr></table><p class="totop"><a href="#summary">back to summary</a></p><h3 id="m248">de.latlon.ets.wms13.core.dgiwg.testsuite.getmap.GetMapOutputFormatTest#wmsGetMapOutputFormatImagePngSupported</h3><table class="result"><tr><th>Exception</th></tr><tr><td><div class="stacktrace">java.lang.Throwable: Method GetMapOutputFormatTest.wmsGetMapOutputFormatImagePngSupported()[pri:0, instance:de.latlon.ets.wms13.core.dgiwg.testsuite.getmap.GetMapOutputFormatTest@74e52ef6] depends on not successfully finished methods
	at org.testng.internal.Invoker.invokeTestMethods(Invoker.java:1037)
	at org.testng.internal.TestMethodWorker.invokeTestMethods(TestMethodWorker.java:129)
	at org.testng.internal.TestMethodWorker.run(TestMethodWorker.java:112)
	at org.testng.TestRunner.privateRun(TestRunner.java:782)
	at org.testng.TestRunner.run(TestRunner.java:632)
	at org.testng.SuiteRunner.runTest(SuiteRunner.java:366)
	at org.testng.SuiteRunner.runSequentially(SuiteRunner.java:361)
	at org.testng.SuiteRunner.privateRun(SuiteRunner.java:319)
	at org.testng.SuiteRunner.run(SuiteRunner.java:268)
	at org.testng.SuiteRunnerWorker.runSuite(SuiteRunnerWorker.java:52)
	at org.testng.SuiteRunnerWorker.run(SuiteRunnerWorker.java:86)
	at org.testng.TestNG.runSuitesSequentially(TestNG.java:1244)
	at org.testng.TestNG.runSuitesLocally(TestNG.java:1169)
	at org.testng.TestNG.run(TestNG.java:1064)
	at org.testng.remote.AbstractRemoteTestNG.run(AbstractRemoteTestNG.java:115)
	at org.testng.remote.RemoteTestNG.initAndRun(RemoteTestNG.java:251)
	at org.testng.remote.RemoteTestNG.main(RemoteTestNG.java:77)
</div></td></tr></table><p class="totop"><a href="#summary">back to summary</a></p><h3 id="m249">de.latlon.ets.wms13.core.dgiwg.testsuite.getmap.GetMapRequestParametersTest#wmsGetMapRequestParametersSupported</h3><table class="result"><tr class="param"><th>Parameter #1</th></tr><tr class="param stripe"><td>org.testng.TestRunner@2da59753</td></tr></table><p class="totop"><a href="#summary">back to summary</a></p><h3 id="m250">de.latlon.ets.wms13.core.dgiwg.testsuite.getmap.GetMapTransparencyTest#wmsGetMapTransparencySupported_False</h3><table class="result"><tr class="param"><th>Parameter #1</th></tr><tr class="param stripe"><td>org.testng.TestRunner@2da59753</td></tr></table><p class="totop"><a href="#summary">back to summary</a></p><h3 id="m251">de.latlon.ets.wms13.core.dgiwg.testsuite.getmap.GetMapTransparencyTest#wmsGetMapTransparencySupported_True</h3><table class="result"><tr class="param"><th>Parameter #1</th></tr><tr class="param stripe"><td>org.testng.TestRunner@2da59753</td></tr></table><p class="totop"><a href="#summary">back to summary</a></p><h3 id="m252">de.latlon.ets.wms13.core.dgiwg.testsuite.getmap.interactive.GetMapExceptionInEnglishLanguageTest#getMapExceptionInEnglishLanguage</h3><table class="result"><tr class="param"><th>Parameter #1</th></tr><tr class="param stripe"><td>org.testng.TestRunner@2da59753</td></tr><tr><th>Exception</th></tr><tr><td><div class="stacktrace">org.testng.SkipException: Missing testresult!
	at de.latlon.ets.wms13.core.dgiwg.testsuite.getmap.interactive.GetMapExceptionInEnglishLanguageTest.getMapExceptionInEnglishLanguage(GetMapExceptionInEnglishLanguageTest.java:29)
	at sun.reflect.NativeMethodAccessorImpl.invoke0(Native Method)
	at sun.reflect.NativeMethodAccessorImpl.invoke(NativeMethodAccessorImpl.java:62)
	at sun.reflect.DelegatingMethodAccessorImpl.invoke(DelegatingMethodAccessorImpl.java:43)
	at java.lang.reflect.Method.invoke(Method.java:498)
	at org.testng.internal.MethodInvocationHelper.invokeMethod(MethodInvocationHelper.java:86)
	at org.testng.internal.Invoker.invokeMethod(Invoker.java:643)
	at org.testng.internal.Invoker.invokeTestMethod(Invoker.java:820)
	at org.testng.internal.Invoker.invokeTestMethods(Invoker.java:1128)
	at org.testng.internal.TestMethodWorker.invokeTestMethods(TestMethodWorker.java:129)
	at org.testng.internal.TestMethodWorker.run(TestMethodWorker.java:112)
	at org.testng.TestRunner.privateRun(TestRunner.java:782)
	at org.testng.TestRunner.run(TestRunner.java:632)
	at org.testng.SuiteRunner.runTest(SuiteRunner.java:366)
	at org.testng.SuiteRunner.runSequentially(SuiteRunner.java:361)
	at org.testng.SuiteRunner.privateRun(SuiteRunner.java:319)
	at org.testng.SuiteRunner.run(SuiteRunner.java:268)
	at org.testng.SuiteRunnerWorker.runSuite(SuiteRunnerWorker.java:52)
	at org.testng.SuiteRunnerWorker.run(SuiteRunnerWorker.java:86)
	at org.testng.TestNG.runSuitesSequentially(TestNG.java:1244)
	at org.testng.TestNG.runSuitesLocally(TestNG.java:1169)
	at org.testng.TestNG.run(TestNG.java:1064)
	at org.testng.remote.AbstractRemoteTestNG.run(AbstractRemoteTestNG.java:115)
	at org.testng.remote.RemoteTestNG.initAndRun(RemoteTestNG.java:251)
	at org.testng.remote.RemoteTestNG.main(RemoteTestNG.java:77)
</div></td></tr></table><p class="totop"><a href="#summary">back to summary</a></p></body></html>